<?xml version="1.0" encoding="UTF-8"?>
<!-- Generated by org.testng.reporters.JUnitXMLReporter -->
<testsuite ignored="0" hostname="QA-Scheduler" failures="2" tests="8" name="Test" time="73.557" errors="0" timestamp="31 Oct 2018 12:32:13 GMT">
  <testcase classname="com.localassessment.Question_Bank_Apply_Standards" name="TCED16201" time="5.751"/>
  <testcase classname="com.localassessment.Question_Bank_Apply_Standards" name="TCED16202" time="6.693"/>
  <testcase classname="com.localassessment.Question_Bank_Apply_Standards" name="TCED16203" time="0.468"/>
  <testcase classname="com.localassessment.Question_Bank_Apply_Standards" name="TCED16204" time="1.772"/>
  <testcase classname="com.localassessment.Question_Bank_Apply_Standards" name="TCED16205" time="7.077">
    <failure type="java.lang.AssertionError" message="Assigned standard not found expected [true] but found [false]">
      <![CDATA[java.lang.AssertionError: Assigned standard not found expected [true] but found [false]
at com.localassessment.Question_Bank_Apply_Standards.TCED16205(Question_Bank_Apply_Standards.java:196)
... Removed 31 stack frames]]>
    </failure>
  </testcase> <!-- TCED16205 -->
  <testcase classname="com.localassessment.Question_Bank_Apply_Standards" name="TCED16206" time="20.254">
    <failure type="java.lang.AssertionError" message="Timeout during waiting for element: &amp;apos;//a[contains(text(),&amp;apos;Question Bank&amp;apos;)]&amp;apos;">
      <![CDATA[java.lang.AssertionError: Timeout during waiting for element: '//a[contains(text(),'Question Bank')]'
at Library.BaseClassOne.waitFor(BaseClassOne.java:273)
at Library.BaseClassOne.click(BaseClassOne.java:185)
at com.localassessment.Question_Bank_Apply_Standards.TCED16206(Question_Bank_Apply_Standards.java:218)
... Removed 28 stack frames]]>
    </failure>
  </testcase> <!-- TCED16206 -->
  <testcase classname="com.localassessment.Question_Bank_Apply_Standards" name="TCED16207" time="16.02"/>
  <testcase classname="com.localassessment.Question_Bank_Apply_Standards" name="TCED16208" time="9.959"/>
</testsuite> <!-- Test -->
