<html>
<head>
<title>TestNG:  Test</title>
<link href="../testng.css" rel="stylesheet" type="text/css" />
<link href="../my-testng.css" rel="stylesheet" type="text/css" />

<style type="text/css">
.log { display: none;} 
.stack-trace { display: none;} 
</style>
<script type="text/javascript">
<!--
function flip(e) {
  current = e.style.display;
  if (current == 'block') {
    e.style.display = 'none';
    return 0;
  }
  else {
    e.style.display = 'block';
    return 1;
  }
}

function toggleBox(szDivId, elem, msg1, msg2)
{
  var res = -1;  if (document.getElementById) {
    res = flip(document.getElementById(szDivId));
  }
  else if (document.all) {
    // this is the way old msie versions work
    res = flip(document.all[szDivId]);
  }
  if(elem) {
    if(res == 0) elem.innerHTML = msg1; else elem.innerHTML = msg2;
  }

}

function toggleAllBoxes() {
  if (document.getElementsByTagName) {
    d = document.getElementsByTagName('div');
    for (i = 0; i < d.length; i++) {
      if (d[i].className == 'log') {
        flip(d[i]);
      }
    }
  }
}

// -->
</script>

</head>
<body>
<h2 align='center'>Test</h2><table border='1' align="center">
<tr>
<<<<<<< HEAD
<td>Tests passed/Failed/Skipped:</td><td>6/2/0</td>
</tr><tr>
<td>Started on:</td><td>Wed Oct 31 18:01:00 IST 2018</td>
</tr>
<tr><td>Total time:</td><td>73 seconds (73557 ms)</td>
=======
<td>Tests passed/Failed/Skipped:</td><td>8/0/0</td>
</tr><tr>
<td>Started on:</td><td>Wed Oct 31 17:50:06 IST 2018</td>
</tr>
<tr><td>Total time:</td><td>104 seconds (104401 ms)</td>
>>>>>>> 843e4f0764a67c2d23102d183f8c51790065e09a
</tr><tr>
<td>Included groups:</td><td></td>
</tr><tr>
<td>Excluded groups:</td><td></td>
</tr>
</table><p/>
<small><i>(Hover the method name to see the test class name)</i></small><p/>
<<<<<<< HEAD
<table width='100%' border='1' class='invocation-failed'>
<tr><td colspan='4' align='center'><b>FAILED TESTS</b></td></tr>
<tr><td><b>Test method</b></td>
<td width="30%"><b>Exception</b></td>
<td width="10%"><b>Time (seconds)</b></td>
<td><b>Instance</b></td>
</tr>
<tr>
<td title='com.localassessment.Question_Bank_Apply_Standards.TCED16205()'><b>TCED16205</b><br>Test class: com.localassessment.Question_Bank_Apply_Standards</td>
<td><div><pre>java.lang.AssertionError: Assigned standard not found expected [true] but found [false]
	at com.localassessment.Question_Bank_Apply_Standards.TCED16205(Question_Bank_Apply_Standards.java:196)
... Removed 31 stack frames</pre></div><a href='#' onClick='toggleBox("stack-trace1255445356", this, "Click to show all stack frames", "Click to hide stack frames")'>Click to show all stack frames</a>
<div class='stack-trace' id='stack-trace1255445356'><pre>java.lang.AssertionError: Assigned standard not found expected [true] but found [false]
	at org.testng.Assert.fail(Assert.java:96)
	at org.testng.Assert.failNotEquals(Assert.java:776)
	at org.testng.Assert.assertTrue(Assert.java:44)
	at com.localassessment.Question_Bank_Apply_Standards.TCED16205(Question_Bank_Apply_Standards.java:196)
	at java.base/jdk.internal.reflect.NativeMethodAccessorImpl.invoke0(Native Method)
	at java.base/jdk.internal.reflect.NativeMethodAccessorImpl.invoke(NativeMethodAccessorImpl.java:62)
	at java.base/jdk.internal.reflect.DelegatingMethodAccessorImpl.invoke(DelegatingMethodAccessorImpl.java:43)
	at java.base/java.lang.reflect.Method.invoke(Method.java:564)
	at org.testng.internal.MethodInvocationHelper.invokeMethod(MethodInvocationHelper.java:124)
	at org.testng.internal.Invoker.invokeMethod(Invoker.java:580)
	at org.testng.internal.Invoker.invokeTestMethod(Invoker.java:716)
	at org.testng.internal.Invoker.invokeTestMethods(Invoker.java:988)
	at org.testng.internal.TestMethodWorker.invokeTestMethods(TestMethodWorker.java:125)
	at org.testng.internal.TestMethodWorker.run(TestMethodWorker.java:109)
	at org.testng.TestRunner.privateRun(TestRunner.java:648)
	at org.testng.TestRunner.run(TestRunner.java:505)
	at org.testng.SuiteRunner.runTest(SuiteRunner.java:455)
	at org.testng.SuiteRunner.runSequentially(SuiteRunner.java:450)
	at org.testng.SuiteRunner.privateRun(SuiteRunner.java:415)
	at org.testng.SuiteRunner.run(SuiteRunner.java:364)
	at org.testng.SuiteRunnerWorker.runSuite(SuiteRunnerWorker.java:52)
	at org.testng.SuiteRunnerWorker.run(SuiteRunnerWorker.java:84)
	at org.testng.TestNG.runSuitesSequentially(TestNG.java:1208)
	at org.testng.TestNG.runSuitesLocally(TestNG.java:1137)
	at org.testng.TestNG.runSuites(TestNG.java:1049)
	at org.testng.TestNG.run(TestNG.java:1017)
	at org.apache.maven.surefire.testng.TestNGExecutor.run(TestNGExecutor.java:295)
	at org.apache.maven.surefire.testng.TestNGXmlTestSuite.execute(TestNGXmlTestSuite.java:84)
	at org.apache.maven.surefire.testng.TestNGProvider.invoke(TestNGProvider.java:90)
	at org.apache.maven.surefire.booter.ForkedBooter.invokeProviderInSameClassLoader(ForkedBooter.java:203)
	at org.apache.maven.surefire.booter.ForkedBooter.runSuitesInProcess(ForkedBooter.java:155)
	at org.apache.maven.surefire.booter.ForkedBooter.main(ForkedBooter.java:103)
</pre></div></td>
<td>7</td>
<td>com.localassessment.Question_Bank_Apply_Standards@31e5415e</td></tr>
<tr>
<td title='com.localassessment.Question_Bank_Apply_Standards.TCED16206()'><b>TCED16206</b><br>Test class: com.localassessment.Question_Bank_Apply_Standards</td>
<td><div><pre>java.lang.AssertionError: Timeout during waiting for element: &apos;//a[contains(text(),&apos;Question Bank&apos;)]&apos;
	at Library.BaseClassOne.waitFor(BaseClassOne.java:273)
	at Library.BaseClassOne.click(BaseClassOne.java:185)
	at com.localassessment.Question_Bank_Apply_Standards.TCED16206(Question_Bank_Apply_Standards.java:218)
... Removed 28 stack frames</pre></div><a href='#' onClick='toggleBox("stack-trace1533972343", this, "Click to show all stack frames", "Click to hide stack frames")'>Click to show all stack frames</a>
<div class='stack-trace' id='stack-trace1533972343'><pre>java.lang.AssertionError: Timeout during waiting for element: &apos;//a[contains(text(),&apos;Question Bank&apos;)]&apos;
	at Library.BaseClassOne.waitFor(BaseClassOne.java:273)
	at Library.BaseClassOne.click(BaseClassOne.java:185)
	at com.localassessment.Question_Bank_Apply_Standards.TCED16206(Question_Bank_Apply_Standards.java:218)
	at java.base/jdk.internal.reflect.NativeMethodAccessorImpl.invoke0(Native Method)
	at java.base/jdk.internal.reflect.NativeMethodAccessorImpl.invoke(NativeMethodAccessorImpl.java:62)
	at java.base/jdk.internal.reflect.DelegatingMethodAccessorImpl.invoke(DelegatingMethodAccessorImpl.java:43)
	at java.base/java.lang.reflect.Method.invoke(Method.java:564)
	at org.testng.internal.MethodInvocationHelper.invokeMethod(MethodInvocationHelper.java:124)
	at org.testng.internal.Invoker.invokeMethod(Invoker.java:580)
	at org.testng.internal.Invoker.invokeTestMethod(Invoker.java:716)
	at org.testng.internal.Invoker.invokeTestMethods(Invoker.java:988)
	at org.testng.internal.TestMethodWorker.invokeTestMethods(TestMethodWorker.java:125)
	at org.testng.internal.TestMethodWorker.run(TestMethodWorker.java:109)
	at org.testng.TestRunner.privateRun(TestRunner.java:648)
	at org.testng.TestRunner.run(TestRunner.java:505)
	at org.testng.SuiteRunner.runTest(SuiteRunner.java:455)
	at org.testng.SuiteRunner.runSequentially(SuiteRunner.java:450)
	at org.testng.SuiteRunner.privateRun(SuiteRunner.java:415)
	at org.testng.SuiteRunner.run(SuiteRunner.java:364)
	at org.testng.SuiteRunnerWorker.runSuite(SuiteRunnerWorker.java:52)
	at org.testng.SuiteRunnerWorker.run(SuiteRunnerWorker.java:84)
	at org.testng.TestNG.runSuitesSequentially(TestNG.java:1208)
	at org.testng.TestNG.runSuitesLocally(TestNG.java:1137)
	at org.testng.TestNG.runSuites(TestNG.java:1049)
	at org.testng.TestNG.run(TestNG.java:1017)
	at org.apache.maven.surefire.testng.TestNGExecutor.run(TestNGExecutor.java:295)
	at org.apache.maven.surefire.testng.TestNGXmlTestSuite.execute(TestNGXmlTestSuite.java:84)
	at org.apache.maven.surefire.testng.TestNGProvider.invoke(TestNGProvider.java:90)
	at org.apache.maven.surefire.booter.ForkedBooter.invokeProviderInSameClassLoader(ForkedBooter.java:203)
	at org.apache.maven.surefire.booter.ForkedBooter.runSuitesInProcess(ForkedBooter.java:155)
	at org.apache.maven.surefire.booter.ForkedBooter.main(ForkedBooter.java:103)
</pre></div></td>
<td>20</td>
<td>com.localassessment.Question_Bank_Apply_Standards@31e5415e</td></tr>
</table><p>
=======
>>>>>>> 843e4f0764a67c2d23102d183f8c51790065e09a
<table width='100%' border='1' class='invocation-passed'>
<tr><td colspan='4' align='center'><b>PASSED TESTS</b></td></tr>
<tr><td><b>Test method</b></td>
<td width="30%"><b>Exception</b></td>
<td width="10%"><b>Time (seconds)</b></td>
<td><b>Instance</b></td>
</tr>
<tr>
<td title='com.localassessment.Question_Bank_Apply_Standards.TCED16201()'><b>TCED16201</b><br>Test class: com.localassessment.Question_Bank_Apply_Standards</td>
<td></td>
<<<<<<< HEAD
<td>5</td>
<td>com.localassessment.Question_Bank_Apply_Standards@31e5415e</td></tr>
<tr>
<td title='com.localassessment.Question_Bank_Apply_Standards.TCED16202()'><b>TCED16202</b><br>Test class: com.localassessment.Question_Bank_Apply_Standards</td>
<td></td>
<td>6</td>
<td>com.localassessment.Question_Bank_Apply_Standards@31e5415e</td></tr>
<tr>
<td title='com.localassessment.Question_Bank_Apply_Standards.TCED16203()'><b>TCED16203</b><br>Test class: com.localassessment.Question_Bank_Apply_Standards</td>
<td></td>
<td>0</td>
<td>com.localassessment.Question_Bank_Apply_Standards@31e5415e</td></tr>
<tr>
<td title='com.localassessment.Question_Bank_Apply_Standards.TCED16204()'><b>TCED16204</b><br>Test class: com.localassessment.Question_Bank_Apply_Standards</td>
<td></td>
<td>1</td>
<td>com.localassessment.Question_Bank_Apply_Standards@31e5415e</td></tr>
<tr>
<td title='com.localassessment.Question_Bank_Apply_Standards.TCED16207()'><b>TCED16207</b><br>Test class: com.localassessment.Question_Bank_Apply_Standards</td>
<td></td>
<td>16</td>
<td>com.localassessment.Question_Bank_Apply_Standards@31e5415e</td></tr>
<tr>
<td title='com.localassessment.Question_Bank_Apply_Standards.TCED16208()'><b>TCED16208</b><br>Test class: com.localassessment.Question_Bank_Apply_Standards</td>
<td></td>
<td>9</td>
<td>com.localassessment.Question_Bank_Apply_Standards@31e5415e</td></tr>
=======
<td>6</td>
<td>com.localassessment.Question_Bank_Apply_Standards@704a52ec</td></tr>
<tr>
<td title='com.localassessment.Question_Bank_Apply_Standards.TCED16202()'><b>TCED16202</b><br>Test class: com.localassessment.Question_Bank_Apply_Standards</td>
<td></td>
<td>14</td>
<td>com.localassessment.Question_Bank_Apply_Standards@704a52ec</td></tr>
<tr>
<td title='com.localassessment.Question_Bank_Apply_Standards.TCED16203()'><b>TCED16203</b><br>Test class: com.localassessment.Question_Bank_Apply_Standards</td>
<td></td>
<td>1</td>
<td>com.localassessment.Question_Bank_Apply_Standards@704a52ec</td></tr>
<tr>
<td title='com.localassessment.Question_Bank_Apply_Standards.TCED16204()'><b>TCED16204</b><br>Test class: com.localassessment.Question_Bank_Apply_Standards</td>
<td></td>
<td>5</td>
<td>com.localassessment.Question_Bank_Apply_Standards@704a52ec</td></tr>
<tr>
<td title='com.localassessment.Question_Bank_Apply_Standards.TCED16205()'><b>TCED16205</b><br>Test class: com.localassessment.Question_Bank_Apply_Standards</td>
<td></td>
<td>14</td>
<td>com.localassessment.Question_Bank_Apply_Standards@704a52ec</td></tr>
<tr>
<td title='com.localassessment.Question_Bank_Apply_Standards.TCED16206()'><b>TCED16206</b><br>Test class: com.localassessment.Question_Bank_Apply_Standards</td>
<td></td>
<td>17</td>
<td>com.localassessment.Question_Bank_Apply_Standards@704a52ec</td></tr>
<tr>
<td title='com.localassessment.Question_Bank_Apply_Standards.TCED16207()'><b>TCED16207</b><br>Test class: com.localassessment.Question_Bank_Apply_Standards</td>
<td></td>
<td>19</td>
<td>com.localassessment.Question_Bank_Apply_Standards@704a52ec</td></tr>
<tr>
<td title='com.localassessment.Question_Bank_Apply_Standards.TCED16208()'><b>TCED16208</b><br>Test class: com.localassessment.Question_Bank_Apply_Standards</td>
<td></td>
<td>14</td>
<td>com.localassessment.Question_Bank_Apply_Standards@704a52ec</td></tr>
>>>>>>> 843e4f0764a67c2d23102d183f8c51790065e09a
</table><p>
</body>
</html>