<?xml version="1.0" encoding="UTF-8"?>
<!-- Generated by org.testng.reporters.JUnitXMLReporter -->
<<<<<<< HEAD
<testsuite ignored="0" hostname="QA-Scheduler" failures="1" tests="13" name="Test" time="235.061" errors="0" timestamp="31 Oct 2018 12:48:28 GMT">
  <testcase classname="com.curriculum.Edit_Curriculum" name="TCED29201" time="6.818"/>
  <testcase classname="com.curriculum.Edit_Curriculum" name="TCED29202" time="0.933"/>
  <testcase classname="com.curriculum.Edit_Curriculum" name="TCED29203" time="12.511"/>
  <testcase classname="com.curriculum.Edit_Curriculum" name="TCED29204" time="13.468"/>
  <testcase classname="com.curriculum.Edit_Curriculum" name="TCED29205" time="15.162"/>
  <testcase classname="com.curriculum.Edit_Curriculum" name="TCED29206" time="23.18"/>
  <testcase classname="com.curriculum.Edit_Curriculum" name="TCED29207" time="23.589"/>
  <testcase classname="com.curriculum.Edit_Curriculum" name="TCED29208" time="9.265"/>
  <testcase classname="com.curriculum.Edit_Curriculum" name="TCED29209" time="9.283"/>
  <testcase classname="com.curriculum.Edit_Curriculum" name="TCED29210" time="9.36"/>
  <testcase classname="com.curriculum.Edit_Curriculum" name="TCED29211" time="1.045"/>
  <testcase classname="com.curriculum.Edit_Curriculum" name="TCED29212" time="4.264"/>
  <testcase classname="com.curriculum.Edit_Curriculum" name="TCED29213" time="28.545">
=======
<testsuite hostname="Vofox-Sebastian" ignored="0" name="Test" tests="13" failures="1" timestamp="31 Oct 2018 12:39:51 GMT" time="195.43" errors="0">
  <testcase name="TCED29201" time="13.647" classname="com.curriculum.Edit_Curriculum"/>
  <testcase name="TCED29202" time="1.646" classname="com.curriculum.Edit_Curriculum"/>
  <testcase name="TCED29203" time="13.632" classname="com.curriculum.Edit_Curriculum"/>
  <testcase name="TCED29204" time="14.694" classname="com.curriculum.Edit_Curriculum"/>
  <testcase name="TCED29205" time="16.824" classname="com.curriculum.Edit_Curriculum"/>
  <testcase name="TCED29206" time="23.88" classname="com.curriculum.Edit_Curriculum"/>
  <testcase name="TCED29207" time="24.348" classname="com.curriculum.Edit_Curriculum"/>
  <testcase name="TCED29208" time="11.581" classname="com.curriculum.Edit_Curriculum"/>
  <testcase name="TCED29209" time="10.697" classname="com.curriculum.Edit_Curriculum"/>
  <testcase name="TCED29210" time="10.287" classname="com.curriculum.Edit_Curriculum"/>
  <testcase name="TCED29211" time="1.422" classname="com.curriculum.Edit_Curriculum"/>
  <testcase name="TCED29212" time="6.172" classname="com.curriculum.Edit_Curriculum"/>
  <testcase name="TCED29213" time="33.835" classname="com.curriculum.Edit_Curriculum">
>>>>>>> 843e4f0764a67c2d23102d183f8c51790065e09a
    <failure type="java.lang.AssertionError" message="Could not find any element matching &amp;apos;//*[@id=&amp;apos;table1&amp;apos;]/table/tbody/tr/td[1]/table/tbody/tr[18]/td/a&amp;apos;">
      <![CDATA[java.lang.AssertionError: Could not find any element matching '//*[@id='table1']/table/tbody/tr/td[1]/table/tbody/tr[18]/td/a'
at Library.BaseClassOne.find(BaseClassOne.java:221)
at Library.BaseClassOne.getText(BaseClassOne.java:391)
at Library.BaseClassOne.getText(BaseClassOne.java:341)
at com.curriculum.Edit_Curriculum.TCED29213(Edit_Curriculum.java:1055)
... Removed 28 stack frames]]>
    </failure>
  </testcase> <!-- TCED29213 -->
</testsuite> <!-- Test -->
