<html>
<head>
<title>TestNG:  Test</title>
<link href="../testng.css" rel="stylesheet" type="text/css" />
<link href="../my-testng.css" rel="stylesheet" type="text/css" />

<style type="text/css">
.log { display: none;} 
.stack-trace { display: none;} 
</style>
<script type="text/javascript">
<!--
function flip(e) {
  current = e.style.display;
  if (current == 'block') {
    e.style.display = 'none';
    return 0;
  }
  else {
    e.style.display = 'block';
    return 1;
  }
}

function toggleBox(szDivId, elem, msg1, msg2)
{
  var res = -1;  if (document.getElementById) {
    res = flip(document.getElementById(szDivId));
  }
  else if (document.all) {
    // this is the way old msie versions work
    res = flip(document.all[szDivId]);
  }
  if(elem) {
    if(res == 0) elem.innerHTML = msg1; else elem.innerHTML = msg2;
  }

}

function toggleAllBoxes() {
  if (document.getElementsByTagName) {
    d = document.getElementsByTagName('div');
    for (i = 0; i < d.length; i++) {
      if (d[i].className == 'log') {
        flip(d[i]);
      }
    }
  }
}

// -->
</script>

</head>
<body>
<h2 align='center'>Test</h2><table border='1' align="center">
<tr>
<td>Tests passed/Failed/Skipped:</td><td>12/1/0</td>
</tr><tr>
<td>Started on:</td><td>Wed Oct 31 18:06:35 IST 2018</td>
</tr>
<tr><td>Total time:</td><td>195 seconds (195430 ms)</td>
</tr><tr>
<td>Included groups:</td><td></td>
</tr><tr>
<td>Excluded groups:</td><td></td>
</tr>
</table><p/>
<small><i>(Hover the method name to see the test class name)</i></small><p/>
<table width='100%' border='1' class='invocation-failed'>
<tr><td colspan='4' align='center'><b>FAILED TESTS</b></td></tr>
<tr><td><b>Test method</b></td>
<td width="30%"><b>Exception</b></td>
<td width="10%"><b>Time (seconds)</b></td>
<td><b>Instance</b></td>
</tr>
<tr>
<td title='com.curriculum.Edit_Curriculum.TCED29213()'><b>TCED29213</b><br>Test class: com.curriculum.Edit_Curriculum</td>
<td><div><pre>java.lang.AssertionError: Could not find any element matching &apos;//*[@id=&apos;table1&apos;]/table/tbody/tr/td[1]/table/tbody/tr[18]/td/a&apos;
	at Library.BaseClassOne.find(BaseClassOne.java:221)
	at Library.BaseClassOne.getText(BaseClassOne.java:391)
	at Library.BaseClassOne.getText(BaseClassOne.java:341)
	at com.curriculum.Edit_Curriculum.TCED29213(Edit_Curriculum.java:1055)
... Removed 28 stack frames</pre></div><a href='#' onClick='toggleBox("stack-trace1860886124", this, "Click to show all stack frames", "Click to hide stack frames")'>Click to show all stack frames</a>
<div class='stack-trace' id='stack-trace1860886124'><pre>java.lang.AssertionError: Could not find any element matching &apos;//*[@id=&apos;table1&apos;]/table/tbody/tr/td[1]/table/tbody/tr[18]/td/a&apos;
	at Library.BaseClassOne.find(BaseClassOne.java:221)
	at Library.BaseClassOne.getText(BaseClassOne.java:391)
	at Library.BaseClassOne.getText(BaseClassOne.java:341)
	at com.curriculum.Edit_Curriculum.TCED29213(Edit_Curriculum.java:1055)
	at sun.reflect.NativeMethodAccessorImpl.invoke0(Native Method)
	at sun.reflect.NativeMethodAccessorImpl.invoke(NativeMethodAccessorImpl.java:62)
	at sun.reflect.DelegatingMethodAccessorImpl.invoke(DelegatingMethodAccessorImpl.java:43)
	at java.lang.reflect.Method.invoke(Method.java:498)
	at org.testng.internal.MethodInvocationHelper.invokeMethod(MethodInvocationHelper.java:124)
	at org.testng.internal.Invoker.invokeMethod(Invoker.java:580)
	at org.testng.internal.Invoker.invokeTestMethod(Invoker.java:716)
	at org.testng.internal.Invoker.invokeTestMethods(Invoker.java:988)
	at org.testng.internal.TestMethodWorker.invokeTestMethods(TestMethodWorker.java:125)
	at org.testng.internal.TestMethodWorker.run(TestMethodWorker.java:109)
	at org.testng.TestRunner.privateRun(TestRunner.java:648)
	at org.testng.TestRunner.run(TestRunner.java:505)
	at org.testng.SuiteRunner.runTest(SuiteRunner.java:455)
	at org.testng.SuiteRunner.runSequentially(SuiteRunner.java:450)
	at org.testng.SuiteRunner.privateRun(SuiteRunner.java:415)
	at org.testng.SuiteRunner.run(SuiteRunner.java:364)
	at org.testng.SuiteRunnerWorker.runSuite(SuiteRunnerWorker.java:52)
	at org.testng.SuiteRunnerWorker.run(SuiteRunnerWorker.java:84)
	at org.testng.TestNG.runSuitesSequentially(TestNG.java:1208)
	at org.testng.TestNG.runSuitesLocally(TestNG.java:1137)
	at org.testng.TestNG.runSuites(TestNG.java:1049)
	at org.testng.TestNG.run(TestNG.java:1017)
	at org.apache.maven.surefire.testng.TestNGExecutor.run(TestNGExecutor.java:295)
	at org.apache.maven.surefire.testng.TestNGXmlTestSuite.execute(TestNGXmlTestSuite.java:84)
	at org.apache.maven.surefire.testng.TestNGProvider.invoke(TestNGProvider.java:90)
	at org.apache.maven.surefire.booter.ForkedBooter.invokeProviderInSameClassLoader(ForkedBooter.java:203)
	at org.apache.maven.surefire.booter.ForkedBooter.runSuitesInProcess(ForkedBooter.java:155)
	at org.apache.maven.surefire.booter.ForkedBooter.main(ForkedBooter.java:103)
</pre></div></td>
<td>33</td>
<td>com.curriculum.Edit_Curriculum@ed9d034</td></tr>
</table><p>
<table width='100%' border='1' class='invocation-passed'>
<tr><td colspan='4' align='center'><b>PASSED TESTS</b></td></tr>
<tr><td><b>Test method</b></td>
<td width="30%"><b>Exception</b></td>
<td width="10%"><b>Time (seconds)</b></td>
<td><b>Instance</b></td>
</tr>
<tr>
<td title='com.curriculum.Edit_Curriculum.TCED29201()'><b>TCED29201</b><br>Test class: com.curriculum.Edit_Curriculum</td>
<td></td>
<td>13</td>
<td>com.curriculum.Edit_Curriculum@ed9d034</td></tr>
<tr>
<td title='com.curriculum.Edit_Curriculum.TCED29202()'><b>TCED29202</b><br>Test class: com.curriculum.Edit_Curriculum</td>
<td></td>
<td>1</td>
<td>com.curriculum.Edit_Curriculum@ed9d034</td></tr>
<tr>
<td title='com.curriculum.Edit_Curriculum.TCED29203()'><b>TCED29203</b><br>Test class: com.curriculum.Edit_Curriculum</td>
<td></td>
<td>13</td>
<td>com.curriculum.Edit_Curriculum@ed9d034</td></tr>
<tr>
<td title='com.curriculum.Edit_Curriculum.TCED29204()'><b>TCED29204</b><br>Test class: com.curriculum.Edit_Curriculum</td>
<td></td>
<td>14</td>
<td>com.curriculum.Edit_Curriculum@ed9d034</td></tr>
<tr>
<td title='com.curriculum.Edit_Curriculum.TCED29205()'><b>TCED29205</b><br>Test class: com.curriculum.Edit_Curriculum</td>
<td></td>
<td>16</td>
<td>com.curriculum.Edit_Curriculum@ed9d034</td></tr>
<tr>
<td title='com.curriculum.Edit_Curriculum.TCED29206()'><b>TCED29206</b><br>Test class: com.curriculum.Edit_Curriculum</td>
<td></td>
<td>23</td>
<td>com.curriculum.Edit_Curriculum@ed9d034</td></tr>
<tr>
<td title='com.curriculum.Edit_Curriculum.TCED29207()'><b>TCED29207</b><br>Test class: com.curriculum.Edit_Curriculum</td>
<td></td>
<td>24</td>
<td>com.curriculum.Edit_Curriculum@ed9d034</td></tr>
<tr>
<td title='com.curriculum.Edit_Curriculum.TCED29208()'><b>TCED29208</b><br>Test class: com.curriculum.Edit_Curriculum</td>
<td></td>
<td>11</td>
<td>com.curriculum.Edit_Curriculum@ed9d034</td></tr>
<tr>
<td title='com.curriculum.Edit_Curriculum.TCED29209()'><b>TCED29209</b><br>Test class: com.curriculum.Edit_Curriculum</td>
<td></td>
<td>10</td>
<td>com.curriculum.Edit_Curriculum@ed9d034</td></tr>
<tr>
<td title='com.curriculum.Edit_Curriculum.TCED29210()'><b>TCED29210</b><br>Test class: com.curriculum.Edit_Curriculum</td>
<td></td>
<td>10</td>
<td>com.curriculum.Edit_Curriculum@ed9d034</td></tr>
<tr>
<td title='com.curriculum.Edit_Curriculum.TCED29211()'><b>TCED29211</b><br>Test class: com.curriculum.Edit_Curriculum</td>
<td></td>
<td>1</td>
<td>com.curriculum.Edit_Curriculum@ed9d034</td></tr>
<tr>
<td title='com.curriculum.Edit_Curriculum.TCED29212()'><b>TCED29212</b><br>Test class: com.curriculum.Edit_Curriculum</td>
<td></td>
<td>6</td>
<td>com.curriculum.Edit_Curriculum@ed9d034</td></tr>
</table><p>
</body>
</html>