<html>
<head>
<title>TestNG:  Test</title>
<link href="../testng.css" rel="stylesheet" type="text/css" />
<link href="../my-testng.css" rel="stylesheet" type="text/css" />

<style type="text/css">
.log { display: none;} 
.stack-trace { display: none;} 
</style>
<script type="text/javascript">
<!--
function flip(e) {
  current = e.style.display;
  if (current == 'block') {
    e.style.display = 'none';
    return 0;
  }
  else {
    e.style.display = 'block';
    return 1;
  }
}

function toggleBox(szDivId, elem, msg1, msg2)
{
  var res = -1;  if (document.getElementById) {
    res = flip(document.getElementById(szDivId));
  }
  else if (document.all) {
    // this is the way old msie versions work
    res = flip(document.all[szDivId]);
  }
  if(elem) {
    if(res == 0) elem.innerHTML = msg1; else elem.innerHTML = msg2;
  }

}

function toggleAllBoxes() {
  if (document.getElementsByTagName) {
    d = document.getElementsByTagName('div');
    for (i = 0; i < d.length; i++) {
      if (d[i].className == 'log') {
        flip(d[i]);
      }
    }
  }
}

// -->
</script>

</head>
<body>
<h2 align='center'>Test</h2><table border='1' align="center">
<tr>
<td>Tests passed/Failed/Skipped:</td><td>18/6/0</td>
</tr><tr>
<td>Started on:</td><td>Wed Oct 31 18:36:29 IST 2018</td>
</tr>
<tr><td>Total time:</td><td>434 seconds (434376 ms)</td>
</tr><tr>
<td>Included groups:</td><td></td>
</tr><tr>
<td>Excluded groups:</td><td></td>
</tr>
</table><p/>
<small><i>(Hover the method name to see the test class name)</i></small><p/>
<table width='100%' border='1' class='invocation-failed'>
<tr><td colspan='4' align='center'><b>FAILED TESTS</b></td></tr>
<tr><td><b>Test method</b></td>
<td width="30%"><b>Exception</b></td>
<td width="10%"><b>Time (seconds)</b></td>
<td><b>Instance</b></td>
</tr>
<tr>
<td title='com.analyzeByScore.ItemAnalysisbyQuestion.TCED14085()'><b>TCED14085</b><br>Test class: com.analyzeByScore.ItemAnalysisbyQuestion</td>
<td><div><pre>java.lang.AssertionError: Timeout during waiting for element: &apos;//a[contains(text(),&apos;6(75%)&apos;)]&apos;
	at Library.BaseClassOne.waitFor(BaseClassOne.java:273)
	at Library.BaseClassOne.click(BaseClassOne.java:185)
	at com.analyzeByScore.ItemAnalysisbyQuestion.TCED14085(ItemAnalysisbyQuestion.java:124)
... Removed 28 stack frames</pre></div><a href='#' onClick='toggleBox("stack-trace716206126", this, "Click to show all stack frames", "Click to hide stack frames")'>Click to show all stack frames</a>
<div class='stack-trace' id='stack-trace716206126'><pre>java.lang.AssertionError: Timeout during waiting for element: &apos;//a[contains(text(),&apos;6(75%)&apos;)]&apos;
	at Library.BaseClassOne.waitFor(BaseClassOne.java:273)
	at Library.BaseClassOne.click(BaseClassOne.java:185)
	at com.analyzeByScore.ItemAnalysisbyQuestion.TCED14085(ItemAnalysisbyQuestion.java:124)
	at java.base/jdk.internal.reflect.NativeMethodAccessorImpl.invoke0(Native Method)
	at java.base/jdk.internal.reflect.NativeMethodAccessorImpl.invoke(NativeMethodAccessorImpl.java:62)
	at java.base/jdk.internal.reflect.DelegatingMethodAccessorImpl.invoke(DelegatingMethodAccessorImpl.java:43)
	at java.base/java.lang.reflect.Method.invoke(Method.java:564)
	at org.testng.internal.MethodInvocationHelper.invokeMethod(MethodInvocationHelper.java:124)
	at org.testng.internal.Invoker.invokeMethod(Invoker.java:580)
	at org.testng.internal.Invoker.invokeTestMethod(Invoker.java:716)
	at org.testng.internal.Invoker.invokeTestMethods(Invoker.java:988)
	at org.testng.internal.TestMethodWorker.invokeTestMethods(TestMethodWorker.java:125)
	at org.testng.internal.TestMethodWorker.run(TestMethodWorker.java:109)
	at org.testng.TestRunner.privateRun(TestRunner.java:648)
	at org.testng.TestRunner.run(TestRunner.java:505)
	at org.testng.SuiteRunner.runTest(SuiteRunner.java:455)
	at org.testng.SuiteRunner.runSequentially(SuiteRunner.java:450)
	at org.testng.SuiteRunner.privateRun(SuiteRunner.java:415)
	at org.testng.SuiteRunner.run(SuiteRunner.java:364)
	at org.testng.SuiteRunnerWorker.runSuite(SuiteRunnerWorker.java:52)
	at org.testng.SuiteRunnerWorker.run(SuiteRunnerWorker.java:84)
	at org.testng.TestNG.runSuitesSequentially(TestNG.java:1208)
	at org.testng.TestNG.runSuitesLocally(TestNG.java:1137)
	at org.testng.TestNG.runSuites(TestNG.java:1049)
	at org.testng.TestNG.run(TestNG.java:1017)
	at org.apache.maven.surefire.testng.TestNGExecutor.run(TestNGExecutor.java:295)
	at org.apache.maven.surefire.testng.TestNGXmlTestSuite.execute(TestNGXmlTestSuite.java:84)
	at org.apache.maven.surefire.testng.TestNGProvider.invoke(TestNGProvider.java:90)
	at org.apache.maven.surefire.booter.ForkedBooter.invokeProviderInSameClassLoader(ForkedBooter.java:203)
	at org.apache.maven.surefire.booter.ForkedBooter.runSuitesInProcess(ForkedBooter.java:155)
	at org.apache.maven.surefire.booter.ForkedBooter.main(ForkedBooter.java:103)
</pre></div></td>
<td>34</td>
<td>com.analyzeByScore.ItemAnalysisbyQuestion@5890e879</td></tr>
<tr>
<td title='com.analyzeByScore.ItemAnalysisbyQuestion.TCED14086()'><b>TCED14086</b><br>Test class: com.analyzeByScore.ItemAnalysisbyQuestion</td>
<td><div><pre>java.lang.AssertionError: Timeout during waiting for element: &apos;//a[contains(text(),&apos;1(12.5%)&apos;)]&apos;
	at Library.BaseClassOne.waitFor(BaseClassOne.java:273)
	at Library.BaseClassOne.click(BaseClassOne.java:185)
	at com.analyzeByScore.ItemAnalysisbyQuestion.TCED14086(ItemAnalysisbyQuestion.java:147)
... Removed 28 stack frames</pre></div><a href='#' onClick='toggleBox("stack-trace150079886", this, "Click to show all stack frames", "Click to hide stack frames")'>Click to show all stack frames</a>
<div class='stack-trace' id='stack-trace150079886'><pre>java.lang.AssertionError: Timeout during waiting for element: &apos;//a[contains(text(),&apos;1(12.5%)&apos;)]&apos;
	at Library.BaseClassOne.waitFor(BaseClassOne.java:273)
	at Library.BaseClassOne.click(BaseClassOne.java:185)
	at com.analyzeByScore.ItemAnalysisbyQuestion.TCED14086(ItemAnalysisbyQuestion.java:147)
	at java.base/jdk.internal.reflect.NativeMethodAccessorImpl.invoke0(Native Method)
	at java.base/jdk.internal.reflect.NativeMethodAccessorImpl.invoke(NativeMethodAccessorImpl.java:62)
	at java.base/jdk.internal.reflect.DelegatingMethodAccessorImpl.invoke(DelegatingMethodAccessorImpl.java:43)
	at java.base/java.lang.reflect.Method.invoke(Method.java:564)
	at org.testng.internal.MethodInvocationHelper.invokeMethod(MethodInvocationHelper.java:124)
	at org.testng.internal.Invoker.invokeMethod(Invoker.java:580)
	at org.testng.internal.Invoker.invokeTestMethod(Invoker.java:716)
	at org.testng.internal.Invoker.invokeTestMethods(Invoker.java:988)
	at org.testng.internal.TestMethodWorker.invokeTestMethods(TestMethodWorker.java:125)
	at org.testng.internal.TestMethodWorker.run(TestMethodWorker.java:109)
	at org.testng.TestRunner.privateRun(TestRunner.java:648)
	at org.testng.TestRunner.run(TestRunner.java:505)
	at org.testng.SuiteRunner.runTest(SuiteRunner.java:455)
	at org.testng.SuiteRunner.runSequentially(SuiteRunner.java:450)
	at org.testng.SuiteRunner.privateRun(SuiteRunner.java:415)
	at org.testng.SuiteRunner.run(SuiteRunner.java:364)
	at org.testng.SuiteRunnerWorker.runSuite(SuiteRunnerWorker.java:52)
	at org.testng.SuiteRunnerWorker.run(SuiteRunnerWorker.java:84)
	at org.testng.TestNG.runSuitesSequentially(TestNG.java:1208)
	at org.testng.TestNG.runSuitesLocally(TestNG.java:1137)
	at org.testng.TestNG.runSuites(TestNG.java:1049)
	at org.testng.TestNG.run(TestNG.java:1017)
	at org.apache.maven.surefire.testng.TestNGExecutor.run(TestNGExecutor.java:295)
	at org.apache.maven.surefire.testng.TestNGXmlTestSuite.execute(TestNGXmlTestSuite.java:84)
	at org.apache.maven.surefire.testng.TestNGProvider.invoke(TestNGProvider.java:90)
	at org.apache.maven.surefire.booter.ForkedBooter.invokeProviderInSameClassLoader(ForkedBooter.java:203)
	at org.apache.maven.surefire.booter.ForkedBooter.runSuitesInProcess(ForkedBooter.java:155)
	at org.apache.maven.surefire.booter.ForkedBooter.main(ForkedBooter.java:103)
</pre></div></td>
<td>34</td>
<td>com.analyzeByScore.ItemAnalysisbyQuestion@5890e879</td></tr>
<tr>
<td title='com.analyzeByScore.ItemAnalysisbyQuestion.TCED14091()'><b>TCED14091</b><br>Test class: com.analyzeByScore.ItemAnalysisbyQuestion</td>
<td><div><pre>java.lang.AssertionError: Timeout during waiting for element: &apos;//a[contains(text(),&apos;2(50%)&apos;)]&apos;
	at Library.BaseClassOne.waitFor(BaseClassOne.java:273)
	at Library.BaseClassOne.click(BaseClassOne.java:185)
	at com.analyzeByScore.ItemAnalysisbyQuestion.TCED14091(ItemAnalysisbyQuestion.java:263)
... Removed 28 stack frames</pre></div><a href='#' onClick='toggleBox("stack-trace1969875555", this, "Click to show all stack frames", "Click to hide stack frames")'>Click to show all stack frames</a>
<div class='stack-trace' id='stack-trace1969875555'><pre>java.lang.AssertionError: Timeout during waiting for element: &apos;//a[contains(text(),&apos;2(50%)&apos;)]&apos;
	at Library.BaseClassOne.waitFor(BaseClassOne.java:273)
	at Library.BaseClassOne.click(BaseClassOne.java:185)
	at com.analyzeByScore.ItemAnalysisbyQuestion.TCED14091(ItemAnalysisbyQuestion.java:263)
	at java.base/jdk.internal.reflect.NativeMethodAccessorImpl.invoke0(Native Method)
	at java.base/jdk.internal.reflect.NativeMethodAccessorImpl.invoke(NativeMethodAccessorImpl.java:62)
	at java.base/jdk.internal.reflect.DelegatingMethodAccessorImpl.invoke(DelegatingMethodAccessorImpl.java:43)
	at java.base/java.lang.reflect.Method.invoke(Method.java:564)
	at org.testng.internal.MethodInvocationHelper.invokeMethod(MethodInvocationHelper.java:124)
	at org.testng.internal.Invoker.invokeMethod(Invoker.java:580)
	at org.testng.internal.Invoker.invokeTestMethod(Invoker.java:716)
	at org.testng.internal.Invoker.invokeTestMethods(Invoker.java:988)
	at org.testng.internal.TestMethodWorker.invokeTestMethods(TestMethodWorker.java:125)
	at org.testng.internal.TestMethodWorker.run(TestMethodWorker.java:109)
	at org.testng.TestRunner.privateRun(TestRunner.java:648)
	at org.testng.TestRunner.run(TestRunner.java:505)
	at org.testng.SuiteRunner.runTest(SuiteRunner.java:455)
	at org.testng.SuiteRunner.runSequentially(SuiteRunner.java:450)
	at org.testng.SuiteRunner.privateRun(SuiteRunner.java:415)
	at org.testng.SuiteRunner.run(SuiteRunner.java:364)
	at org.testng.SuiteRunnerWorker.runSuite(SuiteRunnerWorker.java:52)
	at org.testng.SuiteRunnerWorker.run(SuiteRunnerWorker.java:84)
	at org.testng.TestNG.runSuitesSequentially(TestNG.java:1208)
	at org.testng.TestNG.runSuitesLocally(TestNG.java:1137)
	at org.testng.TestNG.runSuites(TestNG.java:1049)
	at org.testng.TestNG.run(TestNG.java:1017)
	at org.apache.maven.surefire.testng.TestNGExecutor.run(TestNGExecutor.java:295)
	at org.apache.maven.surefire.testng.TestNGXmlTestSuite.execute(TestNGXmlTestSuite.java:84)
	at org.apache.maven.surefire.testng.TestNGProvider.invoke(TestNGProvider.java:90)
	at org.apache.maven.surefire.booter.ForkedBooter.invokeProviderInSameClassLoader(ForkedBooter.java:203)
	at org.apache.maven.surefire.booter.ForkedBooter.runSuitesInProcess(ForkedBooter.java:155)
	at org.apache.maven.surefire.booter.ForkedBooter.main(ForkedBooter.java:103)
</pre></div></td>
<td>38</td>
<td>com.analyzeByScore.ItemAnalysisbyQuestion@5890e879</td></tr>
<tr>
<td title='com.analyzeByScore.ItemAnalysisbyQuestion.TCED14092()'><b>TCED14092</b><br>Test class: com.analyzeByScore.ItemAnalysisbyQuestion</td>
<td><div><pre>java.lang.AssertionError: Timeout during waiting for element: &apos;//a[contains(text(),&apos;1(25%)&apos;)]&apos;
	at Library.BaseClassOne.waitFor(BaseClassOne.java:273)
	at Library.BaseClassOne.click(BaseClassOne.java:185)
	at com.analyzeByScore.ItemAnalysisbyQuestion.TCED14092(ItemAnalysisbyQuestion.java:294)
... Removed 28 stack frames</pre></div><a href='#' onClick='toggleBox("stack-trace1943266645", this, "Click to show all stack frames", "Click to hide stack frames")'>Click to show all stack frames</a>
<div class='stack-trace' id='stack-trace1943266645'><pre>java.lang.AssertionError: Timeout during waiting for element: &apos;//a[contains(text(),&apos;1(25%)&apos;)]&apos;
	at Library.BaseClassOne.waitFor(BaseClassOne.java:273)
	at Library.BaseClassOne.click(BaseClassOne.java:185)
	at com.analyzeByScore.ItemAnalysisbyQuestion.TCED14092(ItemAnalysisbyQuestion.java:294)
	at java.base/jdk.internal.reflect.NativeMethodAccessorImpl.invoke0(Native Method)
	at java.base/jdk.internal.reflect.NativeMethodAccessorImpl.invoke(NativeMethodAccessorImpl.java:62)
	at java.base/jdk.internal.reflect.DelegatingMethodAccessorImpl.invoke(DelegatingMethodAccessorImpl.java:43)
	at java.base/java.lang.reflect.Method.invoke(Method.java:564)
	at org.testng.internal.MethodInvocationHelper.invokeMethod(MethodInvocationHelper.java:124)
	at org.testng.internal.Invoker.invokeMethod(Invoker.java:580)
	at org.testng.internal.Invoker.invokeTestMethod(Invoker.java:716)
	at org.testng.internal.Invoker.invokeTestMethods(Invoker.java:988)
	at org.testng.internal.TestMethodWorker.invokeTestMethods(TestMethodWorker.java:125)
	at org.testng.internal.TestMethodWorker.run(TestMethodWorker.java:109)
	at org.testng.TestRunner.privateRun(TestRunner.java:648)
	at org.testng.TestRunner.run(TestRunner.java:505)
	at org.testng.SuiteRunner.runTest(SuiteRunner.java:455)
	at org.testng.SuiteRunner.runSequentially(SuiteRunner.java:450)
	at org.testng.SuiteRunner.privateRun(SuiteRunner.java:415)
	at org.testng.SuiteRunner.run(SuiteRunner.java:364)
	at org.testng.SuiteRunnerWorker.runSuite(SuiteRunnerWorker.java:52)
	at org.testng.SuiteRunnerWorker.run(SuiteRunnerWorker.java:84)
	at org.testng.TestNG.runSuitesSequentially(TestNG.java:1208)
	at org.testng.TestNG.runSuitesLocally(TestNG.java:1137)
	at org.testng.TestNG.runSuites(TestNG.java:1049)
	at org.testng.TestNG.run(TestNG.java:1017)
	at org.apache.maven.surefire.testng.TestNGExecutor.run(TestNGExecutor.java:295)
	at org.apache.maven.surefire.testng.TestNGXmlTestSuite.execute(TestNGXmlTestSuite.java:84)
	at org.apache.maven.surefire.testng.TestNGProvider.invoke(TestNGProvider.java:90)
	at org.apache.maven.surefire.booter.ForkedBooter.invokeProviderInSameClassLoader(ForkedBooter.java:203)
	at org.apache.maven.surefire.booter.ForkedBooter.runSuitesInProcess(ForkedBooter.java:155)
	at org.apache.maven.surefire.booter.ForkedBooter.main(ForkedBooter.java:103)
</pre></div></td>
<td>39</td>
<td>com.analyzeByScore.ItemAnalysisbyQuestion@5890e879</td></tr>
<tr>
<td title='com.analyzeByScore.ItemAnalysisbyQuestion.TCED14097()'><b>TCED14097</b><br>Test class: com.analyzeByScore.ItemAnalysisbyQuestion</td>
<td><div><pre>java.lang.AssertionError: Timeout during waiting for element: &apos;//a[contains(text(),&apos;6(75%)&apos;)]&apos;
	at Library.BaseClassOne.waitFor(BaseClassOne.java:273)
	at Library.BaseClassOne.click(BaseClassOne.java:185)
	at com.analyzeByScore.ItemAnalysisbyQuestion.TCED14097(ItemAnalysisbyQuestion.java:414)
... Removed 28 stack frames</pre></div><a href='#' onClick='toggleBox("stack-trace17680342", this, "Click to show all stack frames", "Click to hide stack frames")'>Click to show all stack frames</a>
<div class='stack-trace' id='stack-trace17680342'><pre>java.lang.AssertionError: Timeout during waiting for element: &apos;//a[contains(text(),&apos;6(75%)&apos;)]&apos;
	at Library.BaseClassOne.waitFor(BaseClassOne.java:273)
	at Library.BaseClassOne.click(BaseClassOne.java:185)
	at com.analyzeByScore.ItemAnalysisbyQuestion.TCED14097(ItemAnalysisbyQuestion.java:414)
	at java.base/jdk.internal.reflect.NativeMethodAccessorImpl.invoke0(Native Method)
	at java.base/jdk.internal.reflect.NativeMethodAccessorImpl.invoke(NativeMethodAccessorImpl.java:62)
	at java.base/jdk.internal.reflect.DelegatingMethodAccessorImpl.invoke(DelegatingMethodAccessorImpl.java:43)
	at java.base/java.lang.reflect.Method.invoke(Method.java:564)
	at org.testng.internal.MethodInvocationHelper.invokeMethod(MethodInvocationHelper.java:124)
	at org.testng.internal.Invoker.invokeMethod(Invoker.java:580)
	at org.testng.internal.Invoker.invokeTestMethod(Invoker.java:716)
	at org.testng.internal.Invoker.invokeTestMethods(Invoker.java:988)
	at org.testng.internal.TestMethodWorker.invokeTestMethods(TestMethodWorker.java:125)
	at org.testng.internal.TestMethodWorker.run(TestMethodWorker.java:109)
	at org.testng.TestRunner.privateRun(TestRunner.java:648)
	at org.testng.TestRunner.run(TestRunner.java:505)
	at org.testng.SuiteRunner.runTest(SuiteRunner.java:455)
	at org.testng.SuiteRunner.runSequentially(SuiteRunner.java:450)
	at org.testng.SuiteRunner.privateRun(SuiteRunner.java:415)
	at org.testng.SuiteRunner.run(SuiteRunner.java:364)
	at org.testng.SuiteRunnerWorker.runSuite(SuiteRunnerWorker.java:52)
	at org.testng.SuiteRunnerWorker.run(SuiteRunnerWorker.java:84)
	at org.testng.TestNG.runSuitesSequentially(TestNG.java:1208)
	at org.testng.TestNG.runSuitesLocally(TestNG.java:1137)
	at org.testng.TestNG.runSuites(TestNG.java:1049)
	at org.testng.TestNG.run(TestNG.java:1017)
	at org.apache.maven.surefire.testng.TestNGExecutor.run(TestNGExecutor.java:295)
	at org.apache.maven.surefire.testng.TestNGXmlTestSuite.execute(TestNGXmlTestSuite.java:84)
	at org.apache.maven.surefire.testng.TestNGProvider.invoke(TestNGProvider.java:90)
	at org.apache.maven.surefire.booter.ForkedBooter.invokeProviderInSameClassLoader(ForkedBooter.java:203)
	at org.apache.maven.surefire.booter.ForkedBooter.runSuitesInProcess(ForkedBooter.java:155)
	at org.apache.maven.surefire.booter.ForkedBooter.main(ForkedBooter.java:103)
</pre></div></td>
<td>37</td>
<td>com.analyzeByScore.ItemAnalysisbyQuestion@5890e879</td></tr>
<tr>
<td title='com.analyzeByScore.ItemAnalysisbyQuestion.TCED14098()'><b>TCED14098</b><br>Test class: com.analyzeByScore.ItemAnalysisbyQuestion</td>
<td><div><pre>java.lang.AssertionError: Timeout during waiting for element: &apos;//a[contains(text(),&apos;1(12.5%)&apos;)]&apos;
	at Library.BaseClassOne.waitFor(BaseClassOne.java:273)
	at Library.BaseClassOne.click(BaseClassOne.java:185)
	at com.analyzeByScore.ItemAnalysisbyQuestion.TCED14098(ItemAnalysisbyQuestion.java:437)
... Removed 28 stack frames</pre></div><a href='#' onClick='toggleBox("stack-trace947462790", this, "Click to show all stack frames", "Click to hide stack frames")'>Click to show all stack frames</a>
<div class='stack-trace' id='stack-trace947462790'><pre>java.lang.AssertionError: Timeout during waiting for element: &apos;//a[contains(text(),&apos;1(12.5%)&apos;)]&apos;
	at Library.BaseClassOne.waitFor(BaseClassOne.java:273)
	at Library.BaseClassOne.click(BaseClassOne.java:185)
	at com.analyzeByScore.ItemAnalysisbyQuestion.TCED14098(ItemAnalysisbyQuestion.java:437)
	at java.base/jdk.internal.reflect.NativeMethodAccessorImpl.invoke0(Native Method)
	at java.base/jdk.internal.reflect.NativeMethodAccessorImpl.invoke(NativeMethodAccessorImpl.java:62)
	at java.base/jdk.internal.reflect.DelegatingMethodAccessorImpl.invoke(DelegatingMethodAccessorImpl.java:43)
	at java.base/java.lang.reflect.Method.invoke(Method.java:564)
	at org.testng.internal.MethodInvocationHelper.invokeMethod(MethodInvocationHelper.java:124)
	at org.testng.internal.Invoker.invokeMethod(Invoker.java:580)
	at org.testng.internal.Invoker.invokeTestMethod(Invoker.java:716)
	at org.testng.internal.Invoker.invokeTestMethods(Invoker.java:988)
	at org.testng.internal.TestMethodWorker.invokeTestMethods(TestMethodWorker.java:125)
	at org.testng.internal.TestMethodWorker.run(TestMethodWorker.java:109)
	at org.testng.TestRunner.privateRun(TestRunner.java:648)
	at org.testng.TestRunner.run(TestRunner.java:505)
	at org.testng.SuiteRunner.runTest(SuiteRunner.java:455)
	at org.testng.SuiteRunner.runSequentially(SuiteRunner.java:450)
	at org.testng.SuiteRunner.privateRun(SuiteRunner.java:415)
	at org.testng.SuiteRunner.run(SuiteRunner.java:364)
	at org.testng.SuiteRunnerWorker.runSuite(SuiteRunnerWorker.java:52)
	at org.testng.SuiteRunnerWorker.run(SuiteRunnerWorker.java:84)
	at org.testng.TestNG.runSuitesSequentially(TestNG.java:1208)
	at org.testng.TestNG.runSuitesLocally(TestNG.java:1137)
	at org.testng.TestNG.runSuites(TestNG.java:1049)
	at org.testng.TestNG.run(TestNG.java:1017)
	at org.apache.maven.surefire.testng.TestNGExecutor.run(TestNGExecutor.java:295)
	at org.apache.maven.surefire.testng.TestNGXmlTestSuite.execute(TestNGXmlTestSuite.java:84)
	at org.apache.maven.surefire.testng.TestNGProvider.invoke(TestNGProvider.java:90)
	at org.apache.maven.surefire.booter.ForkedBooter.invokeProviderInSameClassLoader(ForkedBooter.java:203)
	at org.apache.maven.surefire.booter.ForkedBooter.runSuitesInProcess(ForkedBooter.java:155)
	at org.apache.maven.surefire.booter.ForkedBooter.main(ForkedBooter.java:103)
</pre></div></td>
<td>37</td>
<td>com.analyzeByScore.ItemAnalysisbyQuestion@5890e879</td></tr>
</table><p>
<table width='100%' border='1' class='invocation-passed'>
<tr><td colspan='4' align='center'><b>PASSED TESTS</b></td></tr>
<tr><td><b>Test method</b></td>
<td width="30%"><b>Exception</b></td>
<td width="10%"><b>Time (seconds)</b></td>
<td><b>Instance</b></td>
</tr>
<tr>
<td title='com.analyzeByScore.ItemAnalysisbyQuestion.TCED14081()'><b>TCED14081</b><br>Test class: com.analyzeByScore.ItemAnalysisbyQuestion</td>
<td></td>
<td>10</td>
<td>com.analyzeByScore.ItemAnalysisbyQuestion@5890e879</td></tr>
<tr>
<td title='com.analyzeByScore.ItemAnalysisbyQuestion.TCED14082()'><b>TCED14082</b><br>Test class: com.analyzeByScore.ItemAnalysisbyQuestion</td>
<td></td>
<td>0</td>
<td>com.analyzeByScore.ItemAnalysisbyQuestion@5890e879</td></tr>
<tr>
<td title='com.analyzeByScore.ItemAnalysisbyQuestion.TCED14083()'><b>TCED14083</b><br>Test class: com.analyzeByScore.ItemAnalysisbyQuestion</td>
<td></td>
<td>0</td>
<td>com.analyzeByScore.ItemAnalysisbyQuestion@5890e879</td></tr>
<tr>
<td title='com.analyzeByScore.ItemAnalysisbyQuestion.TCED14084()'><b>TCED14084</b><br>Test class: com.analyzeByScore.ItemAnalysisbyQuestion</td>
<td></td>
<td>0</td>
<td>com.analyzeByScore.ItemAnalysisbyQuestion@5890e879</td></tr>
<tr>
<td title='com.analyzeByScore.ItemAnalysisbyQuestion.TCED14087()'><b>TCED14087</b><br>Test class: com.analyzeByScore.ItemAnalysisbyQuestion</td>
<td></td>
<td>5</td>
<td>com.analyzeByScore.ItemAnalysisbyQuestion@5890e879</td></tr>
<tr>
<td title='com.analyzeByScore.ItemAnalysisbyQuestion.TCED14088()'><b>TCED14088</b><br>Test class: com.analyzeByScore.ItemAnalysisbyQuestion</td>
<td></td>
<td>4</td>
<td>com.analyzeByScore.ItemAnalysisbyQuestion@5890e879</td></tr>
<tr>
<td title='com.analyzeByScore.ItemAnalysisbyQuestion.TCED14089()'><b>TCED14089</b><br>Test class: com.analyzeByScore.ItemAnalysisbyQuestion</td>
<td></td>
<td>8</td>
<td>com.analyzeByScore.ItemAnalysisbyQuestion@5890e879</td></tr>
<tr>
<td title='com.analyzeByScore.ItemAnalysisbyQuestion.TCED14090()'><b>TCED14090</b><br>Test class: com.analyzeByScore.ItemAnalysisbyQuestion</td>
<td></td>
<td>0</td>
<td>com.analyzeByScore.ItemAnalysisbyQuestion@5890e879</td></tr>
<tr>
<td title='com.analyzeByScore.ItemAnalysisbyQuestion.TCED14093()'><b>TCED14093</b><br>Test class: com.analyzeByScore.ItemAnalysisbyQuestion</td>
<td></td>
<td>10</td>
<td>com.analyzeByScore.ItemAnalysisbyQuestion@5890e879</td></tr>
<tr>
<td title='com.analyzeByScore.ItemAnalysisbyQuestion.TCED14094()'><b>TCED14094</b><br>Test class: com.analyzeByScore.ItemAnalysisbyQuestion</td>
<td></td>
<td>9</td>
<td>com.analyzeByScore.ItemAnalysisbyQuestion@5890e879</td></tr>
<tr>
<td title='com.analyzeByScore.ItemAnalysisbyQuestion.TCED14095()'><b>TCED14095</b><br>Test class: com.analyzeByScore.ItemAnalysisbyQuestion</td>
<td></td>
<td>6</td>
<td>com.analyzeByScore.ItemAnalysisbyQuestion@5890e879</td></tr>
<tr>
<td title='com.analyzeByScore.ItemAnalysisbyQuestion.TCED14096()'><b>TCED14096</b><br>Test class: com.analyzeByScore.ItemAnalysisbyQuestion</td>
<td></td>
<td>0</td>
<td>com.analyzeByScore.ItemAnalysisbyQuestion@5890e879</td></tr>
<tr>
<td title='com.analyzeByScore.ItemAnalysisbyQuestion.TCED14099()'><b>TCED14099</b><br>Test class: com.analyzeByScore.ItemAnalysisbyQuestion</td>
<td></td>
<td>8</td>
<td>com.analyzeByScore.ItemAnalysisbyQuestion@5890e879</td></tr>
<tr>
<td title='com.analyzeByScore.ItemAnalysisbyQuestion.TCED14100()'><b>TCED14100</b><br>Test class: com.analyzeByScore.ItemAnalysisbyQuestion</td>
<td></td>
<td>8</td>
<td>com.analyzeByScore.ItemAnalysisbyQuestion@5890e879</td></tr>
<tr>
<td title='com.analyzeByScore.ItemAnalysisbyQuestion.TCED14101()'><b>TCED14101</b><br>Test class: com.analyzeByScore.ItemAnalysisbyQuestion</td>
<td></td>
<td>13</td>
<td>com.analyzeByScore.ItemAnalysisbyQuestion@5890e879</td></tr>
<tr>
<td title='com.analyzeByScore.ItemAnalysisbyQuestion.TCED14102()'><b>TCED14102</b><br>Test class: com.analyzeByScore.ItemAnalysisbyQuestion</td>
<td></td>
<td>14</td>
<td>com.analyzeByScore.ItemAnalysisbyQuestion@5890e879</td></tr>
<tr>
<td title='com.analyzeByScore.ItemAnalysisbyQuestion.TCED14103()'><b>TCED14103</b><br>Test class: com.analyzeByScore.ItemAnalysisbyQuestion</td>
<td></td>
<td>32</td>
<td>com.analyzeByScore.ItemAnalysisbyQuestion@5890e879</td></tr>
<tr>
<td title='com.analyzeByScore.ItemAnalysisbyQuestion.TCED14104()'><b>TCED14104</b><br>Test class: com.analyzeByScore.ItemAnalysisbyQuestion</td>
<td></td>
<td>69</td>
<td>com.analyzeByScore.ItemAnalysisbyQuestion@5890e879</td></tr>
</table><p>
</body>
</html>