<?xml version="1.0" encoding="UTF-8"?>
<!-- Generated by org.testng.reporters.JUnitXMLReporter -->
<<<<<<< HEAD
<testsuite ignored="0" hostname="QA-Scheduler" failures="6" tests="24" name="Test" time="434.376" errors="0" timestamp="31 Oct 2018 13:13:43 GMT">
  <testcase classname="com.analyzeByScore.ItemAnalysisbyQuestion" name="TCED14081" time="10.141"/>
  <testcase classname="com.analyzeByScore.ItemAnalysisbyQuestion" name="TCED14082" time="0.124"/>
  <testcase classname="com.analyzeByScore.ItemAnalysisbyQuestion" name="TCED14083" time="0.894"/>
  <testcase classname="com.analyzeByScore.ItemAnalysisbyQuestion" name="TCED14084" time="0.839"/>
  <testcase classname="com.analyzeByScore.ItemAnalysisbyQuestion" name="TCED14085" time="34.435">
    <failure type="java.lang.AssertionError" message="Timeout during waiting for element: &amp;apos;//a[contains(text(),&amp;apos;6(75%)&amp;apos;)]&amp;apos;">
      <![CDATA[java.lang.AssertionError: Timeout during waiting for element: '//a[contains(text(),'6(75%)')]'
at Library.BaseClassOne.waitFor(BaseClassOne.java:273)
at Library.BaseClassOne.click(BaseClassOne.java:185)
at com.analyzeByScore.ItemAnalysisbyQuestion.TCED14085(ItemAnalysisbyQuestion.java:124)
... Removed 28 stack frames]]>
    </failure>
  </testcase> <!-- TCED14085 -->
  <testcase classname="com.analyzeByScore.ItemAnalysisbyQuestion" name="TCED14086" time="34.696">
    <failure type="java.lang.AssertionError" message="Timeout during waiting for element: &amp;apos;//a[contains(text(),&amp;apos;1(12.5%)&amp;apos;)]&amp;apos;">
      <![CDATA[java.lang.AssertionError: Timeout during waiting for element: '//a[contains(text(),'1(12.5%)')]'
at Library.BaseClassOne.waitFor(BaseClassOne.java:273)
at Library.BaseClassOne.click(BaseClassOne.java:185)
at com.analyzeByScore.ItemAnalysisbyQuestion.TCED14086(ItemAnalysisbyQuestion.java:147)
... Removed 28 stack frames]]>
    </failure>
  </testcase> <!-- TCED14086 -->
  <testcase classname="com.analyzeByScore.ItemAnalysisbyQuestion" name="TCED14087" time="5.187"/>
  <testcase classname="com.analyzeByScore.ItemAnalysisbyQuestion" name="TCED14088" time="4.994"/>
  <testcase classname="com.analyzeByScore.ItemAnalysisbyQuestion" name="TCED14089" time="8.645"/>
  <testcase classname="com.analyzeByScore.ItemAnalysisbyQuestion" name="TCED14090" time="0.891"/>
  <testcase classname="com.analyzeByScore.ItemAnalysisbyQuestion" name="TCED14091" time="38.708">
    <failure type="java.lang.AssertionError" message="Timeout during waiting for element: &amp;apos;//a[contains(text(),&amp;apos;2(50%)&amp;apos;)]&amp;apos;">
      <![CDATA[java.lang.AssertionError: Timeout during waiting for element: '//a[contains(text(),'2(50%)')]'
at Library.BaseClassOne.waitFor(BaseClassOne.java:273)
at Library.BaseClassOne.click(BaseClassOne.java:185)
at com.analyzeByScore.ItemAnalysisbyQuestion.TCED14091(ItemAnalysisbyQuestion.java:263)
... Removed 28 stack frames]]>
    </failure>
  </testcase> <!-- TCED14091 -->
  <testcase classname="com.analyzeByScore.ItemAnalysisbyQuestion" name="TCED14092" time="39.761">
    <failure type="java.lang.AssertionError" message="Timeout during waiting for element: &amp;apos;//a[contains(text(),&amp;apos;1(25%)&amp;apos;)]&amp;apos;">
      <![CDATA[java.lang.AssertionError: Timeout during waiting for element: '//a[contains(text(),'1(25%)')]'
at Library.BaseClassOne.waitFor(BaseClassOne.java:273)
at Library.BaseClassOne.click(BaseClassOne.java:185)
at com.analyzeByScore.ItemAnalysisbyQuestion.TCED14092(ItemAnalysisbyQuestion.java:294)
... Removed 28 stack frames]]>
    </failure>
  </testcase> <!-- TCED14092 -->
  <testcase classname="com.analyzeByScore.ItemAnalysisbyQuestion" name="TCED14093" time="10.124"/>
  <testcase classname="com.analyzeByScore.ItemAnalysisbyQuestion" name="TCED14094" time="9.693"/>
  <testcase classname="com.analyzeByScore.ItemAnalysisbyQuestion" name="TCED14095" time="6.821"/>
  <testcase classname="com.analyzeByScore.ItemAnalysisbyQuestion" name="TCED14096" time="0.734"/>
  <testcase classname="com.analyzeByScore.ItemAnalysisbyQuestion" name="TCED14097" time="37.639">
    <failure type="java.lang.AssertionError" message="Timeout during waiting for element: &amp;apos;//a[contains(text(),&amp;apos;6(75%)&amp;apos;)]&amp;apos;">
      <![CDATA[java.lang.AssertionError: Timeout during waiting for element: '//a[contains(text(),'6(75%)')]'
at Library.BaseClassOne.waitFor(BaseClassOne.java:273)
at Library.BaseClassOne.click(BaseClassOne.java:185)
at com.analyzeByScore.ItemAnalysisbyQuestion.TCED14097(ItemAnalysisbyQuestion.java:414)
... Removed 28 stack frames]]>
    </failure>
  </testcase> <!-- TCED14097 -->
  <testcase classname="com.analyzeByScore.ItemAnalysisbyQuestion" name="TCED14098" time="37.747">
    <failure type="java.lang.AssertionError" message="Timeout during waiting for element: &amp;apos;//a[contains(text(),&amp;apos;1(12.5%)&amp;apos;)]&amp;apos;">
      <![CDATA[java.lang.AssertionError: Timeout during waiting for element: '//a[contains(text(),'1(12.5%)')]'
at Library.BaseClassOne.waitFor(BaseClassOne.java:273)
at Library.BaseClassOne.click(BaseClassOne.java:185)
at com.analyzeByScore.ItemAnalysisbyQuestion.TCED14098(ItemAnalysisbyQuestion.java:437)
... Removed 28 stack frames]]>
    </failure>
  </testcase> <!-- TCED14098 -->
  <testcase classname="com.analyzeByScore.ItemAnalysisbyQuestion" name="TCED14099" time="8.394"/>
  <testcase classname="com.analyzeByScore.ItemAnalysisbyQuestion" name="TCED14100" time="8.202"/>
  <testcase classname="com.analyzeByScore.ItemAnalysisbyQuestion" name="TCED14101" time="13.519"/>
  <testcase classname="com.analyzeByScore.ItemAnalysisbyQuestion" name="TCED14102" time="14.57"/>
  <testcase classname="com.analyzeByScore.ItemAnalysisbyQuestion" name="TCED14103" time="32.564"/>
  <testcase classname="com.analyzeByScore.ItemAnalysisbyQuestion" name="TCED14104" time="69.323"/>
=======
<testsuite hostname="Vofox-Sebastian" ignored="0" name="Test" tests="24" failures="0" timestamp="31 Oct 2018 12:56:10 GMT" time="11.402" errors="0">
  <testcase name="@BeforeTest setup1" time="11.389" classname="Library.BaseClassOne">
    <failure type="org.openqa.selenium.WebDriverException" message="Process unexpectedly closed with status 0
Build info: version: &amp;apos;3.11.0&amp;apos;, revision: &amp;apos;e59cfb3&amp;apos;, time: &amp;apos;2018-03-11T20:26:55.152Z&amp;apos;
System info: host: &amp;apos;VOFOX-SEBASTIAN&amp;apos;, ip: &amp;apos;192.168.10.130&amp;apos;, os.name: &amp;apos;Windows 10&amp;apos;, os.arch: &amp;apos;amd64&amp;apos;, os.version: &amp;apos;10.0&amp;apos;, java.version: &amp;apos;1.8.0_111&amp;apos;
Driver info: driver.version: FirefoxDriver
remote stacktrace: ">
      <![CDATA[org.openqa.selenium.WebDriverException: Process unexpectedly closed with status 0
Build info: version: '3.11.0', revision: 'e59cfb3', time: '2018-03-11T20:26:55.152Z'
System info: host: 'VOFOX-SEBASTIAN', ip: '192.168.10.130', os.name: 'Windows 10', os.arch: 'amd64', os.version: '10.0', java.version: '1.8.0_111'
Driver info: driver.version: FirefoxDriver
remote stacktrace: 
at org.openqa.selenium.remote.W3CHandshakeResponse.lambda$new$0(W3CHandshakeResponse.java:57)
at org.openqa.selenium.remote.W3CHandshakeResponse.lambda$getResponseFunction$2(W3CHandshakeResponse.java:104)
at org.openqa.selenium.remote.ProtocolHandshake.lambda$createSession$0(ProtocolHandshake.java:123)
at java.util.stream.ReferencePipeline$3$1.accept(ReferencePipeline.java:193)
at java.util.Spliterators$ArraySpliterator.tryAdvance(Spliterators.java:958)
at java.util.stream.ReferencePipeline.forEachWithCancel(ReferencePipeline.java:126)
at java.util.stream.AbstractPipeline.copyIntoWithCancel(AbstractPipeline.java:498)
at java.util.stream.AbstractPipeline.copyInto(AbstractPipeline.java:485)
at java.util.stream.AbstractPipeline.wrapAndCopyInto(AbstractPipeline.java:471)
at java.util.stream.FindOps$FindOp.evaluateSequential(FindOps.java:152)
at java.util.stream.AbstractPipeline.evaluate(AbstractPipeline.java:234)
at java.util.stream.ReferencePipeline.findFirst(ReferencePipeline.java:464)
at org.openqa.selenium.remote.ProtocolHandshake.createSession(ProtocolHandshake.java:126)
at org.openqa.selenium.remote.ProtocolHandshake.createSession(ProtocolHandshake.java:73)
at org.openqa.selenium.remote.HttpCommandExecutor.execute(HttpCommandExecutor.java:136)
at org.openqa.selenium.remote.service.DriverCommandExecutor.execute(DriverCommandExecutor.java:83)
at org.openqa.selenium.remote.RemoteWebDriver.execute(RemoteWebDriver.java:545)
at org.openqa.selenium.remote.RemoteWebDriver.startSession(RemoteWebDriver.java:209)
at org.openqa.selenium.remote.RemoteWebDriver.<init>(RemoteWebDriver.java:132)
at org.openqa.selenium.firefox.FirefoxDriver.<init>(FirefoxDriver.java:120)
at Library.BaseClassOne.setup1(BaseClassOne.java:116)
... Removed 30 stack frames]]>
    </failure>
  </testcase> <!-- @BeforeTest setup1 -->
  <testcase name="@AfterTest tearDown" time="0.0" classname="Library.BaseClassOne">
    <skipped/>
  </testcase> <!-- @AfterTest tearDown -->
  <testcase name="TCED14081" time="0.0" classname="com.analyzeByScore.ItemAnalysisbyQuestion">
    <skipped/>
  </testcase> <!-- TCED14081 -->
  <testcase name="TCED14082" time="0.0" classname="com.analyzeByScore.ItemAnalysisbyQuestion">
    <skipped/>
  </testcase> <!-- TCED14082 -->
  <testcase name="TCED14083" time="0.0" classname="com.analyzeByScore.ItemAnalysisbyQuestion">
    <skipped/>
  </testcase> <!-- TCED14083 -->
  <testcase name="TCED14084" time="0.0" classname="com.analyzeByScore.ItemAnalysisbyQuestion">
    <skipped/>
  </testcase> <!-- TCED14084 -->
  <testcase name="TCED14085" time="0.0" classname="com.analyzeByScore.ItemAnalysisbyQuestion">
    <skipped/>
  </testcase> <!-- TCED14085 -->
  <testcase name="TCED14086" time="0.0" classname="com.analyzeByScore.ItemAnalysisbyQuestion">
    <skipped/>
  </testcase> <!-- TCED14086 -->
  <testcase name="TCED14087" time="0.0" classname="com.analyzeByScore.ItemAnalysisbyQuestion">
    <skipped/>
  </testcase> <!-- TCED14087 -->
  <testcase name="TCED14088" time="0.0" classname="com.analyzeByScore.ItemAnalysisbyQuestion">
    <skipped/>
  </testcase> <!-- TCED14088 -->
  <testcase name="TCED14089" time="0.0" classname="com.analyzeByScore.ItemAnalysisbyQuestion">
    <skipped/>
  </testcase> <!-- TCED14089 -->
  <testcase name="TCED14090" time="0.0" classname="com.analyzeByScore.ItemAnalysisbyQuestion">
    <skipped/>
  </testcase> <!-- TCED14090 -->
  <testcase name="TCED14091" time="0.0" classname="com.analyzeByScore.ItemAnalysisbyQuestion">
    <skipped/>
  </testcase> <!-- TCED14091 -->
  <testcase name="TCED14092" time="0.0" classname="com.analyzeByScore.ItemAnalysisbyQuestion">
    <skipped/>
  </testcase> <!-- TCED14092 -->
  <testcase name="TCED14093" time="0.0" classname="com.analyzeByScore.ItemAnalysisbyQuestion">
    <skipped/>
  </testcase> <!-- TCED14093 -->
  <testcase name="TCED14094" time="0.0" classname="com.analyzeByScore.ItemAnalysisbyQuestion">
    <skipped/>
  </testcase> <!-- TCED14094 -->
  <testcase name="TCED14095" time="0.0" classname="com.analyzeByScore.ItemAnalysisbyQuestion">
    <skipped/>
  </testcase> <!-- TCED14095 -->
  <testcase name="TCED14096" time="0.0" classname="com.analyzeByScore.ItemAnalysisbyQuestion">
    <skipped/>
  </testcase> <!-- TCED14096 -->
  <testcase name="TCED14097" time="0.0" classname="com.analyzeByScore.ItemAnalysisbyQuestion">
    <skipped/>
  </testcase> <!-- TCED14097 -->
  <testcase name="TCED14098" time="0.0" classname="com.analyzeByScore.ItemAnalysisbyQuestion">
    <skipped/>
  </testcase> <!-- TCED14098 -->
  <testcase name="TCED14099" time="0.0" classname="com.analyzeByScore.ItemAnalysisbyQuestion">
    <skipped/>
  </testcase> <!-- TCED14099 -->
  <testcase name="TCED14100" time="0.0" classname="com.analyzeByScore.ItemAnalysisbyQuestion">
    <skipped/>
  </testcase> <!-- TCED14100 -->
  <testcase name="TCED14101" time="0.0" classname="com.analyzeByScore.ItemAnalysisbyQuestion">
    <skipped/>
  </testcase> <!-- TCED14101 -->
  <testcase name="TCED14102" time="0.0" classname="com.analyzeByScore.ItemAnalysisbyQuestion">
    <skipped/>
  </testcase> <!-- TCED14102 -->
  <testcase name="TCED14103" time="0.0" classname="com.analyzeByScore.ItemAnalysisbyQuestion">
    <skipped/>
  </testcase> <!-- TCED14103 -->
  <testcase name="TCED14104" time="0.0" classname="com.analyzeByScore.ItemAnalysisbyQuestion">
    <skipped/>
  </testcase> <!-- TCED14104 -->
>>>>>>> 843e4f0764a67c2d23102d183f8c51790065e09a
</testsuite> <!-- Test -->
