<?xml version="1.0" encoding="UTF-8"?>
<!-- Generated by org.testng.reporters.JUnitXMLReporter -->
<<<<<<< HEAD
<testsuite ignored="0" hostname="QA-Scheduler" failures="0" tests="3" name="Test" time="41.436" errors="0" timestamp="31 Oct 2018 13:29:21 GMT">
  <testcase classname="com.MTSS.TierHistoryReport" name="TCED22706" time="17.361"/>
  <testcase classname="com.MTSS.TierHistoryReport" name="TCED22707" time="9.34"/>
  <testcase classname="com.MTSS.TierHistoryReport" name="TCED22711" time="9.301"/>
=======
<testsuite hostname="Vofox-Sebastian" ignored="0" name="Test" tests="17" failures="0" timestamp="31 Oct 2018 12:59:04 GMT" time="17.843" errors="0">
  <testcase name="@BeforeTest setup1" time="17.841" classname="Library.BaseClassOne">
    <failure type="org.openqa.selenium.WebDriverException" message="Process unexpectedly closed with status 0
Build info: version: &amp;apos;3.11.0&amp;apos;, revision: &amp;apos;e59cfb3&amp;apos;, time: &amp;apos;2018-03-11T20:26:55.152Z&amp;apos;
System info: host: &amp;apos;VOFOX-SEBASTIAN&amp;apos;, ip: &amp;apos;192.168.10.130&amp;apos;, os.name: &amp;apos;Windows 10&amp;apos;, os.arch: &amp;apos;amd64&amp;apos;, os.version: &amp;apos;10.0&amp;apos;, java.version: &amp;apos;1.8.0_111&amp;apos;
Driver info: driver.version: FirefoxDriver
remote stacktrace: ">
      <![CDATA[org.openqa.selenium.WebDriverException: Process unexpectedly closed with status 0
Build info: version: '3.11.0', revision: 'e59cfb3', time: '2018-03-11T20:26:55.152Z'
System info: host: 'VOFOX-SEBASTIAN', ip: '192.168.10.130', os.name: 'Windows 10', os.arch: 'amd64', os.version: '10.0', java.version: '1.8.0_111'
Driver info: driver.version: FirefoxDriver
remote stacktrace: 
at org.openqa.selenium.remote.W3CHandshakeResponse.lambda$new$0(W3CHandshakeResponse.java:57)
at org.openqa.selenium.remote.W3CHandshakeResponse.lambda$getResponseFunction$2(W3CHandshakeResponse.java:104)
at org.openqa.selenium.remote.ProtocolHandshake.lambda$createSession$0(ProtocolHandshake.java:123)
at java.util.stream.ReferencePipeline$3$1.accept(ReferencePipeline.java:193)
at java.util.Spliterators$ArraySpliterator.tryAdvance(Spliterators.java:958)
at java.util.stream.ReferencePipeline.forEachWithCancel(ReferencePipeline.java:126)
at java.util.stream.AbstractPipeline.copyIntoWithCancel(AbstractPipeline.java:498)
at java.util.stream.AbstractPipeline.copyInto(AbstractPipeline.java:485)
at java.util.stream.AbstractPipeline.wrapAndCopyInto(AbstractPipeline.java:471)
at java.util.stream.FindOps$FindOp.evaluateSequential(FindOps.java:152)
at java.util.stream.AbstractPipeline.evaluate(AbstractPipeline.java:234)
at java.util.stream.ReferencePipeline.findFirst(ReferencePipeline.java:464)
at org.openqa.selenium.remote.ProtocolHandshake.createSession(ProtocolHandshake.java:126)
at org.openqa.selenium.remote.ProtocolHandshake.createSession(ProtocolHandshake.java:73)
at org.openqa.selenium.remote.HttpCommandExecutor.execute(HttpCommandExecutor.java:136)
at org.openqa.selenium.remote.service.DriverCommandExecutor.execute(DriverCommandExecutor.java:83)
at org.openqa.selenium.remote.RemoteWebDriver.execute(RemoteWebDriver.java:545)
at org.openqa.selenium.remote.RemoteWebDriver.startSession(RemoteWebDriver.java:209)
at org.openqa.selenium.remote.RemoteWebDriver.<init>(RemoteWebDriver.java:132)
at org.openqa.selenium.firefox.FirefoxDriver.<init>(FirefoxDriver.java:120)
at Library.BaseClassOne.setup1(BaseClassOne.java:116)
... Removed 30 stack frames]]>
    </failure>
  </testcase> <!-- @BeforeTest setup1 -->
  <testcase name="@AfterTest tearDown" time="0.0" classname="Library.BaseClassOne">
    <skipped/>
  </testcase> <!-- @AfterTest tearDown -->
  <testcase name="TCED22601" time="0.0" classname="com.MTSS.TeamDecisionReport">
    <skipped/>
  </testcase> <!-- TCED22601 -->
  <testcase name="TCED22602" time="0.0" classname="com.MTSS.TeamDecisionReport">
    <skipped/>
  </testcase> <!-- TCED22602 -->
  <testcase name="TCED22603" time="0.0" classname="com.MTSS.TeamDecisionReport">
    <skipped/>
  </testcase> <!-- TCED22603 -->
  <testcase name="TCED22604" time="0.0" classname="com.MTSS.TeamDecisionReport">
    <skipped/>
  </testcase> <!-- TCED22604 -->
  <testcase name="TCED22605" time="0.0" classname="com.MTSS.TeamDecisionReport">
    <skipped/>
  </testcase> <!-- TCED22605 -->
  <testcase name="TCED22606" time="0.0" classname="com.MTSS.TeamDecisionReport">
    <skipped/>
  </testcase> <!-- TCED22606 -->
  <testcase name="TCED22607" time="0.0" classname="com.MTSS.TeamDecisionReport">
    <skipped/>
  </testcase> <!-- TCED22607 -->
  <testcase name="TCED22608" time="0.0" classname="com.MTSS.TeamDecisionReport">
    <skipped/>
  </testcase> <!-- TCED22608 -->
  <testcase name="TCED22609" time="0.0" classname="com.MTSS.TeamDecisionReport">
    <skipped/>
  </testcase> <!-- TCED22609 -->
  <testcase name="TCED22610" time="0.0" classname="com.MTSS.TeamDecisionReport">
    <skipped/>
  </testcase> <!-- TCED22610 -->
  <testcase name="TCED22611" time="0.0" classname="com.MTSS.TeamDecisionReport">
    <skipped/>
  </testcase> <!-- TCED22611 -->
  <testcase name="TCED22612" time="0.0" classname="com.MTSS.TeamDecisionReport">
    <skipped/>
  </testcase> <!-- TCED22612 -->
  <testcase name="TCED22613" time="0.0" classname="com.MTSS.TeamDecisionReport">
    <skipped/>
  </testcase> <!-- TCED22613 -->
  <testcase name="TCED22614" time="0.0" classname="com.MTSS.TeamDecisionReport">
    <skipped/>
  </testcase> <!-- TCED22614 -->
  <testcase name="TCED22615" time="0.0" classname="com.MTSS.TeamDecisionReport">
    <skipped/>
  </testcase> <!-- TCED22615 -->
  <testcase name="TCED22616" time="0.0" classname="com.MTSS.TeamDecisionReport">
    <skipped/>
  </testcase> <!-- TCED22616 -->
  <testcase name="TCED22617" time="0.0" classname="com.MTSS.TeamDecisionReport">
    <skipped/>
  </testcase> <!-- TCED22617 -->
>>>>>>> 843e4f0764a67c2d23102d183f8c51790065e09a
</testsuite> <!-- Test -->
