<?xml version="1.0" encoding="UTF-8"?>
<!-- Generated by org.testng.reporters.JUnitXMLReporter -->
<<<<<<< HEAD
<testsuite ignored="0" hostname="QA-Scheduler" failures="1" tests="5" name="Test" time="148.294" errors="0" timestamp="31 Oct 2018 12:58:02 GMT">
  <testcase classname="com.curriculum.CTE_Competency_List" name="TCED30701" time="34.981"/>
  <testcase classname="com.curriculum.CTE_Competency_List" name="TCED30702" time="0.914"/>
  <testcase classname="com.curriculum.CTE_Competency_List" name="TCED30703" time="35.523">
    <failure type="java.lang.AssertionError" message="Failed to download document which has extension .PDF expected [true] but found [false]">
      <![CDATA[java.lang.AssertionError: Failed to download document which has extension .PDF expected [true] but found [false]
at com.curriculum.CTE_Competency_List.TCED30703(CTE_Competency_List.java:114)
... Removed 31 stack frames]]>
    </failure>
  </testcase> <!-- TCED30703 -->
  <testcase classname="com.curriculum.CTE_Competency_List" name="TCED30704" time="35.813"/>
  <testcase classname="com.curriculum.CTE_Competency_List" name="TCED30705" time="35.98"/>
=======
<testsuite hostname="Vofox-Sebastian" ignored="0" name="Test" tests="5" failures="0" timestamp="31 Oct 2018 12:51:10 GMT" time="158.514" errors="0">
  <testcase name="TCED30701" time="35.907" classname="com.curriculum.CTE_Competency_List"/>
  <testcase name="TCED30702" time="1.377" classname="com.curriculum.CTE_Competency_List"/>
  <testcase name="TCED30703" time="35.874" classname="com.curriculum.CTE_Competency_List"/>
  <testcase name="TCED30704" time="35.784" classname="com.curriculum.CTE_Competency_List"/>
  <testcase name="TCED30705" time="36.725" classname="com.curriculum.CTE_Competency_List"/>
>>>>>>> 843e4f0764a67c2d23102d183f8c51790065e09a
</testsuite> <!-- Test -->
