<?xml version="1.0" encoding="UTF-8"?>
<!-- Generated by org.testng.reporters.JUnitXMLReporter -->
<testsuite ignored="0" hostname="QA-Scheduler" failures="1" tests="5" name="Test" time="36.172" errors="0" timestamp="31 Oct 2018 12:49:36 GMT">
  <testcase classname="com.curriculum.Copy_Current_Map" name="TCED29501" time="16.323"/>
  <testcase classname="com.curriculum.Copy_Current_Map" name="TCED29502" time="0.829"/>
  <testcase classname="com.curriculum.Copy_Current_Map" name="TCED29503" time="1.065"/>
  <testcase classname="com.curriculum.Copy_Current_Map" name="TCED29504" time="4.777"/>
  <testcase classname="com.curriculum.Copy_Current_Map" name="TCED29505" time="8.455">
    <failure type="java.lang.AssertionError" message="expected [Add Topic...] but found [Topic1]">
      <![CDATA[java.lang.AssertionError: expected [Add Topic...] but found [Topic1]
at com.curriculum.Copy_Current_Map.TCED29505(Copy_Current_Map.java:311)
... Removed 34 stack frames]]>
    </failure>
  </testcase> <!-- TCED29505 -->
</testsuite> <!-- Test -->
