<?xml version="1.0" encoding="UTF-8"?>
<!-- Generated by org.testng.reporters.JUnitXMLReporter -->
<<<<<<< HEAD
<testsuite ignored="0" hostname="QA-Scheduler" failures="4" tests="8" name="Test" time="45.054" errors="0" timestamp="07 Nov 2018 12:41:26 GMT">
  <testcase classname="com.curriculum.Standards_Coverage_Report" name="TCED30201" time="12.119">
    <failure type="java.lang.AssertionError" message="failed to assert text  For Automation [Do not Edit and Delete] expected [true] but found [false]">
      <![CDATA[java.lang.AssertionError: failed to assert text  For Automation [Do not Edit and Delete] expected [true] but found [false]
at com.curriculum.Standards_Coverage_Report.TCED30201(Standards_Coverage_Report.java:65)
... Removed 28 stack frames]]>
    </failure>
  </testcase> <!-- TCED30201 -->
  <testcase classname="com.curriculum.Standards_Coverage_Report" name="TCED30202" time="0.612">
    <failure type="java.lang.AssertionError" message="failed to assert textMaps selected: For Automation [Do not Edit and Delete] expected [true] but found [false]">
      <![CDATA[java.lang.AssertionError: failed to assert textMaps selected: For Automation [Do not Edit and Delete] expected [true] but found [false]
at com.curriculum.Analyze_curriculam.TCED29703(Analyze_curriculam.java:115)
at com.curriculum.Standards_Coverage_Report.TCED30202(Standards_Coverage_Report.java:89)
... Removed 28 stack frames]]>
    </failure>
  </testcase> <!-- TCED30202 -->
  <testcase classname="com.curriculum.Standards_Coverage_Report" name="TCED30203" time="2.691"/>
  <testcase classname="com.curriculum.Standards_Coverage_Report" name="TCED30204" time="0.016">
    <failure type="java.lang.AssertionError" message="failed to assert text For Automation [Do not Edit and Delete] expected [true] but found [false]">
      <![CDATA[java.lang.AssertionError: failed to assert text For Automation [Do not Edit and Delete] expected [true] but found [false]
at com.curriculum.Analyze_curriculam.TCED29705(Analyze_curriculam.java:188)
at com.curriculum.Standards_Coverage_Report.TCED30204(Standards_Coverage_Report.java:130)
... Removed 28 stack frames]]>
    </failure>
  </testcase> <!-- TCED30204 -->
  <testcase classname="com.curriculum.Standards_Coverage_Report" name="TCED30205" time="1.647"/>
  <testcase classname="com.curriculum.Standards_Coverage_Report" name="TCED30206" time="0.047">
    <failure type="java.lang.AssertionError" message="failed to assert text  For Automation [Do not Edit and Delete] expected [true] but found [false]">
      <![CDATA[java.lang.AssertionError: failed to assert text  For Automation [Do not Edit and Delete] expected [true] but found [false]
at com.curriculum.Analyze_curriculam.TCED29707(Analyze_curriculam.java:253)
at com.curriculum.Standards_Coverage_Report.TCED30206(Standards_Coverage_Report.java:171)
... Removed 28 stack frames]]>
    </failure>
  </testcase> <!-- TCED30206 -->
  <testcase classname="com.curriculum.Standards_Coverage_Report" name="TCED30207" time="11.283"/>
  <testcase classname="com.curriculum.Standards_Coverage_Report" name="TCED30208" time="11.338"/>
=======
<testsuite hostname="Ans-A" name="Test" tests="15" failures="0" timestamp="7 Nov 2018 10:58:53 GMT" time="1.207" errors="0">
  <testcase name="@BeforeTest setup1" time="0.0" classname="com.analyzeByScore.StudentAssessmentAdministrationResultsbyTeacher">
    <failure type="java.lang.IllegalStateException" message="The driver executable does not exist: e:\Jars\geckodriver.exe">
      <![CDATA[java.lang.IllegalStateException: The driver executable does not exist: e:\Jars\geckodriver.exe
	at com.google.common.base.Preconditions.checkState(Preconditions.java:585)
	at org.openqa.selenium.remote.service.DriverService.checkExecutable(DriverService.java:136)
	at org.openqa.selenium.remote.service.DriverService.findExecutable(DriverService.java:131)
	at org.openqa.selenium.firefox.GeckoDriverService.access$100(GeckoDriverService.java:41)
	at org.openqa.selenium.firefox.GeckoDriverService$Builder.findDefaultExecutable(GeckoDriverService.java:141)
	at org.openqa.selenium.remote.service.DriverService$Builder.build(DriverService.java:339)
	at org.openqa.selenium.firefox.FirefoxDriver.toExecutor(FirefoxDriver.java:158)
	at org.openqa.selenium.firefox.FirefoxDriver.<init>(FirefoxDriver.java:120)
	at Library.BaseClassOne.setup1(BaseClassOne.java:120)
... Removed 23 stack frames]]>
    </failure>
  </testcase> <!-- @BeforeTest setup1 -->
  <testcase name="@AfterTest tearDown" time="0.0" classname="com.analyzeByScore.StudentAssessmentAdministrationResultsbyTeacher">
    <skipped/>
  </testcase> <!-- @AfterTest tearDown -->
  <testcase name="TCED14151" time="0.002" classname="com.analyzeByScore.StudentAssessmentAdministrationResultsbyTeacher">
    <skipped/>
  </testcase> <!-- TCED14151 -->
  <testcase name="TCED14152" time="0.002" classname="com.analyzeByScore.StudentAssessmentAdministrationResultsbyTeacher">
    <skipped/>
  </testcase> <!-- TCED14152 -->
  <testcase name="TCED14153" time="0.001" classname="com.analyzeByScore.StudentAssessmentAdministrationResultsbyTeacher">
    <skipped/>
  </testcase> <!-- TCED14153 -->
  <testcase name="TCED14154" time="0.0" classname="com.analyzeByScore.StudentAssessmentAdministrationResultsbyTeacher">
    <skipped/>
  </testcase> <!-- TCED14154 -->
  <testcase name="TCED14155" time="0.001" classname="com.analyzeByScore.StudentAssessmentAdministrationResultsbyTeacher">
    <skipped/>
  </testcase> <!-- TCED14155 -->
  <testcase name="TCED14156" time="0.0" classname="com.analyzeByScore.StudentAssessmentAdministrationResultsbyTeacher">
    <skipped/>
  </testcase> <!-- TCED14156 -->
  <testcase name="TCED14157" time="0.002" classname="com.analyzeByScore.StudentAssessmentAdministrationResultsbyTeacher">
    <skipped/>
  </testcase> <!-- TCED14157 -->
  <testcase name="TCED14158" time="0.001" classname="com.analyzeByScore.StudentAssessmentAdministrationResultsbyTeacher">
    <skipped/>
  </testcase> <!-- TCED14158 -->
  <testcase name="TCED14159" time="0.001" classname="com.analyzeByScore.StudentAssessmentAdministrationResultsbyTeacher">
    <skipped/>
  </testcase> <!-- TCED14159 -->
  <testcase name="TCED14160" time="0.0" classname="com.analyzeByScore.StudentAssessmentAdministrationResultsbyTeacher">
    <skipped/>
  </testcase> <!-- TCED14160 -->
  <testcase name="TCED14161" time="0.001" classname="com.analyzeByScore.StudentAssessmentAdministrationResultsbyTeacher">
    <skipped/>
  </testcase> <!-- TCED14161 -->
  <testcase name="TCED14162" time="0.0" classname="com.analyzeByScore.StudentAssessmentAdministrationResultsbyTeacher">
    <skipped/>
  </testcase> <!-- TCED14162 -->
  <testcase name="TCED14163" time="0.001" classname="com.analyzeByScore.StudentAssessmentAdministrationResultsbyTeacher">
    <skipped/>
  </testcase> <!-- TCED14163 -->
  <testcase name="TCED14164" time="0.001" classname="com.analyzeByScore.StudentAssessmentAdministrationResultsbyTeacher">
    <skipped/>
  </testcase> <!-- TCED14164 -->
  <testcase name="TCED14165" time="0.001" classname="com.analyzeByScore.StudentAssessmentAdministrationResultsbyTeacher">
    <skipped/>
  </testcase> <!-- TCED14165 -->
>>>>>>> 7614e8ce5926c26ec0fe782b72ef336386af5d6b
</testsuite> <!-- Test -->
