<?xml version="1.0" encoding="UTF-8"?>
<!-- Generated by org.testng.reporters.JUnitXMLReporter -->
<testsuite hostname="AKHIL-TS" name="Mozhilla Browser" tests="4" failures="2" timestamp="16 Jul 2018 13:09:42 GMT" time="64.826" errors="0">
  <testcase name="TCED14124" time="10.623" classname="com.analyzeByScore.AnalyzeByQuestion">
    <failure type="java.lang.AssertionError" message="null">
      <![CDATA[java.lang.AssertionError: null
	at com.analyzeByScore.AnalyzeByQuestion.TCED14124(AnalyzeByQuestion.java:68)
... Removed 26 stack frames]]>
    </failure>
  </testcase> <!-- TCED14124 -->
  <testcase name="TCED14125" time="8.318" classname="com.analyzeByScore.AnalyzeByQuestion"/>
  <testcase name="TCED14126" time="17.893" classname="com.analyzeByScore.AnalyzeByQuestion"/>
  <testcase name="TCED14127" time="16.084" classname="com.analyzeByScore.AnalyzeByQuestion">
    <failure type="java.lang.AssertionError" message="Unable to locate element: *[name=&amp;apos;AssessmentPrint&amp;apos;]
For documentation on this error, please visit: http://seleniumhq.org/exceptions/no_such_element.html
Build info: version: &amp;apos;3.11.0&amp;apos;, revision: &amp;apos;e59cfb3&amp;apos;, time: &amp;apos;2018-03-11T20:26:55.152Z&amp;apos;
System info: host: &amp;apos;AKHIL-TS&amp;apos;, ip: &amp;apos;192.168.0.105&amp;apos;, os.name: &amp;apos;Windows 7&amp;apos;, os.arch: &amp;apos;x86&amp;apos;, os.version: &amp;apos;6.1&amp;apos;, java.version: &amp;apos;1.8.0_112&amp;apos;
Driver info: org.openqa.selenium.firefox.FirefoxDriver
Capabilities {acceptInsecureCerts: true, browserName: firefox, browserVersion: 61.0, javascriptEnabled: true, moz:accessibilityChecks: false, moz:headless: false, moz:processID: 2880, moz:profile: D:\Users\Akhil-TS\AppData\L..., moz:useNonSpecCompliantPointerOrigin: false, moz:webdriverClick: true, pageLoadStrategy: normal, platform: XP, platformName: XP, platformVersion: 6.1, rotatable: false, timeouts: {implicit: 0, pageLoad: 300000, script: 30000}}
Session ID: 9af24f88-53c8-4300-a3f8-c82cf9181f9d
*** Element info: {Using=name, value=AssessmentPrint}">
      <![CDATA[java.lang.AssertionError: Unable to locate element: *[name='AssessmentPrint']
For documentation on this error, please visit: http://seleniumhq.org/exceptions/no_such_element.html
Build info: version: '3.11.0', revision: 'e59cfb3', time: '2018-03-11T20:26:55.152Z'
System info: host: 'AKHIL-TS', ip: '192.168.0.105', os.name: 'Windows 7', os.arch: 'x86', os.version: '6.1', java.version: '1.8.0_112'
Driver info: org.openqa.selenium.firefox.FirefoxDriver
Capabilities {acceptInsecureCerts: true, browserName: firefox, browserVersion: 61.0, javascriptEnabled: true, moz:accessibilityChecks: false, moz:headless: false, moz:processID: 2880, moz:profile: D:\Users\Akhil-TS\AppData\L..., moz:useNonSpecCompliantPointerOrigin: false, moz:webdriverClick: true, pageLoadStrategy: normal, platform: XP, platformName: XP, platformVersion: 6.1, rotatable: false, timeouts: {implicit: 0, pageLoad: 300000, script: 30000}}
Session ID: 9af24f88-53c8-4300-a3f8-c82cf9181f9d
*** Element info: {Using=name, value=AssessmentPrint}
	at com.analyzeByScore.AnalyzeByQuestion.TCED14127(AnalyzeByQuestion.java:215)
... Removed 26 stack frames]]>
    </failure>
  </testcase> <!-- TCED14127 -->
</testsuite> <!-- Mozhilla Browser -->
