<?xml version="1.0" encoding="UTF-8"?>
<!-- Generated by org.testng.reporters.JUnitXMLReporter -->
<testsuite hostname="AKHIL-TS" name="Mozhilla Browser1" tests="4" failures="1" timestamp="16 Jul 2018 13:11:00 GMT" time="77.577" errors="0">
  <testcase name="TCED14424" time="22.051" classname="com.analyzeByScore.AnalyzebyHigherOrderThinkingSkills"/>
  <testcase name="TCED14425" time="8.32" classname="com.analyzeByScore.AnalyzebyHigherOrderThinkingSkills"/>
  <testcase name="TCED14426" time="17.857" classname="com.analyzeByScore.AnalyzebyHigherOrderThinkingSkills"/>
  <testcase name="TCED14427" time="16.07" classname="com.analyzeByScore.AnalyzebyHigherOrderThinkingSkills">
    <failure type="java.lang.AssertionError" message="Unable to locate element: *[name=&amp;apos;AssessmentPrint&amp;apos;]
For documentation on this error, please visit: http://seleniumhq.org/exceptions/no_such_element.html
Build info: version: &amp;apos;3.11.0&amp;apos;, revision: &amp;apos;e59cfb3&amp;apos;, time: &amp;apos;2018-03-11T20:26:55.152Z&amp;apos;
System info: host: &amp;apos;AKHIL-TS&amp;apos;, ip: &amp;apos;192.168.0.105&amp;apos;, os.name: &amp;apos;Windows 7&amp;apos;, os.arch: &amp;apos;x86&amp;apos;, os.version: &amp;apos;6.1&amp;apos;, java.version: &amp;apos;1.8.0_112&amp;apos;
Driver info: org.openqa.selenium.firefox.FirefoxDriver
Capabilities {acceptInsecureCerts: true, browserName: firefox, browserVersion: 61.0, javascriptEnabled: true, moz:accessibilityChecks: false, moz:headless: false, moz:processID: 5624, moz:profile: D:\Users\Akhil-TS\AppData\L..., moz:useNonSpecCompliantPointerOrigin: false, moz:webdriverClick: true, pageLoadStrategy: normal, platform: XP, platformName: XP, platformVersion: 6.1, rotatable: false, timeouts: {implicit: 0, pageLoad: 300000, script: 30000}}
Session ID: 8c6a6eaf-492b-49f0-92bf-0011c553abdb
*** Element info: {Using=name, value=AssessmentPrint}">
      <![CDATA[java.lang.AssertionError: Unable to locate element: *[name='AssessmentPrint']
For documentation on this error, please visit: http://seleniumhq.org/exceptions/no_such_element.html
Build info: version: '3.11.0', revision: 'e59cfb3', time: '2018-03-11T20:26:55.152Z'
System info: host: 'AKHIL-TS', ip: '192.168.0.105', os.name: 'Windows 7', os.arch: 'x86', os.version: '6.1', java.version: '1.8.0_112'
Driver info: org.openqa.selenium.firefox.FirefoxDriver
Capabilities {acceptInsecureCerts: true, browserName: firefox, browserVersion: 61.0, javascriptEnabled: true, moz:accessibilityChecks: false, moz:headless: false, moz:processID: 5624, moz:profile: D:\Users\Akhil-TS\AppData\L..., moz:useNonSpecCompliantPointerOrigin: false, moz:webdriverClick: true, pageLoadStrategy: normal, platform: XP, platformName: XP, platformVersion: 6.1, rotatable: false, timeouts: {implicit: 0, pageLoad: 300000, script: 30000}}
Session ID: 8c6a6eaf-492b-49f0-92bf-0011c553abdb
*** Element info: {Using=name, value=AssessmentPrint}
	at com.analyzeByScore.AnalyzebyHigherOrderThinkingSkills.TCED14427(AnalyzebyHigherOrderThinkingSkills.java:204)
... Removed 26 stack frames]]>
    </failure>
  </testcase> <!-- TCED14427 -->
</testsuite> <!-- Mozhilla Browser1 -->
