<?xml version="1.0" encoding="UTF-8"?>
<!-- Generated by org.testng.reporters.JUnitXMLReporter -->
<<<<<<< HEAD
<testsuite ignored="0" hostname="QA-Scheduler" failures="0" tests="10" name="Test" time="32.351" errors="0" timestamp="31 Oct 2018 12:32:46 GMT">
  <testcase classname="com.localassessment.Score_Class_Results_Online" name="TCED13021" time="5.954"/>
  <testcase classname="com.localassessment.Score_Class_Results_Online" name="TCED13022" time="5.933"/>
  <testcase classname="com.localassessment.Score_Class_Results_Online" name="TCED13023" time="0.156"/>
  <testcase classname="com.localassessment.Score_Class_Results_Online" name="TCED13024" time="0.777"/>
  <testcase classname="com.localassessment.Score_Class_Results_Online" name="TCED13025" time="0.801"/>
  <testcase classname="com.localassessment.Score_Class_Results_Online" name="TCED13026" time="2.194"/>
  <testcase classname="com.localassessment.Score_Class_Results_Online" name="TCED13027" time="3.512"/>
  <testcase classname="com.localassessment.Score_Class_Results_Online" name="TCED13028" time="3.169"/>
  <testcase classname="com.localassessment.Score_Class_Results_Online" name="TCED13029" time="0.719"/>
  <testcase classname="com.localassessment.Score_Class_Results_Online" name="TCED13030" time="3.601"/>
=======
<testsuite hostname="Vofox-Sebastian" ignored="0" name="Test" tests="10" failures="0" timestamp="31 Oct 2018 12:22:10 GMT" time="18.62" errors="0">
  <testcase name="@BeforeTest setup1" time="18.59" classname="Library.BaseClassOne">
    <failure type="org.openqa.selenium.WebDriverException" message="Failed to decode response from marionette
Build info: version: &amp;apos;3.11.0&amp;apos;, revision: &amp;apos;e59cfb3&amp;apos;, time: &amp;apos;2018-03-11T20:26:55.152Z&amp;apos;
System info: host: &amp;apos;VOFOX-SEBASTIAN&amp;apos;, ip: &amp;apos;192.168.10.130&amp;apos;, os.name: &amp;apos;Windows 10&amp;apos;, os.arch: &amp;apos;amd64&amp;apos;, os.version: &amp;apos;10.0&amp;apos;, java.version: &amp;apos;1.8.0_111&amp;apos;
Driver info: driver.version: FirefoxDriver
remote stacktrace: ">
      <![CDATA[org.openqa.selenium.WebDriverException: Failed to decode response from marionette
Build info: version: '3.11.0', revision: 'e59cfb3', time: '2018-03-11T20:26:55.152Z'
System info: host: 'VOFOX-SEBASTIAN', ip: '192.168.10.130', os.name: 'Windows 10', os.arch: 'amd64', os.version: '10.0', java.version: '1.8.0_111'
Driver info: driver.version: FirefoxDriver
remote stacktrace: 
at org.openqa.selenium.remote.W3CHandshakeResponse.lambda$new$0(W3CHandshakeResponse.java:57)
at org.openqa.selenium.remote.W3CHandshakeResponse.lambda$getResponseFunction$2(W3CHandshakeResponse.java:104)
at org.openqa.selenium.remote.ProtocolHandshake.lambda$createSession$0(ProtocolHandshake.java:123)
at java.util.stream.ReferencePipeline$3$1.accept(ReferencePipeline.java:193)
at java.util.Spliterators$ArraySpliterator.tryAdvance(Spliterators.java:958)
at java.util.stream.ReferencePipeline.forEachWithCancel(ReferencePipeline.java:126)
at java.util.stream.AbstractPipeline.copyIntoWithCancel(AbstractPipeline.java:498)
at java.util.stream.AbstractPipeline.copyInto(AbstractPipeline.java:485)
at java.util.stream.AbstractPipeline.wrapAndCopyInto(AbstractPipeline.java:471)
at java.util.stream.FindOps$FindOp.evaluateSequential(FindOps.java:152)
at java.util.stream.AbstractPipeline.evaluate(AbstractPipeline.java:234)
at java.util.stream.ReferencePipeline.findFirst(ReferencePipeline.java:464)
at org.openqa.selenium.remote.ProtocolHandshake.createSession(ProtocolHandshake.java:126)
at org.openqa.selenium.remote.ProtocolHandshake.createSession(ProtocolHandshake.java:73)
at org.openqa.selenium.remote.HttpCommandExecutor.execute(HttpCommandExecutor.java:136)
at org.openqa.selenium.remote.service.DriverCommandExecutor.execute(DriverCommandExecutor.java:83)
at org.openqa.selenium.remote.RemoteWebDriver.execute(RemoteWebDriver.java:545)
at org.openqa.selenium.remote.RemoteWebDriver.startSession(RemoteWebDriver.java:209)
at org.openqa.selenium.remote.RemoteWebDriver.<init>(RemoteWebDriver.java:132)
at org.openqa.selenium.firefox.FirefoxDriver.<init>(FirefoxDriver.java:120)
at Library.BaseClassOne.setup1(BaseClassOne.java:116)
... Removed 31 stack frames]]>
    </failure>
  </testcase> <!-- @BeforeTest setup1 -->
  <testcase name="@AfterTest tearDown" time="0.0" classname="Library.BaseClassOne">
    <skipped/>
  </testcase> <!-- @AfterTest tearDown -->
  <testcase name="TCED13021" time="0.0" classname="com.localassessment.Score_Class_Results_Online">
    <skipped/>
  </testcase> <!-- TCED13021 -->
  <testcase name="TCED13022" time="0.0" classname="com.localassessment.Score_Class_Results_Online">
    <skipped/>
  </testcase> <!-- TCED13022 -->
  <testcase name="TCED13023" time="0.0" classname="com.localassessment.Score_Class_Results_Online">
    <skipped/>
  </testcase> <!-- TCED13023 -->
  <testcase name="TCED13024" time="0.0" classname="com.localassessment.Score_Class_Results_Online">
    <skipped/>
  </testcase> <!-- TCED13024 -->
  <testcase name="TCED13025" time="0.0" classname="com.localassessment.Score_Class_Results_Online">
    <skipped/>
  </testcase> <!-- TCED13025 -->
  <testcase name="TCED13026" time="0.0" classname="com.localassessment.Score_Class_Results_Online">
    <skipped/>
  </testcase> <!-- TCED13026 -->
  <testcase name="TCED13027" time="0.0" classname="com.localassessment.Score_Class_Results_Online">
    <skipped/>
  </testcase> <!-- TCED13027 -->
  <testcase name="TCED13028" time="0.0" classname="com.localassessment.Score_Class_Results_Online">
    <skipped/>
  </testcase> <!-- TCED13028 -->
  <testcase name="TCED13029" time="0.0" classname="com.localassessment.Score_Class_Results_Online">
    <skipped/>
  </testcase> <!-- TCED13029 -->
  <testcase name="TCED13030" time="0.0" classname="com.localassessment.Score_Class_Results_Online">
    <skipped/>
  </testcase> <!-- TCED13030 -->
>>>>>>> 843e4f0764a67c2d23102d183f8c51790065e09a
</testsuite> <!-- Test -->
