<?xml version="1.0" encoding="UTF-8"?>
<!-- Generated by org.testng.reporters.JUnitXMLReporter -->
<testsuite ignored="0" hostname="QA-Scheduler" failures="4" tests="6" name="Test" time="123.531" errors="0" timestamp="31 Oct 2018 13:04:57 GMT">
  <testcase classname="com.localassessment.Copy_assessment_vendor" name="TCED15001" time="5.984"/>
  <testcase classname="com.localassessment.Copy_assessment_vendor" name="TCED15002" time="3.774"/>
  <testcase classname="com.localassessment.Copy_assessment_vendor" name="TCED15003" time="30.032">
    <failure type="java.lang.AssertionError" message="No frame element found by name or id rwCopyAssessment
Build info: version: &amp;apos;3.11.0&amp;apos;, revision: &amp;apos;e59cfb3&amp;apos;, time: &amp;apos;2018-03-11T20:26:55.152Z&amp;apos;
System info: host: &amp;apos;QA-SCHEDULER&amp;apos;, ip: &amp;apos;192.168.10.111&amp;apos;, os.name: &amp;apos;Windows 10&amp;apos;, os.arch: &amp;apos;amd64&amp;apos;, os.version: &amp;apos;10.0&amp;apos;, java.version: &amp;apos;10.0.2&amp;apos;
Driver info: driver.version: unknown">
      <![CDATA[java.lang.AssertionError: No frame element found by name or id rwCopyAssessment
Build info: version: '3.11.0', revision: 'e59cfb3', time: '2018-03-11T20:26:55.152Z'
System info: host: 'QA-SCHEDULER', ip: '192.168.10.111', os.name: 'Windows 10', os.arch: 'amd64', os.version: '10.0', java.version: '10.0.2'
Driver info: driver.version: unknown
at com.localassessment.Copy_assessment_vendor.TCED15003(Copy_assessment_vendor.java:68)
... Removed 29 stack frames]]>
    </failure>
  </testcase> <!-- TCED15003 -->
  <testcase classname="com.localassessment.Copy_assessment_vendor" name="TCED15004" time="15.027">
    <failure type="java.lang.AssertionError" message="Could not find any element matching &amp;apos;//*[@id=&amp;apos;aspnetForm&amp;apos;]/div[4]/div/table/tbody/tr[2]/td/table/tbody/tr[1]/td[1]&amp;apos;">
      <![CDATA[java.lang.AssertionError: Could not find any element matching '//*[@id='aspnetForm']/div[4]/div/table/tbody/tr[2]/td/table/tbody/tr[1]/td[1]'
at Library.BaseClassOne.find(BaseClassOne.java:221)
at Library.BaseClassOne.getText(BaseClassOne.java:391)
at Library.BaseClassOne.getText(BaseClassOne.java:341)
at com.localassessment.Copy_assessment_vendor.TCED15004(Copy_assessment_vendor.java:80)
... Removed 28 stack frames]]>
    </failure>
  </testcase> <!-- TCED15004 -->
  <testcase classname="com.localassessment.Copy_assessment_vendor" name="TCED15005" time="30.243">
    <failure type="java.lang.AssertionError" message="Timeout during waiting for element: &amp;apos;//*[@id=&amp;apos;ctl00_ContentPlaceHolder1_btnSaveAssessment&amp;apos;]&amp;apos;">
      <![CDATA[java.lang.AssertionError: Timeout during waiting for element: '//*[@id='ctl00_ContentPlaceHolder1_btnSaveAssessment']'
at Library.BaseClassOne.waitFor(BaseClassOne.java:273)
at Library.BaseClassOne.click(BaseClassOne.java:185)
at com.localassessment.Copy_assessment_vendor.TCED15005(Copy_assessment_vendor.java:110)
... Removed 28 stack frames]]>
    </failure>
  </testcase> <!-- TCED15005 -->
  <testcase classname="com.localassessment.Copy_assessment_vendor" name="TCED15006" time="30.233">
    <failure type="java.lang.AssertionError" message="Timeout during waiting for element: &amp;apos;input#ctl00_ContentPlaceHolder1_txtQuestionStartingId&amp;apos;">
      <![CDATA[java.lang.AssertionError: Timeout during waiting for element: 'input#ctl00_ContentPlaceHolder1_txtQuestionStartingId'
at Library.BaseClassOne.waitFor(BaseClassOne.java:273)
at Library.BaseClassOne.type(BaseClassOne.java:166)
at com.localassessment.Copy_assessment_vendor.TCED15006(Copy_assessment_vendor.java:183)
... Removed 28 stack frames]]>
    </failure>
  </testcase> <!-- TCED15006 -->
</testsuite> <!-- Test -->
