<?xml version="1.0" encoding="UTF-8"?>
<testng-results skipped="0" failed="2" ignored="0" total="7" passed="5">
  <reporter-output>
  </reporter-output>
  <suite name="Suite" duration-ms="122872" started-at="2018-10-23T05:29:04Z" finished-at="2018-10-23T05:31:07Z">
    <groups>
    </groups>
    <test name="Test" duration-ms="122872" started-at="2018-10-23T05:29:04Z" finished-at="2018-10-23T05:31:07Z">
      <class name="com.analyzeByScore.AdministrationComparisonbyStudent">
        <test-method status="PASS" signature="setup1()[pri:0, instance:com.analyzeByScore.AdministrationComparisonbyStudent@43bd930a]" name="setup1" is-config="true" duration-ms="7931" started-at="2018-10-23T05:29:04Z" finished-at="2018-10-23T05:29:12Z">
          <reporter-output>
          </reporter-output>
        </test-method> <!-- setup1 -->
        <test-method status="FAIL" signature="TCED14291()[pri:1, instance:com.analyzeByScore.AdministrationComparisonbyStudent@43bd930a]" name="TCED14291" duration-ms="8974" started-at="2018-10-23T05:29:12Z" finished-at="2018-10-23T05:29:21Z">
          <exception class="java.lang.AssertionError">
            <message>
              <![CDATA[expected [Administration Comparison by Student] but found [Test Administration Comparison Report]]]>
            </message>
            <full-stacktrace>
              <![CDATA[java.lang.AssertionError: expected [Administration Comparison by Student] but found [Test Administration Comparison Report]
at org.testng.Assert.fail(Assert.java:96)
at org.testng.Assert.failNotEquals(Assert.java:776)
at org.testng.Assert.assertEqualsImpl(Assert.java:137)
at org.testng.Assert.assertEquals(Assert.java:118)
at org.testng.Assert.assertEquals(Assert.java:453)
at org.testng.Assert.assertEquals(Assert.java:463)
at com.analyzeByScore.AdministrationComparisonbyStudent.TCED14291(AdministrationComparisonbyStudent.java:37)
at sun.reflect.NativeMethodAccessorImpl.invoke0(Native Method)
at sun.reflect.NativeMethodAccessorImpl.invoke(NativeMethodAccessorImpl.java:62)
at sun.reflect.DelegatingMethodAccessorImpl.invoke(DelegatingMethodAccessorImpl.java:43)
at java.lang.reflect.Method.invoke(Method.java:498)
at org.testng.internal.MethodInvocationHelper.invokeMethod(MethodInvocationHelper.java:124)
at org.testng.internal.Invoker.invokeMethod(Invoker.java:580)
at org.testng.internal.Invoker.invokeTestMethod(Invoker.java:716)
at org.testng.internal.Invoker.invokeTestMethods(Invoker.java:988)
at org.testng.internal.TestMethodWorker.invokeTestMethods(TestMethodWorker.java:125)
at org.testng.internal.TestMethodWorker.run(TestMethodWorker.java:109)
at org.testng.TestRunner.privateRun(TestRunner.java:648)
at org.testng.TestRunner.run(TestRunner.java:505)
at org.testng.SuiteRunner.runTest(SuiteRunner.java:455)
at org.testng.SuiteRunner.runSequentially(SuiteRunner.java:450)
at org.testng.SuiteRunner.privateRun(SuiteRunner.java:415)
at org.testng.SuiteRunner.run(SuiteRunner.java:364)
at org.testng.SuiteRunnerWorker.runSuite(SuiteRunnerWorker.java:52)
at org.testng.SuiteRunnerWorker.run(SuiteRunnerWorker.java:84)
at org.testng.TestNG.runSuitesSequentially(TestNG.java:1208)
at org.testng.TestNG.runSuitesLocally(TestNG.java:1137)
at org.testng.TestNG.runSuites(TestNG.java:1049)
at org.testng.TestNG.run(TestNG.java:1017)
at org.testng.remote.AbstractRemoteTestNG.run(AbstractRemoteTestNG.java:114)
at org.testng.remote.RemoteTestNG.initAndRun(RemoteTestNG.java:251)
at org.testng.remote.RemoteTestNG.main(RemoteTestNG.java:77)
]]>
            </full-stacktrace>
          </exception> <!-- java.lang.AssertionError -->
          <reporter-output>
          </reporter-output>
        </test-method> <!-- TCED14291 -->
        <test-method status="PASS" signature="TCED14292()[pri:2, instance:com.analyzeByScore.AdministrationComparisonbyStudent@43bd930a]" name="TCED14292" duration-ms="962" started-at="2018-10-23T05:29:21Z" finished-at="2018-10-23T05:29:22Z">
          <reporter-output>
          </reporter-output>
        </test-method> <!-- TCED14292 -->
        <test-method status="PASS" signature="TCED14293()[pri:3, instance:com.analyzeByScore.AdministrationComparisonbyStudent@43bd930a]" name="TCED14293" duration-ms="5871" started-at="2018-10-23T05:29:22Z" finished-at="2018-10-23T05:29:28Z">
          <reporter-output>
          </reporter-output>
        </test-method> <!-- TCED14293 -->
        <test-method status="PASS" signature="TCED14294()[pri:4, instance:com.analyzeByScore.AdministrationComparisonbyStudent@43bd930a]" name="TCED14294" duration-ms="1351" started-at="2018-10-23T05:29:28Z" finished-at="2018-10-23T05:29:29Z">
          <reporter-output>
          </reporter-output>
        </test-method> <!-- TCED14294 -->
        <test-method status="PASS" signature="TCED14295()[pri:5, instance:com.analyzeByScore.AdministrationComparisonbyStudent@43bd930a]" name="TCED14295" duration-ms="32496" started-at="2018-10-23T05:29:29Z" finished-at="2018-10-23T05:30:01Z">
          <reporter-output>
          </reporter-output>
        </test-method> <!-- TCED14295 -->
        <test-method status="PASS" signature="TCED14296()[pri:6, instance:com.analyzeByScore.AdministrationComparisonbyStudent@43bd930a]" name="TCED14296" duration-ms="2130" started-at="2018-10-23T05:30:01Z" finished-at="2018-10-23T05:30:04Z">
          <reporter-output>
          </reporter-output>
        </test-method> <!-- TCED14296 -->
        <test-method status="FAIL" signature="TCED14297()[pri:7, instance:com.analyzeByScore.AdministrationComparisonbyStudent@43bd930a]" name="TCED14297" duration-ms="63109" started-at="2018-10-23T05:30:04Z" finished-at="2018-10-23T05:31:07Z">
          <exception class="java.lang.AssertionError">
            <message>
              <![CDATA[No frame element found by name or id StudentGroupWindowUniqueNameToAvoidErrorsIHope2
Build info: version: '3.11.0', revision: 'e59cfb3', time: '2018-03-11T20:26:55.152Z'
System info: host: 'MANOJ-D', ip: '192.168.200.1', os.name: 'Windows 10', os.arch: 'amd64', os.version: '10.0', java.version: '1.8.0_102'
Driver info: driver.version: unknown]]>
            </message>
            <full-stacktrace>
              <![CDATA[java.lang.AssertionError: No frame element found by name or id StudentGroupWindowUniqueNameToAvoidErrorsIHope2
Build info: version: '3.11.0', revision: 'e59cfb3', time: '2018-03-11T20:26:55.152Z'
System info: host: 'MANOJ-D', ip: '192.168.200.1', os.name: 'Windows 10', os.arch: 'amd64', os.version: '10.0', java.version: '1.8.0_102'
Driver info: driver.version: unknown
at org.testng.Assert.fail(Assert.java:96)
at com.analyzeByScore.AdministrationComparisonbyStudent.TCED14297(AdministrationComparisonbyStudent.java:412)
at sun.reflect.NativeMethodAccessorImpl.invoke0(Native Method)
at sun.reflect.NativeMethodAccessorImpl.invoke(NativeMethodAccessorImpl.java:62)
at sun.reflect.DelegatingMethodAccessorImpl.invoke(DelegatingMethodAccessorImpl.java:43)
at java.lang.reflect.Method.invoke(Method.java:498)
at org.testng.internal.MethodInvocationHelper.invokeMethod(MethodInvocationHelper.java:124)
at org.testng.internal.Invoker.invokeMethod(Invoker.java:580)
at org.testng.internal.Invoker.invokeTestMethod(Invoker.java:716)
at org.testng.internal.Invoker.invokeTestMethods(Invoker.java:988)
at org.testng.internal.TestMethodWorker.invokeTestMethods(TestMethodWorker.java:125)
at org.testng.internal.TestMethodWorker.run(TestMethodWorker.java:109)
at org.testng.TestRunner.privateRun(TestRunner.java:648)
at org.testng.TestRunner.run(TestRunner.java:505)
at org.testng.SuiteRunner.runTest(SuiteRunner.java:455)
at org.testng.SuiteRunner.runSequentially(SuiteRunner.java:450)
at org.testng.SuiteRunner.privateRun(SuiteRunner.java:415)
at org.testng.SuiteRunner.run(SuiteRunner.java:364)
at org.testng.SuiteRunnerWorker.runSuite(SuiteRunnerWorker.java:52)
at org.testng.SuiteRunnerWorker.run(SuiteRunnerWorker.java:84)
at org.testng.TestNG.runSuitesSequentially(TestNG.java:1208)
at org.testng.TestNG.runSuitesLocally(TestNG.java:1137)
at org.testng.TestNG.runSuites(TestNG.java:1049)
at org.testng.TestNG.run(TestNG.java:1017)
at org.testng.remote.AbstractRemoteTestNG.run(AbstractRemoteTestNG.java:114)
at org.testng.remote.RemoteTestNG.initAndRun(RemoteTestNG.java:251)
at org.testng.remote.RemoteTestNG.main(RemoteTestNG.java:77)
]]>
            </full-stacktrace>
          </exception> <!-- java.lang.AssertionError -->
          <reporter-output>
          </reporter-output>
        </test-method> <!-- TCED14297 -->
        <test-method status="PASS" signature="tearDown()[pri:0, instance:com.analyzeByScore.AdministrationComparisonbyStudent@43bd930a]" name="tearDown" is-config="true" duration-ms="1" started-at="2018-10-23T05:31:07Z" finished-at="2018-10-23T05:31:07Z">
          <reporter-output>
          </reporter-output>
        </test-method> <!-- tearDown -->
      </class> <!-- com.analyzeByScore.AdministrationComparisonbyStudent -->
    </test> <!-- Test -->
  </suite> <!-- Suite -->
</testng-results>
