<?xml version="1.0" encoding="UTF-8"?>
<!-- Generated by org.testng.reporters.JUnitXMLReporter -->
<testsuite hostname="QA-Scheduler" ignored="0" name="Test" tests="24" failures="4" timestamp="28 Nov 2018 10:48:54 GMT" time="263.4" errors="0">
  <testcase name="TCED14081" time="10.55" classname="com.analyzeByScore.ItemAnalysisbyQuestion"/>
  <testcase name="TCED14082" time="0.176" classname="com.analyzeByScore.ItemAnalysisbyQuestion"/>
  <testcase name="TCED14083" time="0.781" classname="com.analyzeByScore.ItemAnalysisbyQuestion"/>
  <testcase name="TCED14084" time="0.844" classname="com.analyzeByScore.ItemAnalysisbyQuestion"/>
  <testcase name="TCED14085" time="5.065" classname="com.analyzeByScore.ItemAnalysisbyQuestion"/>
  <testcase name="TCED14086" time="5.061" classname="com.analyzeByScore.ItemAnalysisbyQuestion"/>
  <testcase name="TCED14087" time="4.707" classname="com.analyzeByScore.ItemAnalysisbyQuestion"/>
  <testcase name="TCED14088" time="5.112" classname="com.analyzeByScore.ItemAnalysisbyQuestion"/>
  <testcase name="TCED14089" time="8.503" classname="com.analyzeByScore.ItemAnalysisbyQuestion"/>
  <testcase name="TCED14090" time="20.137" classname="com.analyzeByScore.ItemAnalysisbyQuestion">
    <failure type="java.lang.AssertionError" message="Timeout during waiting for element: &amp;apos;//a[contains(text(),&amp;apos;5&amp;apos;)]&amp;apos;">
      <![CDATA[java.lang.AssertionError: Timeout during waiting for element: '//a[contains(text(),'5')]'
at Library.BaseClassOne.waitFor(BaseClassOne.java:278)
at Library.BaseClassOne.click(BaseClassOne.java:190)
at com.analyzeByScore.ItemAnalysisbyQuestion.TCED14090(ItemAnalysisbyQuestion.java:234)
... Removed 28 stack frames]]>
    </failure>
  </testcase> <!-- TCED14090 -->
  <testcase name="TCED14091" time="28.457" classname="com.analyzeByScore.ItemAnalysisbyQuestion">
    <failure type="java.lang.AssertionError" message="Timeout during waiting for element: &amp;apos;//a[contains(text(),&amp;apos;5&amp;apos;)]&amp;apos;">
      <![CDATA[java.lang.AssertionError: Timeout during waiting for element: '//a[contains(text(),'5')]'
at Library.BaseClassOne.waitFor(BaseClassOne.java:278)
at Library.BaseClassOne.click(BaseClassOne.java:190)
at com.analyzeByScore.ItemAnalysisbyQuestion.TCED14091(ItemAnalysisbyQuestion.java:263)
... Removed 28 stack frames]]>
    </failure>
  </testcase> <!-- TCED14091 -->
  <testcase name="TCED14092" time="9.672" classname="com.analyzeByScore.ItemAnalysisbyQuestion"/>
  <testcase name="TCED14093" time="10.799" classname="com.analyzeByScore.ItemAnalysisbyQuestion"/>
  <testcase name="TCED14094" time="8.687" classname="com.analyzeByScore.ItemAnalysisbyQuestion"/>
  <testcase name="TCED14095" time="7.365" classname="com.analyzeByScore.ItemAnalysisbyQuestion"/>
  <testcase name="TCED14096" time="0.953" classname="com.analyzeByScore.ItemAnalysisbyQuestion"/>
  <testcase name="TCED14097" time="8.584" classname="com.analyzeByScore.ItemAnalysisbyQuestion"/>
  <testcase name="TCED14098" time="8.75" classname="com.analyzeByScore.ItemAnalysisbyQuestion"/>
  <testcase name="TCED14099" time="8.551" classname="com.analyzeByScore.ItemAnalysisbyQuestion"/>
  <testcase name="TCED14100" time="8.038" classname="com.analyzeByScore.ItemAnalysisbyQuestion"/>
  <testcase name="TCED14101" time="13.801" classname="com.analyzeByScore.ItemAnalysisbyQuestion"/>
  <testcase name="TCED14102" time="17.453" classname="com.analyzeByScore.ItemAnalysisbyQuestion"/>
  <testcase name="TCED14103" time="20.919" classname="com.analyzeByScore.ItemAnalysisbyQuestion">
    <failure type="java.lang.AssertionError" message="Timeout during waiting for element: &amp;apos;//a[contains(.,&amp;apos;Analyze Scores&amp;apos;)]&amp;apos;">
      <![CDATA[java.lang.AssertionError: Timeout during waiting for element: '//a[contains(.,'Analyze Scores')]'
at Library.BaseClassOne.waitFor(BaseClassOne.java:278)
at Library.BaseClassOne.click(BaseClassOne.java:190)
at com.analyzeByScore.ItemAnalysisbyQuestion.ReportParam(ItemAnalysisbyQuestion.java:601)
at com.analyzeByScore.ItemAnalysisbyQuestion.TCED14103(ItemAnalysisbyQuestion.java:550)
... Removed 28 stack frames]]>
    </failure>
  </testcase> <!-- TCED14103 -->
  <testcase name="TCED14104" time="44.275" classname="com.analyzeByScore.ItemAnalysisbyQuestion">
    <failure type="java.lang.AssertionError" message="Failed to download document which has extension .PDF expected [true] but found [false]">
      <![CDATA[java.lang.AssertionError: Failed to download document which has extension .PDF expected [true] but found [false]
at com.generalMethods.AssessmentPrint.AssessmentPrintReports(AssessmentPrint.java:43)
at com.analyzeByScore.ItemAnalysisbyQuestion.TCED14104(ItemAnalysisbyQuestion.java:575)
... Removed 31 stack frames]]>
    </failure>
  </testcase> <!-- TCED14104 -->
</testsuite> <!-- Test -->
