<?xml version="1.0" encoding="UTF-8"?>
<!-- Generated by org.testng.reporters.JUnitXMLReporter -->
<<<<<<< HEAD
<testsuite ignored="0" hostname="QA-Scheduler" failures="10" tests="24" name="Test" time="269.854" errors="0" timestamp="31 Oct 2018 13:24:11 GMT">
  <testcase classname="com.MTSS.Manage_meetings" name="TCED20201" time="9.182"/>
  <testcase classname="com.MTSS.Manage_meetings" name="TCED20202" time="0.124"/>
  <testcase classname="com.MTSS.Manage_meetings" name="TCED20203" time="2.629"/>
  <testcase classname="com.MTSS.Manage_meetings" name="TCED20204" time="2.133"/>
  <testcase classname="com.MTSS.Manage_meetings" name="TCED20205" time="0.109"/>
  <testcase classname="com.MTSS.Manage_meetings" name="TCED20206" time="6.374"/>
  <testcase classname="com.MTSS.Manage_meetings" name="TCED20207" time="0.094"/>
  <testcase classname="com.MTSS.Manage_meetings" name="TCED20208" time="7.51"/>
  <testcase classname="com.MTSS.Manage_meetings" name="TCED20209" time="2.21"/>
  <testcase classname="com.MTSS.Manage_meetings" name="TCED20210" time="7.812"/>
  <testcase classname="com.MTSS.Manage_meetings" name="TCED20211" time="10.72"/>
  <testcase classname="com.MTSS.Manage_meetings" name="TCED20212" time="4.382">
    <failure type="java.lang.AssertionError" message="expected [Next Steps] but found [Meeting Summary Form]">
      <![CDATA[java.lang.AssertionError: expected [Next Steps] but found [Meeting Summary Form]
at com.MTSS.Manage_meetings.TCED20212(Manage_meetings.java:379)
... Removed 34 stack frames]]>
    </failure>
  </testcase> <!-- TCED20212 -->
  <testcase classname="com.MTSS.Manage_meetings" name="TCED20213" time="15.002">
    <failure type="java.lang.AssertionError" message="Could not find any element matching &amp;apos;//*[@id=&amp;apos;ctl00_ContentPlaceHolder1_trNextSteps&amp;apos;]/td/fieldset/legend/span&amp;apos;">
      <![CDATA[java.lang.AssertionError: Could not find any element matching '//*[@id='ctl00_ContentPlaceHolder1_trNextSteps']/td/fieldset/legend/span'
at Library.BaseClassOne.find(BaseClassOne.java:221)
at Library.BaseClassOne.getText(BaseClassOne.java:391)
at Library.BaseClassOne.getText(BaseClassOne.java:341)
at com.MTSS.Manage_meetings.TCED20213(Manage_meetings.java:405)
... Removed 28 stack frames]]>
    </failure>
  </testcase> <!-- TCED20213 -->
  <testcase classname="com.MTSS.Manage_meetings" name="TCED20214" time="32.289">
    <failure type="java.lang.AssertionError" message="Timeout during waiting for element: &amp;apos;//*[@id=&amp;apos;ctl00_ContentPlaceHolder1_btnReTier&amp;apos;]&amp;apos;">
      <![CDATA[java.lang.AssertionError: Timeout during waiting for element: '//*[@id='ctl00_ContentPlaceHolder1_btnReTier']'
at Library.BaseClassOne.waitFor(BaseClassOne.java:273)
at Library.BaseClassOne.click(BaseClassOne.java:185)
at com.MTSS.Manage_meetings.TCED20214(Manage_meetings.java:429)
... Removed 28 stack frames]]>
    </failure>
  </testcase> <!-- TCED20214 -->
  <testcase classname="com.MTSS.Manage_meetings" name="TCED20215" time="32.258">
    <failure type="java.lang.AssertionError" message="Timeout during waiting for element: &amp;apos;//*[@id=&amp;apos;ctl00_ContentPlaceHolder1_btnInterventions&amp;apos;]&amp;apos;">
      <![CDATA[java.lang.AssertionError: Timeout during waiting for element: '//*[@id='ctl00_ContentPlaceHolder1_btnInterventions']'
at Library.BaseClassOne.waitFor(BaseClassOne.java:273)
at Library.BaseClassOne.click(BaseClassOne.java:185)
at com.MTSS.Manage_meetings.TCED20215(Manage_meetings.java:466)
... Removed 28 stack frames]]>
    </failure>
  </testcase> <!-- TCED20215 -->
  <testcase classname="com.MTSS.Manage_meetings" name="TCED20216" time="6.029"/>
  <testcase classname="com.MTSS.Manage_meetings" name="TCED20217" time="9.406"/>
  <testcase classname="com.MTSS.Manage_meetings" name="TCED20218" time="0.093"/>
  <testcase classname="com.MTSS.Manage_meetings" name="TCED20219" time="8.929">
    <failure type="java.lang.AssertionError" message=": 
Build info: version: &amp;apos;3.11.0&amp;apos;, revision: &amp;apos;e59cfb3&amp;apos;, time: &amp;apos;2018-03-11T20:26:55.152Z&amp;apos;
System info: host: &amp;apos;QA-SCHEDULER&amp;apos;, ip: &amp;apos;192.168.10.111&amp;apos;, os.name: &amp;apos;Windows 10&amp;apos;, os.arch: &amp;apos;amd64&amp;apos;, os.version: &amp;apos;10.0&amp;apos;, java.version: &amp;apos;10.0.2&amp;apos;
Driver info: org.openqa.selenium.firefox.FirefoxDriver
Capabilities {acceptInsecureCerts: true, browserName: firefox, browserVersion: 62.0, javascriptEnabled: true, moz:accessibilityChecks: false, moz:headless: false, moz:processID: 28288, moz:profile: C:\Users\Developer\AppData\..., moz:useNonSpecCompliantPointerOrigin: false, moz:webdriverClick: true, pageLoadStrategy: normal, platform: XP, platformName: XP, platformVersion: 10.0, rotatable: false, timeouts: {implicit: 0, pageLoad: 300000, script: 30000}}
Session ID: 01b9bb6c-bb67-4f94-aea8-ab48b039fa0f
*** Element info: {Using=name, value=RadWindow1}">
      <![CDATA[java.lang.AssertionError: : 
Build info: version: '3.11.0', revision: 'e59cfb3', time: '2018-03-11T20:26:55.152Z'
System info: host: 'QA-SCHEDULER', ip: '192.168.10.111', os.name: 'Windows 10', os.arch: 'amd64', os.version: '10.0', java.version: '10.0.2'
Driver info: org.openqa.selenium.firefox.FirefoxDriver
Capabilities {acceptInsecureCerts: true, browserName: firefox, browserVersion: 62.0, javascriptEnabled: true, moz:accessibilityChecks: false, moz:headless: false, moz:processID: 28288, moz:profile: C:\Users\Developer\AppData\..., moz:useNonSpecCompliantPointerOrigin: false, moz:webdriverClick: true, pageLoadStrategy: normal, platform: XP, platformName: XP, platformVersion: 10.0, rotatable: false, timeouts: {implicit: 0, pageLoad: 300000, script: 30000}}
Session ID: 01b9bb6c-bb67-4f94-aea8-ab48b039fa0f
*** Element info: {Using=name, value=RadWindow1}
at com.MTSS.Manage_meetings.TCED20219(Manage_meetings.java:608)
... Removed 29 stack frames]]>
    </failure>
  </testcase> <!-- TCED20219 -->
  <testcase classname="com.MTSS.Manage_meetings" name="TCED20220" time="15.014">
    <failure type="java.lang.AssertionError" message="Could not find any element matching &amp;apos;//*[@id=&amp;apos;aspnetForm&amp;apos;]/div[4]/div[2]/div[1]/table/tbody/tr[1]/td[1]/b&amp;apos;">
      <![CDATA[java.lang.AssertionError: Could not find any element matching '//*[@id='aspnetForm']/div[4]/div[2]/div[1]/table/tbody/tr[1]/td[1]/b'
at Library.BaseClassOne.find(BaseClassOne.java:221)
at Library.BaseClassOne.getText(BaseClassOne.java:391)
at Library.BaseClassOne.getText(BaseClassOne.java:341)
at com.MTSS.Manage_meetings.TCED20220(Manage_meetings.java:621)
... Removed 28 stack frames]]>
    </failure>
  </testcase> <!-- TCED20220 -->
  <testcase classname="com.MTSS.Manage_meetings" name="TCED20221" time="15.028">
    <failure type="java.lang.AssertionError" message="Could not find any element matching &amp;apos;//*[@id=&amp;apos;ctl00_ContentPlaceHolder1_trNotes&amp;apos;]/td/div/fieldset/legend/b&amp;apos;">
      <![CDATA[java.lang.AssertionError: Could not find any element matching '//*[@id='ctl00_ContentPlaceHolder1_trNotes']/td/div/fieldset/legend/b'
at Library.BaseClassOne.find(BaseClassOne.java:221)
at Library.BaseClassOne.ScrollTo_Location(BaseClassOne.java:614)
at com.MTSS.Manage_meetings.TCED20221(Manage_meetings.java:673)
... Removed 28 stack frames]]>
    </failure>
  </testcase> <!-- TCED20221 -->
  <testcase classname="com.MTSS.Manage_meetings" name="TCED20222" time="32.255">
    <failure type="java.lang.AssertionError" message="Timeout during waiting for element: &amp;apos;//*[@id=&amp;apos;ctl00_ContentPlaceHolder1_btnSaveSubmit&amp;apos;]&amp;apos;">
      <![CDATA[java.lang.AssertionError: Timeout during waiting for element: '//*[@id='ctl00_ContentPlaceHolder1_btnSaveSubmit']'
at Library.BaseClassOne.waitFor(BaseClassOne.java:273)
at Library.BaseClassOne.click(BaseClassOne.java:185)
at com.MTSS.Manage_meetings.TCED20222(Manage_meetings.java:702)
... Removed 28 stack frames]]>
    </failure>
  </testcase> <!-- TCED20222 -->
  <testcase classname="com.MTSS.Manage_meetings" name="TCED20223" time="15.012">
    <failure type="java.lang.AssertionError" message="Could not find any element matching &amp;apos;//*[@id=&amp;apos;aspnetForm&amp;apos;]/div[4]/div/table/tbody/tr[2]/td/fieldset/legend/span&amp;apos;">
      <![CDATA[java.lang.AssertionError: Could not find any element matching '//*[@id='aspnetForm']/div[4]/div/table/tbody/tr[2]/td/fieldset/legend/span'
at Library.BaseClassOne.find(BaseClassOne.java:221)
at Library.BaseClassOne.getText(BaseClassOne.java:391)
at Library.BaseClassOne.getText(BaseClassOne.java:341)
at com.MTSS.Manage_meetings.TCED20223(Manage_meetings.java:761)
... Removed 28 stack frames]]>
    </failure>
  </testcase> <!-- TCED20223 -->
  <testcase classname="com.MTSS.Manage_meetings" name="TCED20224" time="30.259">
    <failure type="java.lang.AssertionError" message="Timeout during waiting for element: &amp;apos;//*[@id=&amp;apos;adWindowWrapper_ctl00_MainContent_RadWindow1&amp;apos;]/div[1]/div/ul/li[2]/span&amp;apos;">
      <![CDATA[java.lang.AssertionError: Timeout during waiting for element: '//*[@id='adWindowWrapper_ctl00_MainContent_RadWindow1']/div[1]/div/ul/li[2]/span'
at Library.BaseClassOne.waitFor(BaseClassOne.java:273)
at Library.BaseClassOne.click(BaseClassOne.java:185)
at com.MTSS.Manage_meetings.TCED20224(Manage_meetings.java:787)
... Removed 28 stack frames]]>
    </failure>
  </testcase> <!-- TCED20224 -->
=======
<testsuite hostname="Vofox-Sebastian" ignored="0" name="Test" tests="12" failures="0" timestamp="31 Oct 2018 12:57:22 GMT" time="11.378" errors="0">
  <testcase name="@BeforeTest setup1" time="11.376" classname="Library.BaseClassOne">
    <failure type="org.openqa.selenium.WebDriverException" message="Process unexpectedly closed with status 0
Build info: version: &amp;apos;3.11.0&amp;apos;, revision: &amp;apos;e59cfb3&amp;apos;, time: &amp;apos;2018-03-11T20:26:55.152Z&amp;apos;
System info: host: &amp;apos;VOFOX-SEBASTIAN&amp;apos;, ip: &amp;apos;192.168.10.130&amp;apos;, os.name: &amp;apos;Windows 10&amp;apos;, os.arch: &amp;apos;amd64&amp;apos;, os.version: &amp;apos;10.0&amp;apos;, java.version: &amp;apos;1.8.0_111&amp;apos;
Driver info: driver.version: FirefoxDriver
remote stacktrace: ">
      <![CDATA[org.openqa.selenium.WebDriverException: Process unexpectedly closed with status 0
Build info: version: '3.11.0', revision: 'e59cfb3', time: '2018-03-11T20:26:55.152Z'
System info: host: 'VOFOX-SEBASTIAN', ip: '192.168.10.130', os.name: 'Windows 10', os.arch: 'amd64', os.version: '10.0', java.version: '1.8.0_111'
Driver info: driver.version: FirefoxDriver
remote stacktrace: 
at org.openqa.selenium.remote.W3CHandshakeResponse.lambda$new$0(W3CHandshakeResponse.java:57)
at org.openqa.selenium.remote.W3CHandshakeResponse.lambda$getResponseFunction$2(W3CHandshakeResponse.java:104)
at org.openqa.selenium.remote.ProtocolHandshake.lambda$createSession$0(ProtocolHandshake.java:123)
at java.util.stream.ReferencePipeline$3$1.accept(ReferencePipeline.java:193)
at java.util.Spliterators$ArraySpliterator.tryAdvance(Spliterators.java:958)
at java.util.stream.ReferencePipeline.forEachWithCancel(ReferencePipeline.java:126)
at java.util.stream.AbstractPipeline.copyIntoWithCancel(AbstractPipeline.java:498)
at java.util.stream.AbstractPipeline.copyInto(AbstractPipeline.java:485)
at java.util.stream.AbstractPipeline.wrapAndCopyInto(AbstractPipeline.java:471)
at java.util.stream.FindOps$FindOp.evaluateSequential(FindOps.java:152)
at java.util.stream.AbstractPipeline.evaluate(AbstractPipeline.java:234)
at java.util.stream.ReferencePipeline.findFirst(ReferencePipeline.java:464)
at org.openqa.selenium.remote.ProtocolHandshake.createSession(ProtocolHandshake.java:126)
at org.openqa.selenium.remote.ProtocolHandshake.createSession(ProtocolHandshake.java:73)
at org.openqa.selenium.remote.HttpCommandExecutor.execute(HttpCommandExecutor.java:136)
at org.openqa.selenium.remote.service.DriverCommandExecutor.execute(DriverCommandExecutor.java:83)
at org.openqa.selenium.remote.RemoteWebDriver.execute(RemoteWebDriver.java:545)
at org.openqa.selenium.remote.RemoteWebDriver.startSession(RemoteWebDriver.java:209)
at org.openqa.selenium.remote.RemoteWebDriver.<init>(RemoteWebDriver.java:132)
at org.openqa.selenium.firefox.FirefoxDriver.<init>(FirefoxDriver.java:120)
at Library.BaseClassOne.setup1(BaseClassOne.java:116)
... Removed 30 stack frames]]>
    </failure>
  </testcase> <!-- @BeforeTest setup1 -->
  <testcase name="@AfterTest tearDown" time="0.0" classname="Library.BaseClassOne">
    <skipped/>
  </testcase> <!-- @AfterTest tearDown -->
  <testcase name="TCED19801" time="0.0" classname="com.MTSS.Fix_and_Delete_intervention_plan">
    <skipped/>
  </testcase> <!-- TCED19801 -->
  <testcase name="TCED19802" time="0.0" classname="com.MTSS.Fix_and_Delete_intervention_plan">
    <skipped/>
  </testcase> <!-- TCED19802 -->
  <testcase name="TCED19803" time="0.0" classname="com.MTSS.Fix_and_Delete_intervention_plan">
    <skipped/>
  </testcase> <!-- TCED19803 -->
  <testcase name="TCED19804" time="0.0" classname="com.MTSS.Fix_and_Delete_intervention_plan">
    <skipped/>
  </testcase> <!-- TCED19804 -->
  <testcase name="TCED19805" time="0.0" classname="com.MTSS.Fix_and_Delete_intervention_plan">
    <skipped/>
  </testcase> <!-- TCED19805 -->
  <testcase name="TCED19806" time="0.0" classname="com.MTSS.Fix_and_Delete_intervention_plan">
    <skipped/>
  </testcase> <!-- TCED19806 -->
  <testcase name="TCED19807" time="0.0" classname="com.MTSS.Fix_and_Delete_intervention_plan">
    <skipped/>
  </testcase> <!-- TCED19807 -->
  <testcase name="TCED19808" time="0.0" classname="com.MTSS.Fix_and_Delete_intervention_plan">
    <skipped/>
  </testcase> <!-- TCED19808 -->
  <testcase name="TCED19809" time="0.0" classname="com.MTSS.Fix_and_Delete_intervention_plan">
    <skipped/>
  </testcase> <!-- TCED19809 -->
  <testcase name="TCED19810" time="0.0" classname="com.MTSS.Fix_and_Delete_intervention_plan">
    <skipped/>
  </testcase> <!-- TCED19810 -->
  <testcase name="TCED19811" time="0.0" classname="com.MTSS.Fix_and_Delete_intervention_plan">
    <skipped/>
  </testcase> <!-- TCED19811 -->
  <testcase name="TCED19812" time="0.0" classname="com.MTSS.Fix_and_Delete_intervention_plan">
    <skipped/>
  </testcase> <!-- TCED19812 -->
>>>>>>> 843e4f0764a67c2d23102d183f8c51790065e09a
</testsuite> <!-- Test -->
