<?xml version="1.0" encoding="UTF-8"?>
<!-- Generated by org.testng.reporters.JUnitXMLReporter -->
<testsuite ignored="0" hostname="QA-Scheduler" failures="2" tests="5" name="Test" time="100.749" errors="0" timestamp="31 Oct 2018 12:55:34 GMT">
  <testcase classname="com.curriculum.Custom_Reports" name="TCED30601" time="8.283"/>
  <testcase classname="com.curriculum.Custom_Reports" name="TCED30602" time="0.997"/>
  <testcase classname="com.curriculum.Custom_Reports" name="TCED30603" time="0.964"/>
  <testcase classname="com.curriculum.Custom_Reports" name="TCED30604" time="45.275">
    <failure type="java.lang.AssertionError" message="Failed to download document which has extension .PDF expected [true] but found [false]">
      <![CDATA[java.lang.AssertionError: Failed to download document which has extension .PDF expected [true] but found [false]
at com.curriculum.Custom_Reports.TCED30604(Custom_Reports.java:153)
... Removed 31 stack frames]]>
    </failure>
  </testcase> <!-- TCED30604 -->
  <testcase classname="com.curriculum.Custom_Reports" name="TCED30605" time="40.316">
    <failure type="java.lang.AssertionError" message="Failed to download document which has extension .DOC expected [true] but found [false]">
      <![CDATA[java.lang.AssertionError: Failed to download document which has extension .DOC expected [true] but found [false]
at com.curriculum.Custom_Reports.TCED30605(Custom_Reports.java:176)
... Removed 31 stack frames]]>
    </failure>
  </testcase> <!-- TCED30605 -->
</testsuite> <!-- Test -->
