<html>
<head>
<title>TestNG:  Test</title>
<link href="../testng.css" rel="stylesheet" type="text/css" />
<link href="../my-testng.css" rel="stylesheet" type="text/css" />

<style type="text/css">
.log { display: none;} 
.stack-trace { display: none;} 
</style>
<script type="text/javascript">
<!--
function flip(e) {
  current = e.style.display;
  if (current == 'block') {
    e.style.display = 'none';
    return 0;
  }
  else {
    e.style.display = 'block';
    return 1;
  }
}

function toggleBox(szDivId, elem, msg1, msg2)
{
  var res = -1;  if (document.getElementById) {
    res = flip(document.getElementById(szDivId));
  }
  else if (document.all) {
    // this is the way old msie versions work
    res = flip(document.all[szDivId]);
  }
  if(elem) {
    if(res == 0) elem.innerHTML = msg1; else elem.innerHTML = msg2;
  }

}

function toggleAllBoxes() {
  if (document.getElementsByTagName) {
    d = document.getElementsByTagName('div');
    for (i = 0; i < d.length; i++) {
      if (d[i].className == 'log') {
        flip(d[i]);
      }
    }
  }
}

// -->
</script>

</head>
<body>
<h2 align='center'>Test</h2><table border='1' align="center">
<tr>
<td>Tests passed/Failed/Skipped:</td><td>16/2/0</td>
</tr><tr>
<<<<<<< HEAD
<td>Started on:</td><td>Wed Oct 31 18:21:03 IST 2018</td>
</tr>
<tr><td>Total time:</td><td>123 seconds (123769 ms)</td>
=======
<td>Started on:</td><td>Wed Oct 31 18:13:10 IST 2018</td>
</tr>
<tr><td>Total time:</td><td>145 seconds (145231 ms)</td>
>>>>>>> 843e4f0764a67c2d23102d183f8c51790065e09a
</tr><tr>
<td>Included groups:</td><td></td>
</tr><tr>
<td>Excluded groups:</td><td></td>
</tr>
</table><p/>
<small><i>(Hover the method name to see the test class name)</i></small><p/>
<table width='100%' border='1' class='invocation-failed'>
<tr><td colspan='4' align='center'><b>FAILED TESTS</b></td></tr>
<tr><td><b>Test method</b></td>
<td width="30%"><b>Exception</b></td>
<td width="10%"><b>Time (seconds)</b></td>
<td><b>Instance</b></td>
</tr>
<tr>
<td title='com.curriculum.Analyze_curriculam.TCED29703()'><b>TCED29703</b><br>Test class: com.curriculum.Analyze_curriculam</td>
<td><div><pre>java.lang.AssertionError: failed to assert  Health expected [true] but found [false]
	at com.curriculum.Analyze_curriculam.TCED29703(Analyze_curriculam.java:135)
<<<<<<< HEAD
... Removed 31 stack frames</pre></div><a href='#' onClick='toggleBox("stack-trace1434367299", this, "Click to show all stack frames", "Click to hide stack frames")'>Click to show all stack frames</a>
<div class='stack-trace' id='stack-trace1434367299'><pre>java.lang.AssertionError: failed to assert  Health expected [true] but found [false]
=======
... Removed 31 stack frames</pre></div><a href='#' onClick='toggleBox("stack-trace1800693087", this, "Click to show all stack frames", "Click to hide stack frames")'>Click to show all stack frames</a>
<div class='stack-trace' id='stack-trace1800693087'><pre>java.lang.AssertionError: failed to assert  Health expected [true] but found [false]
>>>>>>> 843e4f0764a67c2d23102d183f8c51790065e09a
	at org.testng.Assert.fail(Assert.java:96)
	at org.testng.Assert.failNotEquals(Assert.java:776)
	at org.testng.Assert.assertTrue(Assert.java:44)
	at com.curriculum.Analyze_curriculam.TCED29703(Analyze_curriculam.java:135)
<<<<<<< HEAD
	at java.base/jdk.internal.reflect.NativeMethodAccessorImpl.invoke0(Native Method)
	at java.base/jdk.internal.reflect.NativeMethodAccessorImpl.invoke(NativeMethodAccessorImpl.java:62)
	at java.base/jdk.internal.reflect.DelegatingMethodAccessorImpl.invoke(DelegatingMethodAccessorImpl.java:43)
	at java.base/java.lang.reflect.Method.invoke(Method.java:564)
=======
	at sun.reflect.NativeMethodAccessorImpl.invoke0(Native Method)
	at sun.reflect.NativeMethodAccessorImpl.invoke(NativeMethodAccessorImpl.java:62)
	at sun.reflect.DelegatingMethodAccessorImpl.invoke(DelegatingMethodAccessorImpl.java:43)
	at java.lang.reflect.Method.invoke(Method.java:498)
>>>>>>> 843e4f0764a67c2d23102d183f8c51790065e09a
	at org.testng.internal.MethodInvocationHelper.invokeMethod(MethodInvocationHelper.java:124)
	at org.testng.internal.Invoker.invokeMethod(Invoker.java:580)
	at org.testng.internal.Invoker.invokeTestMethod(Invoker.java:716)
	at org.testng.internal.Invoker.invokeTestMethods(Invoker.java:988)
	at org.testng.internal.TestMethodWorker.invokeTestMethods(TestMethodWorker.java:125)
	at org.testng.internal.TestMethodWorker.run(TestMethodWorker.java:109)
	at org.testng.TestRunner.privateRun(TestRunner.java:648)
	at org.testng.TestRunner.run(TestRunner.java:505)
	at org.testng.SuiteRunner.runTest(SuiteRunner.java:455)
	at org.testng.SuiteRunner.runSequentially(SuiteRunner.java:450)
	at org.testng.SuiteRunner.privateRun(SuiteRunner.java:415)
	at org.testng.SuiteRunner.run(SuiteRunner.java:364)
	at org.testng.SuiteRunnerWorker.runSuite(SuiteRunnerWorker.java:52)
	at org.testng.SuiteRunnerWorker.run(SuiteRunnerWorker.java:84)
	at org.testng.TestNG.runSuitesSequentially(TestNG.java:1208)
	at org.testng.TestNG.runSuitesLocally(TestNG.java:1137)
	at org.testng.TestNG.runSuites(TestNG.java:1049)
	at org.testng.TestNG.run(TestNG.java:1017)
	at org.apache.maven.surefire.testng.TestNGExecutor.run(TestNGExecutor.java:295)
	at org.apache.maven.surefire.testng.TestNGXmlTestSuite.execute(TestNGXmlTestSuite.java:84)
	at org.apache.maven.surefire.testng.TestNGProvider.invoke(TestNGProvider.java:90)
	at org.apache.maven.surefire.booter.ForkedBooter.invokeProviderInSameClassLoader(ForkedBooter.java:203)
	at org.apache.maven.surefire.booter.ForkedBooter.runSuitesInProcess(ForkedBooter.java:155)
	at org.apache.maven.surefire.booter.ForkedBooter.main(ForkedBooter.java:103)
</pre></div></td>
<td>0</td>
<<<<<<< HEAD
<td>com.curriculum.Analyze_curriculam@3c77d488</td></tr>
=======
<td>com.curriculum.Analyze_curriculam@33723e30</td></tr>
>>>>>>> 843e4f0764a67c2d23102d183f8c51790065e09a
<tr>
<td title='com.curriculum.Analyze_curriculam.TCED29711()'><b>TCED29711</b><br>Test class: com.curriculum.Analyze_curriculam</td>
<td><div><pre>java.lang.AssertionError: failed to assert  Health expected [true] but found [false]
	at com.curriculum.Analyze_curriculam.TCED29711(Analyze_curriculam.java:397)
<<<<<<< HEAD
... Removed 31 stack frames</pre></div><a href='#' onClick='toggleBox("stack-trace1781018589", this, "Click to show all stack frames", "Click to hide stack frames")'>Click to show all stack frames</a>
<div class='stack-trace' id='stack-trace1781018589'><pre>java.lang.AssertionError: failed to assert  Health expected [true] but found [false]
=======
... Removed 31 stack frames</pre></div><a href='#' onClick='toggleBox("stack-trace1692375649", this, "Click to show all stack frames", "Click to hide stack frames")'>Click to show all stack frames</a>
<div class='stack-trace' id='stack-trace1692375649'><pre>java.lang.AssertionError: failed to assert  Health expected [true] but found [false]
>>>>>>> 843e4f0764a67c2d23102d183f8c51790065e09a
	at org.testng.Assert.fail(Assert.java:96)
	at org.testng.Assert.failNotEquals(Assert.java:776)
	at org.testng.Assert.assertTrue(Assert.java:44)
	at com.curriculum.Analyze_curriculam.TCED29711(Analyze_curriculam.java:397)
<<<<<<< HEAD
	at java.base/jdk.internal.reflect.NativeMethodAccessorImpl.invoke0(Native Method)
	at java.base/jdk.internal.reflect.NativeMethodAccessorImpl.invoke(NativeMethodAccessorImpl.java:62)
	at java.base/jdk.internal.reflect.DelegatingMethodAccessorImpl.invoke(DelegatingMethodAccessorImpl.java:43)
	at java.base/java.lang.reflect.Method.invoke(Method.java:564)
=======
	at sun.reflect.NativeMethodAccessorImpl.invoke0(Native Method)
	at sun.reflect.NativeMethodAccessorImpl.invoke(NativeMethodAccessorImpl.java:62)
	at sun.reflect.DelegatingMethodAccessorImpl.invoke(DelegatingMethodAccessorImpl.java:43)
	at java.lang.reflect.Method.invoke(Method.java:498)
>>>>>>> 843e4f0764a67c2d23102d183f8c51790065e09a
	at org.testng.internal.MethodInvocationHelper.invokeMethod(MethodInvocationHelper.java:124)
	at org.testng.internal.Invoker.invokeMethod(Invoker.java:580)
	at org.testng.internal.Invoker.invokeTestMethod(Invoker.java:716)
	at org.testng.internal.Invoker.invokeTestMethods(Invoker.java:988)
	at org.testng.internal.TestMethodWorker.invokeTestMethods(TestMethodWorker.java:125)
	at org.testng.internal.TestMethodWorker.run(TestMethodWorker.java:109)
	at org.testng.TestRunner.privateRun(TestRunner.java:648)
	at org.testng.TestRunner.run(TestRunner.java:505)
	at org.testng.SuiteRunner.runTest(SuiteRunner.java:455)
	at org.testng.SuiteRunner.runSequentially(SuiteRunner.java:450)
	at org.testng.SuiteRunner.privateRun(SuiteRunner.java:415)
	at org.testng.SuiteRunner.run(SuiteRunner.java:364)
	at org.testng.SuiteRunnerWorker.runSuite(SuiteRunnerWorker.java:52)
	at org.testng.SuiteRunnerWorker.run(SuiteRunnerWorker.java:84)
	at org.testng.TestNG.runSuitesSequentially(TestNG.java:1208)
	at org.testng.TestNG.runSuitesLocally(TestNG.java:1137)
	at org.testng.TestNG.runSuites(TestNG.java:1049)
	at org.testng.TestNG.run(TestNG.java:1017)
	at org.apache.maven.surefire.testng.TestNGExecutor.run(TestNGExecutor.java:295)
	at org.apache.maven.surefire.testng.TestNGXmlTestSuite.execute(TestNGXmlTestSuite.java:84)
	at org.apache.maven.surefire.testng.TestNGProvider.invoke(TestNGProvider.java:90)
	at org.apache.maven.surefire.booter.ForkedBooter.invokeProviderInSameClassLoader(ForkedBooter.java:203)
	at org.apache.maven.surefire.booter.ForkedBooter.runSuitesInProcess(ForkedBooter.java:155)
	at org.apache.maven.surefire.booter.ForkedBooter.main(ForkedBooter.java:103)
</pre></div></td>
<<<<<<< HEAD
<td>8</td>
<td>com.curriculum.Analyze_curriculam@3c77d488</td></tr>
=======
<td>17</td>
<td>com.curriculum.Analyze_curriculam@33723e30</td></tr>
>>>>>>> 843e4f0764a67c2d23102d183f8c51790065e09a
</table><p>
<table width='100%' border='1' class='invocation-passed'>
<tr><td colspan='4' align='center'><b>PASSED TESTS</b></td></tr>
<tr><td><b>Test method</b></td>
<td width="30%"><b>Exception</b></td>
<td width="10%"><b>Time (seconds)</b></td>
<td><b>Instance</b></td>
</tr>
<tr>
<td title='com.curriculum.Analyze_curriculam.TCED29701()'><b>TCED29701</b><br>Test class: com.curriculum.Analyze_curriculam</td>
<td></td>
<<<<<<< HEAD
<td>19</td>
<td>com.curriculum.Analyze_curriculam@3c77d488</td></tr>
<tr>
<td title='com.curriculum.Analyze_curriculam.TCED29702()'><b>TCED29702</b><br>Test class: com.curriculum.Analyze_curriculam</td>
<td></td>
<td>4</td>
<td>com.curriculum.Analyze_curriculam@3c77d488</td></tr>
<tr>
<td title='com.curriculum.Analyze_curriculam.TCED29704()'><b>TCED29704</b><br>Test class: com.curriculum.Analyze_curriculam</td>
<td></td>
<td>3</td>
<td>com.curriculum.Analyze_curriculam@3c77d488</td></tr>
=======
<td>21</td>
<td>com.curriculum.Analyze_curriculam@33723e30</td></tr>
<tr>
<td title='com.curriculum.Analyze_curriculam.TCED29702()'><b>TCED29702</b><br>Test class: com.curriculum.Analyze_curriculam</td>
<td></td>
<td>5</td>
<td>com.curriculum.Analyze_curriculam@33723e30</td></tr>
<tr>
<td title='com.curriculum.Analyze_curriculam.TCED29704()'><b>TCED29704</b><br>Test class: com.curriculum.Analyze_curriculam</td>
<td></td>
<td>4</td>
<td>com.curriculum.Analyze_curriculam@33723e30</td></tr>
>>>>>>> 843e4f0764a67c2d23102d183f8c51790065e09a
<tr>
<td title='com.curriculum.Analyze_curriculam.TCED29705()'><b>TCED29705</b><br>Test class: com.curriculum.Analyze_curriculam</td>
<td></td>
<td>0</td>
<<<<<<< HEAD
<td>com.curriculum.Analyze_curriculam@3c77d488</td></tr>
<tr>
<td title='com.curriculum.Analyze_curriculam.TCED29706()'><b>TCED29706</b><br>Test class: com.curriculum.Analyze_curriculam</td>
<td></td>
<td>1</td>
<td>com.curriculum.Analyze_curriculam@3c77d488</td></tr>
=======
<td>com.curriculum.Analyze_curriculam@33723e30</td></tr>
<tr>
<td title='com.curriculum.Analyze_curriculam.TCED29706()'><b>TCED29706</b><br>Test class: com.curriculum.Analyze_curriculam</td>
<td></td>
<td>2</td>
<td>com.curriculum.Analyze_curriculam@33723e30</td></tr>
>>>>>>> 843e4f0764a67c2d23102d183f8c51790065e09a
<tr>
<td title='com.curriculum.Analyze_curriculam.TCED29707()'><b>TCED29707</b><br>Test class: com.curriculum.Analyze_curriculam</td>
<td></td>
<td>0</td>
<<<<<<< HEAD
<td>com.curriculum.Analyze_curriculam@3c77d488</td></tr>
=======
<td>com.curriculum.Analyze_curriculam@33723e30</td></tr>
>>>>>>> 843e4f0764a67c2d23102d183f8c51790065e09a
<tr>
<td title='com.curriculum.Analyze_curriculam.TCED29708()'><b>TCED29708</b><br>Test class: com.curriculum.Analyze_curriculam</td>
<td></td>
<td>11</td>
<<<<<<< HEAD
<td>com.curriculum.Analyze_curriculam@3c77d488</td></tr>
=======
<td>com.curriculum.Analyze_curriculam@33723e30</td></tr>
>>>>>>> 843e4f0764a67c2d23102d183f8c51790065e09a
<tr>
<td title='com.curriculum.Analyze_curriculam.TCED29709()'><b>TCED29709</b><br>Test class: com.curriculum.Analyze_curriculam</td>
<td></td>
<td>11</td>
<<<<<<< HEAD
<td>com.curriculum.Analyze_curriculam@3c77d488</td></tr>
=======
<td>com.curriculum.Analyze_curriculam@33723e30</td></tr>
>>>>>>> 843e4f0764a67c2d23102d183f8c51790065e09a
<tr>
<td title='com.curriculum.Analyze_curriculam.TCED29710()'><b>TCED29710</b><br>Test class: com.curriculum.Analyze_curriculam</td>
<td></td>
<td>4</td>
<<<<<<< HEAD
<td>com.curriculum.Analyze_curriculam@3c77d488</td></tr>
<tr>
<td title='com.curriculum.Analyze_curriculam.TCED29712()'><b>TCED29712</b><br>Test class: com.curriculum.Analyze_curriculam</td>
<td></td>
<td>10</td>
<td>com.curriculum.Analyze_curriculam@3c77d488</td></tr>
=======
<td>com.curriculum.Analyze_curriculam@33723e30</td></tr>
<tr>
<td title='com.curriculum.Analyze_curriculam.TCED29712()'><b>TCED29712</b><br>Test class: com.curriculum.Analyze_curriculam</td>
<td></td>
<td>11</td>
<td>com.curriculum.Analyze_curriculam@33723e30</td></tr>
>>>>>>> 843e4f0764a67c2d23102d183f8c51790065e09a
<tr>
<td title='com.curriculum.Analyze_curriculam.TCED29713()'><b>TCED29713</b><br>Test class: com.curriculum.Analyze_curriculam</td>
<td></td>
<td>11</td>
<<<<<<< HEAD
<td>com.curriculum.Analyze_curriculam@3c77d488</td></tr>
<tr>
<td title='com.curriculum.Analyze_curriculam.TCED29714()'><b>TCED29714</b><br>Test class: com.curriculum.Analyze_curriculam</td>
<td></td>
<td>0</td>
<td>com.curriculum.Analyze_curriculam@3c77d488</td></tr>
=======
<td>com.curriculum.Analyze_curriculam@33723e30</td></tr>
<tr>
<td title='com.curriculum.Analyze_curriculam.TCED29714()'><b>TCED29714</b><br>Test class: com.curriculum.Analyze_curriculam</td>
<td></td>
<td>1</td>
<td>com.curriculum.Analyze_curriculam@33723e30</td></tr>
>>>>>>> 843e4f0764a67c2d23102d183f8c51790065e09a
<tr>
<td title='com.curriculum.Analyze_curriculam.TCED29715()'><b>TCED29715</b><br>Test class: com.curriculum.Analyze_curriculam</td>
<td></td>
<td>0</td>
<<<<<<< HEAD
<td>com.curriculum.Analyze_curriculam@3c77d488</td></tr>
<tr>
<td title='com.curriculum.Analyze_curriculam.TCED29716()'><b>TCED29716</b><br>Test class: com.curriculum.Analyze_curriculam</td>
<td></td>
<td>5</td>
<td>com.curriculum.Analyze_curriculam@3c77d488</td></tr>
=======
<td>com.curriculum.Analyze_curriculam@33723e30</td></tr>
<tr>
<td title='com.curriculum.Analyze_curriculam.TCED29716()'><b>TCED29716</b><br>Test class: com.curriculum.Analyze_curriculam</td>
<td></td>
<td>6</td>
<td>com.curriculum.Analyze_curriculam@33723e30</td></tr>
>>>>>>> 843e4f0764a67c2d23102d183f8c51790065e09a
<tr>
<td title='com.curriculum.Analyze_curriculam.TCED29717()'><b>TCED29717</b><br>Test class: com.curriculum.Analyze_curriculam</td>
<td></td>
<td>23</td>
<<<<<<< HEAD
<td>com.curriculum.Analyze_curriculam@3c77d488</td></tr>
=======
<td>com.curriculum.Analyze_curriculam@33723e30</td></tr>
>>>>>>> 843e4f0764a67c2d23102d183f8c51790065e09a
<tr>
<td title='com.curriculum.Analyze_curriculam.TCED29718()'><b>TCED29718</b><br>Test class: com.curriculum.Analyze_curriculam</td>
<td></td>
<td>1</td>
<<<<<<< HEAD
<td>com.curriculum.Analyze_curriculam@3c77d488</td></tr>
=======
<td>com.curriculum.Analyze_curriculam@33723e30</td></tr>
>>>>>>> 843e4f0764a67c2d23102d183f8c51790065e09a
</table><p>
</body>
</html>