<?xml version="1.0" encoding="UTF-8"?>
<!-- Generated by org.testng.reporters.JUnitXMLReporter -->
<testsuite ignored="0" hostname="QA-Scheduler" failures="2" tests="18" name="Test" time="123.769" errors="0" timestamp="31 Oct 2018 12:53:07 GMT">
  <testcase classname="com.curriculum.Analyze_curriculam" name="TCED29701" time="19.239"/>
  <testcase classname="com.curriculum.Analyze_curriculam" name="TCED29702" time="4.344"/>
  <testcase classname="com.curriculum.Analyze_curriculam" name="TCED29703" time="0.494">
    <failure type="java.lang.AssertionError" message="failed to assert  Health expected [true] but found [false]">
      <![CDATA[java.lang.AssertionError: failed to assert  Health expected [true] but found [false]
at com.curriculum.Analyze_curriculam.TCED29703(Analyze_curriculam.java:135)
... Removed 31 stack frames]]>
    </failure>
  </testcase> <!-- TCED29703 -->
  <testcase classname="com.curriculum.Analyze_curriculam" name="TCED29704" time="3.786"/>
  <testcase classname="com.curriculum.Analyze_curriculam" name="TCED29705" time="0.102"/>
  <testcase classname="com.curriculum.Analyze_curriculam" name="TCED29706" time="1.909"/>
  <testcase classname="com.curriculum.Analyze_curriculam" name="TCED29707" time="0.093"/>
  <testcase classname="com.curriculum.Analyze_curriculam" name="TCED29708" time="11.286"/>
  <testcase classname="com.curriculum.Analyze_curriculam" name="TCED29709" time="11.355"/>
  <testcase classname="com.curriculum.Analyze_curriculam" name="TCED29710" time="4.272"/>
  <testcase classname="com.curriculum.Analyze_curriculam" name="TCED29711" time="8.294">
    <failure type="java.lang.AssertionError" message="failed to assert  Health expected [true] but found [false]">
      <![CDATA[java.lang.AssertionError: failed to assert  Health expected [true] but found [false]
at com.curriculum.Analyze_curriculam.TCED29711(Analyze_curriculam.java:397)
... Removed 31 stack frames]]>
    </failure>
  </testcase> <!-- TCED29711 -->
  <testcase classname="com.curriculum.Analyze_curriculam" name="TCED29712" time="10.315"/>
  <testcase classname="com.curriculum.Analyze_curriculam" name="TCED29713" time="11.268"/>
  <testcase classname="com.curriculum.Analyze_curriculam" name="TCED29714" time="0.988"/>
  <testcase classname="com.curriculum.Analyze_curriculam" name="TCED29715" time="0.172"/>
  <testcase classname="com.curriculum.Analyze_curriculam" name="TCED29716" time="5.883"/>
  <testcase classname="com.curriculum.Analyze_curriculam" name="TCED29717" time="23.651"/>
  <testcase classname="com.curriculum.Analyze_curriculam" name="TCED29718" time="1.073"/>
</testsuite> <!-- Test -->
