<?xml version="1.0" encoding="UTF-8"?>
<!-- Generated by org.testng.reporters.JUnitXMLReporter -->
<<<<<<< HEAD
<testsuite ignored="0" hostname="QA-Scheduler" failures="4" tests="8" name="Test" time="46.206" errors="0" timestamp="31 Oct 2018 12:53:53 GMT">
  <testcase classname="com.curriculum.Standards_Coverage_Report" name="TCED30201" time="13.778">
=======
<testsuite hostname="Vofox-Sebastian" ignored="0" name="Test" tests="8" failures="4" timestamp="31 Oct 2018 12:46:29 GMT" time="53.853" errors="0">
  <testcase name="TCED30201" time="14.861" classname="com.curriculum.Standards_Coverage_Report">
>>>>>>> 843e4f0764a67c2d23102d183f8c51790065e09a
    <failure type="java.lang.AssertionError" message="failed to assert text  For Automation [Do not Edit and Delete] expected [true] but found [false]">
      <![CDATA[java.lang.AssertionError: failed to assert text  For Automation [Do not Edit and Delete] expected [true] but found [false]
at com.curriculum.Standards_Coverage_Report.TCED30201(Standards_Coverage_Report.java:65)
... Removed 31 stack frames]]>
    </failure>
  </testcase> <!-- TCED30201 -->
<<<<<<< HEAD
  <testcase classname="com.curriculum.Standards_Coverage_Report" name="TCED30202" time="0.557">
=======
  <testcase name="TCED30202" time="0.623" classname="com.curriculum.Standards_Coverage_Report">
>>>>>>> 843e4f0764a67c2d23102d183f8c51790065e09a
    <failure type="java.lang.AssertionError" message="failed to assert textMaps selected: For Automation [Do not Edit and Delete] expected [true] but found [false]">
      <![CDATA[java.lang.AssertionError: failed to assert textMaps selected: For Automation [Do not Edit and Delete] expected [true] but found [false]
at com.curriculum.Analyze_curriculam.TCED29703(Analyze_curriculam.java:115)
at com.curriculum.Standards_Coverage_Report.TCED30202(Standards_Coverage_Report.java:89)
... Removed 31 stack frames]]>
    </failure>
  </testcase> <!-- TCED30202 -->
<<<<<<< HEAD
  <testcase classname="com.curriculum.Standards_Coverage_Report" name="TCED30203" time="2.585"/>
  <testcase classname="com.curriculum.Standards_Coverage_Report" name="TCED30204" time="0.032">
=======
  <testcase name="TCED30203" time="3.035" classname="com.curriculum.Standards_Coverage_Report"/>
  <testcase name="TCED30204" time="0.03" classname="com.curriculum.Standards_Coverage_Report">
>>>>>>> 843e4f0764a67c2d23102d183f8c51790065e09a
    <failure type="java.lang.AssertionError" message="failed to assert text For Automation [Do not Edit and Delete] expected [true] but found [false]">
      <![CDATA[java.lang.AssertionError: failed to assert text For Automation [Do not Edit and Delete] expected [true] but found [false]
at com.curriculum.Analyze_curriculam.TCED29705(Analyze_curriculam.java:187)
at com.curriculum.Standards_Coverage_Report.TCED30204(Standards_Coverage_Report.java:130)
... Removed 31 stack frames]]>
    </failure>
  </testcase> <!-- TCED30204 -->
<<<<<<< HEAD
  <testcase classname="com.curriculum.Standards_Coverage_Report" name="TCED30205" time="1.733"/>
  <testcase classname="com.curriculum.Standards_Coverage_Report" name="TCED30206" time="0.046">
=======
  <testcase name="TCED30205" time="2.634" classname="com.curriculum.Standards_Coverage_Report"/>
  <testcase name="TCED30206" time="0.048" classname="com.curriculum.Standards_Coverage_Report">
>>>>>>> 843e4f0764a67c2d23102d183f8c51790065e09a
    <failure type="java.lang.AssertionError" message="failed to assert text  For Automation [Do not Edit and Delete] expected [true] but found [false]">
      <![CDATA[java.lang.AssertionError: failed to assert text  For Automation [Do not Edit and Delete] expected [true] but found [false]
at com.curriculum.Analyze_curriculam.TCED29707(Analyze_curriculam.java:252)
at com.curriculum.Standards_Coverage_Report.TCED30206(Standards_Coverage_Report.java:171)
... Removed 31 stack frames]]>
    </failure>
  </testcase> <!-- TCED30206 -->
<<<<<<< HEAD
  <testcase classname="com.curriculum.Standards_Coverage_Report" name="TCED30207" time="11.275"/>
  <testcase classname="com.curriculum.Standards_Coverage_Report" name="TCED30208" time="11.335"/>
=======
  <testcase name="TCED30207" time="11.351" classname="com.curriculum.Standards_Coverage_Report"/>
  <testcase name="TCED30208" time="11.327" classname="com.curriculum.Standards_Coverage_Report"/>
>>>>>>> 843e4f0764a67c2d23102d183f8c51790065e09a
</testsuite> <!-- Test -->
