<?xml version="1.0" encoding="UTF-8"?>
<testsuite name="TestSuite" time="39.379" tests="4" errors="0" skipped="0" failures="1">
  <properties>
    <property name="java.runtime.name" value="Java(TM) SE Runtime Environment"/>
    <property name="sun.boot.library.path" value="C:\Program Files\Java\jdk1.8.0_181\jre\bin"/>
    <property name="java.vm.version" value="25.181-b13"/>
    <property name="java.vm.vendor" value="Oracle Corporation"/>
    <property name="maven.multiModuleProjectDirectory" value="F:\Vofox-Webdriver\Edinsight"/>
    <property name="java.vendor.url" value="http://java.oracle.com/"/>
    <property name="path.separator" value=";"/>
    <property name="guice.disable.misplaced.annotation.check" value="true"/>
    <property name="java.vm.name" value="Java HotSpot(TM) 64-Bit Server VM"/>
    <property name="file.encoding.pkg" value="sun.io"/>
    <property name="user.script" value=""/>
    <property name="user.country" value="US"/>
    <property name="sun.java.launcher" value="SUN_STANDARD"/>
    <property name="sun.os.patch.level" value=""/>
    <property name="java.vm.specification.name" value="Java Virtual Machine Specification"/>
    <property name="user.dir" value="F:\Vofox-Webdriver\Edinsight"/>
    <property name="java.runtime.version" value="1.8.0_181-b13"/>
    <property name="java.awt.graphicsenv" value="sun.awt.Win32GraphicsEnvironment"/>
    <property name="java.endorsed.dirs" value="C:\Program Files\Java\jdk1.8.0_181\jre\lib\endorsed"/>
    <property name="os.arch" value="amd64"/>
    <property name="java.io.tmpdir" value="C:\WINDOWS\TEMP\"/>
    <property name="line.separator" value="&#10;"/>
    <property name="java.vm.specification.vendor" value="Oracle Corporation"/>
    <property name="user.variant" value=""/>
    <property name="os.name" value="Windows 10"/>
    <property name="classworlds.conf" value="E:\apache-maven-3.5.4\bin\..\bin\m2.conf"/>
    <property name="sun.jnu.encoding" value="Cp1252"/>
    <property name="java.library.path" value="C:\Program Files\Java\jdk1.8.0_181\bin;C:\WINDOWS\Sun\Java\bin;C:\WINDOWS\system32;C:\WINDOWS;C:\Program Files\Java\jdk1.8.0_181/bin;C:\Program Files\Java\jdk1.8.0_181/bin;C:\Program Files\Java\jdk1.8.0_181\bin;C:\Program Files (x86)\Common Files\Oracle\Java\javapath;C:\WINDOWS\system32;C:\WINDOWS;C:\WINDOWS\System32\Wbem;C:\WINDOWS\System32\WindowsPowerShell\v1.0\;C:\Program Files\Git\cmd;C:\WINDOWS\System32\OpenSSH\;E:\apache-maven-3.5.4\bin;C:\WINDOWS\system32\config\systemprofile\AppData\Local\Microsoft\WindowsApps;."/>
    <property name="maven.conf" value="E:\apache-maven-3.5.4\bin\../conf"/>
    <property name="java.specification.name" value="Java Platform API Specification"/>
    <property name="java.class.version" value="52.0"/>
    <property name="sun.management.compiler" value="HotSpot 64-Bit Tiered Compilers"/>
    <property name="os.version" value="10.0"/>
    <property name="library.jansi.path" value="E:\apache-maven-3.5.4\bin\..\lib\jansi-native"/>
    <property name="surefire.suiteXmlFiles" value="VED0075-Enter_Weeks_Minutes.xml"/>
    <property name="user.home" value="C:\WINDOWS\system32\config\systemprofile"/>
    <property name="user.timezone" value="Asia/Calcutta"/>
    <property name="java.awt.printerjob" value="sun.awt.windows.WPrinterJob"/>
    <property name="java.specification.version" value="1.8"/>
    <property name="file.encoding" value="Cp1252"/>
    <property name="user.name" value="QA-SCHEDULER$"/>
    <property name="java.class.path" value="E:\apache-maven-3.5.4\bin\..\boot\plexus-classworlds-2.5.2.jar"/>
    <property name="java.vm.specification.version" value="1.8"/>
    <property name="sun.arch.data.model" value="64"/>
    <property name="java.home" value="C:\Program Files\Java\jdk1.8.0_181\jre"/>
    <property name="sun.java.command" value="org.codehaus.plexus.classworlds.launcher.Launcher clean test -Dsurefire.suiteXmlFiles=VED0075-Enter_Weeks_Minutes.xml"/>
    <property name="java.specification.vendor" value="Oracle Corporation"/>
    <property name="user.language" value="en"/>
    <property name="awt.toolkit" value="sun.awt.windows.WToolkit"/>
    <property name="java.vm.info" value="mixed mode"/>
    <property name="java.version" value="1.8.0_181"/>
    <property name="java.ext.dirs" value="C:\Program Files\Java\jdk1.8.0_181\jre\lib\ext;C:\WINDOWS\Sun\Java\lib\ext"/>
    <property name="sun.boot.class.path" value="C:\Program Files\Java\jdk1.8.0_181\jre\lib\resources.jar;C:\Program Files\Java\jdk1.8.0_181\jre\lib\rt.jar;C:\Program Files\Java\jdk1.8.0_181\jre\lib\sunrsasign.jar;C:\Program Files\Java\jdk1.8.0_181\jre\lib\jsse.jar;C:\Program Files\Java\jdk1.8.0_181\jre\lib\jce.jar;C:\Program Files\Java\jdk1.8.0_181\jre\lib\charsets.jar;C:\Program Files\Java\jdk1.8.0_181\jre\lib\jfr.jar;C:\Program Files\Java\jdk1.8.0_181\jre\classes"/>
    <property name="java.vendor" value="Oracle Corporation"/>
    <property name="maven.home" value="E:\apache-maven-3.5.4\bin\.."/>
    <property name="file.separator" value="\"/>
    <property name="java.vendor.url.bug" value="http://bugreport.sun.com/bugreport/"/>
    <property name="sun.cpu.endian" value="little"/>
    <property name="sun.io.unicode.encoding" value="UnicodeLittle"/>
    <property name="sun.desktop" value="windows"/>
    <property name="sun.cpu.isalist" value="amd64"/>
  </properties>
  <testcase name="TCED29401" classname="com.curriculum.Enter_weeks_minutes" time="14.034"/>
  <testcase name="TCED29402" classname="com.curriculum.Enter_weeks_minutes" time="0.56"/>
  <testcase name="TCED29403" classname="com.curriculum.Enter_weeks_minutes" time="6.142"/>
  <testcase name="TCED29404" classname="com.curriculum.Enter_weeks_minutes" time="18.643">
    <failure message="Unable to locate element: //*[@id=&apos;ctl00_MainContent_CurriculumMapWeeksMinutes1_grdDataEntryTopics_ctl02_grdDataEntryUnitTopic_ctl03_txtMinutesForTopic&apos;]&#10;For documentation on this error, please visit: http://seleniumhq.org/exceptions/no_such_element.html&#10;Build info: version: &apos;3.11.0&apos;, revision: &apos;e59cfb3&apos;, time: &apos;2018-03-11T20:26:55.152Z&apos;&#10;System info: host: &apos;QA-SCHEDULER&apos;, ip: &apos;192.168.10.111&apos;, os.name: &apos;Windows 10&apos;, os.arch: &apos;amd64&apos;, os.version: &apos;10.0&apos;, java.version: &apos;1.8.0_181&apos;&#10;Driver info: org.openqa.selenium.firefox.FirefoxDriver&#10;Capabilities {acceptInsecureCerts: true, browserName: firefox, browserVersion: 62.0, javascriptEnabled: true, moz:accessibilityChecks: false, moz:headless: false, moz:processID: 10344, moz:profile: C:\Windows\Temp\rust_mozpro..., moz:useNonSpecCompliantPointerOrigin: false, moz:webdriverClick: true, pageLoadStrategy: normal, platform: XP, platformName: XP, platformVersion: 10.0, rotatable: false, timeouts: {implicit: 0, pageLoad: 300000, script: 30000}}&#10;Session ID: bfa1a98c-1b83-4452-ba08-6e97fe6648d9&#10;*** Element info: {Using=xpath, value=//*[@id=&apos;ctl00_MainContent_CurriculumMapWeeksMinutes1_grdDataEntryTopics_ctl02_grdDataEntryUnitTopic_ctl03_txtMinutesForTopic&apos;]}" type="java.lang.AssertionError">java.lang.AssertionError: Unable to locate element: //*[@id='ctl00_MainContent_CurriculumMapWeeksMinutes1_grdDataEntryTopics_ctl02_grdDataEntryUnitTopic_ctl03_txtMinutesForTopic']
For documentation on this error, please visit: http://seleniumhq.org/exceptions/no_such_element.html
Build info: version: '3.11.0', revision: 'e59cfb3', time: '2018-03-11T20:26:55.152Z'
System info: host: 'QA-SCHEDULER', ip: '192.168.10.111', os.name: 'Windows 10', os.arch: 'amd64', os.version: '10.0', java.version: '1.8.0_181'
Driver info: org.openqa.selenium.firefox.FirefoxDriver
Capabilities {acceptInsecureCerts: true, browserName: firefox, browserVersion: 62.0, javascriptEnabled: true, moz:accessibilityChecks: false, moz:headless: false, moz:processID: 10344, moz:profile: C:\Windows\Temp\rust_mozpro..., moz:useNonSpecCompliantPointerOrigin: false, moz:webdriverClick: true, pageLoadStrategy: normal, platform: XP, platformName: XP, platformVersion: 10.0, rotatable: false, timeouts: {implicit: 0, pageLoad: 300000, script: 30000}}
Session ID: bfa1a98c-1b83-4452-ba08-6e97fe6648d9
*** Element info: {Using=xpath, value=//*[@id='ctl00_MainContent_CurriculumMapWeeksMinutes1_grdDataEntryTopics_ctl02_grdDataEntryUnitTopic_ctl03_txtMinutesForTopic']}
	at org.testng.Assert.fail(Assert.java:96)
	at com.curriculum.Enter_weeks_minutes.TCED29404(Enter_weeks_minutes.java:375)
</failure>
    <system-err><![CDATA[1541592231648	Marionette	DEBUG	[6442450945] Received DOM event beforeunload for http://192.168.10.124/EdInsight/Form/Curriculum/CurriculumMapEdit.aspx?args=s79LFcKIz38I3KnjVa8bnQ20OeDyXRTT9gI8KADskNbsqWpb8+Wx4INyVkvLA+s2pMbPHwc3qwr9vIknAPg6Aw==
1541592231811	Marionette	DEBUG	[6442450945] Received DOM event pagehide for http://192.168.10.124/EdInsight/Form/Curriculum/CurriculumMapEdit.aspx?args=s79LFcKIz38I3KnjVa8bnQ20OeDyXRTT9gI8KADskNbsqWpb8+Wx4INyVkvLA+s2pMbPHwc3qwr9vIknAPg6Aw==
1541592231815	Marionette	DEBUG	[6442450945] Received DOM event unload for http://192.168.10.124/EdInsight/Form/Curriculum/CurriculumMapEdit.aspx?args=s79LFcKIz38I3KnjVa8bnQ20OeDyXRTT9gI8KADskNbsqWpb8+Wx4INyVkvLA+s2pMbPHwc3qwr9vIknAPg6Aw==
1541592231956	Marionette	DEBUG	[6442450945] Received observer notification outer-window-destroyed for 6442451037
1541592231956	Marionette	DEBUG	[6442450945] Received observer notification outer-window-destroyed for 6442451043
1541592231956	Marionette	DEBUG	[6442450945] Received observer notification outer-window-destroyed for 6442451044
1541592232017	Marionette	DEBUG	[6442450945] Received DOM event DOMContentLoaded for http://192.168.10.124/EdInsight/Form/Curriculum/CurriculumMapEdit.aspx?args=s79LFcKIz38I3KnjVa8bnQYU/guZyRnF8oDOOrnnYyOkWTtMaqL+v5VJ1Lc6ObPZP0CbcxYIVJZ3t5DMYsQIZQ==
1541592232061	Marionette	DEBUG	[6442450945] Received observer notification outer-window-destroyed for 6442451050
1541592232062	Marionette	DEBUG	[6442450945] Received observer notification outer-window-destroyed for 6442451051
JavaScript error: http://192.168.10.124/EdInsight/Form/Curriculum/CurriculumMapEdit.aspx?args=s79LFcKIz38I3KnjVa8bnQYU/guZyRnF8oDOOrnnYyOkWTtMaqL+v5VJ1Lc6ObPZP0CbcxYIVJZ3t5DMYsQIZQ==, line 1: ReferenceError: False is not defined
JavaScript error: http://192.168.10.124/EdInsight/ScriptResource.axd?d=AEjViTNcS15kh1UUYOl8aAUC7vzagnW9CZtHyz1ODVg2uZP_KESTxOBX_a-KU4VoJXb8RdzZ8PYMAveogFRWj5LyccRNCixlf5V4aqTgP0VRKWBrxmK4jUERmS-1dL0GKm3y6gUwwThKfL0J5LlEkjdYwTMuV2BCAunakeCQ041592232084	Marionette	DEBUG	[6442450945] Received DOM event pageshow for http://192.168.10.124/EdInsight/Form/Curriculum/CurriculumMapEdit.aspx?args=s79LFcKIz38I3KnjVa8bnQYU/guZyRnF8oDOOrnnYyOkWTtMaqL+v5VJ1Lc6ObPZI2USINOAbf2EAklnfw1Afm-zI0&t=ffffffffcd368728:154, line 13: Error: Sys.ArgumentNullException: Value cannot be null.
Parameter name: panelsCreated[0]
P0CbcxYIVJZ3t5DMYsQIZQ==
1541592240733	addons.productaddons	WARN	Failed downloading XML, status: 0, reason: timeout
1541592240733	addons.productaddons	INFO	fetching config from: chrome://global/content/gmp-sources/openh264.json
1541592240735	addons.productaddons	INFO	fetching config from: chrome://global/content/gmp-sources/widevinecdm.json
1541592240738	addons.productaddons	INFO	found plugin: gmp-gmpopenh264
1541592240739	addons.productaddons	INFO	found plugin: gmp-widevinecdm
1541592241457	addons.productaddons	INFO	downloadXHR File download. status=200
1541592241466	addons.productaddons	INFO	Downloaded file will be saved to C:\WINDOWS\TEMP\tmpaddon-539dc0
1541592244575	addons.productaddons	INFO	downloadXHR File download. status=200
1541592244580	addons.productaddons	INFO	Downloaded file will be saved to C:\WINDOWS\TEMP\tmpaddon-249d4f
org.openqa.selenium.NoSuchElementException: Unable to locate element: //*[@id='ctl00_MainContent_CurriculumMapWeeksMinutes1_grdDataEntryTopics_ctl02_grdDataEntryUnitTopic_ctl03_txtMinutesForTopic']
For documentation on this error, please visit: http://seleniumhq.org/exceptions/no_such_element.html
Build info: version: '3.11.0', revision: 'e59cfb3', time: '2018-03-11T20:26:55.152Z'
System info: host: 'QA-SCHEDULER', ip: '192.168.10.111', os.name: 'Windows 10', os.arch: 'amd64', os.version: '10.0', java.version: '1.8.0_181'
Driver info: org.openqa.selenium.firefox.FirefoxDriver
Capabilities {acceptInsecureCerts: true, browserName: firefox, browserVersion: 62.0, javascriptEnabled: true, moz:accessibilityChecks: false, moz:headless: false, moz:processID: 10344, moz:profile: C:\Windows\Temp\rust_mozpro..., moz:useNonSpecCompliantPointerOrigin: false, moz:webdriverClick: true, pageLoadStrategy: normal, platform: XP, platformName: XP, platformVersion: 10.0, rotatable: false, timeouts: {implicit: 0, pageLoad: 300000, script: 30000}}
Session ID: bfa1a98c-1b83-4452-ba08-6e97fe6648d9
*** Element info: {Using=xpath, value=//*[@id='ctl00_MainContent_CurriculumMapWeeksMinutes1_grdDataEntryTopics_ctl02_grdDataEntryUnitTopic_ctl03_txtMinutesForTopic']}
	at sun.reflect.NativeConstructorAccessorImpl.newInstance0(Native Method)
	at sun.reflect.NativeConstructorAccessorImpl.newInstance(NativeConstructorAccessorImpl.java:62)
	at sun.reflect.DelegatingConstructorAccessorImpl.newInstance(DelegatingConstructorAccessorImpl.java:45)
	at java.lang.reflect.Constructor.newInstance(Constructor.java:423)
	at org.openqa.selenium.remote.http.W3CHttpResponseCodec.createException(W3CHttpResponseCodec.java:187)
	at org.openqa.selenium.remote.http.W3CHttpResponseCodec.decode(W3CHttpResponseCodec.java:122)
	at org.openqa.selenium.remote.http.W3CHttpResponseCodec.decode(W3CHttpResponseCodec.java:49)
	at org.openqa.selenium.remote.HttpCommandExecutor.execute(HttpCommandExecutor.java:158)
	at org.openqa.selenium.remote.service.DriverCommandExecutor.execute(DriverCommandExecutor.java:83)
	at org.openqa.selenium.remote.RemoteWebDriver.execute(RemoteWebDriver.java:545)
	at org.openqa.selenium.remote.RemoteWebDriver.findElement(RemoteWebDriver.java:319)
	at org.openqa.selenium.remote.RemoteWebDriver.findElementByXPath(RemoteWebDriver.java:421)
	at org.openqa.selenium.By$ByXPath.findElement(By.java:361)
	at org.openqa.selenium.remote.RemoteWebDriver.findElement(RemoteWebDriver.java:311)
	at com.curriculum.Enter_weeks_minutes.TCED29404(Enter_weeks_minutes.java:309)
	at sun.reflect.NativeMethodAccessorImpl.invoke0(Native Method)
	at sun.reflect.NativeMethodAccessorImpl.invoke(NativeMethodAccessorImpl.java:62)
	at sun.reflect.DelegatingMethodAccessorImpl.invoke(DelegatingMethodAccessorImpl.java:43)
	at java.lang.reflect.Method.invoke(Method.java:498)
	at org.testng.internal.MethodInvocationHelper.invokeMethod(MethodInvocationHelper.java:124)
	at org.testng.internal.Invoker.invokeMethod(Invoker.java:580)
	at org.testng.internal.Invoker.invokeTestMethod(Invoker.java:716)
	at org.testng.internal.Invoker.invokeTestMethods(Invoker.java:988)
	at org.testng.internal.TestMethodWorker.invokeTestMethods(TestMethodWorker.java:125)
	at org.testng.internal.TestMethodWorker.run(TestMethodWorker.java:109)
	at org.testng.TestRunner.privateRun(TestRunner.java:648)
	at org.testng.TestRunner.run(TestRunner.java:505)
	at org.testng.SuiteRunner.runTest(SuiteRunner.java:455)
	at org.testng.SuiteRunner.runSequentially(SuiteRunner.java:450)
	at org.testng.SuiteRunner.privateRun(SuiteRunner.java:415)
	at org.testng.SuiteRunner.run(SuiteRunner.java:364)
	at org.testng.SuiteRunnerWorker.runSuite(SuiteRunnerWorker.java:52)
	at org.testng.SuiteRunnerWorker.run(SuiteRunnerWorker.java:84)
	at org.testng.TestNG.runSuitesSequentially(TestNG.java:1208)
	at org.testng.TestNG.runSuitesLocally(TestNG.java:1137)
	at org.testng.TestNG.runSuites(TestNG.java:1049)
	at org.testng.TestNG.run(TestNG.java:1017)
	at org.apache.maven.surefire.testng.TestNGExecutor.run(TestNGExecutor.java:295)
	at org.apache.maven.surefire.testng.TestNGXmlTestSuite.execute(TestNGXmlTestSuite.java:84)
	at org.apache.maven.surefire.testng.TestNGProvider.invoke(TestNGProvider.java:90)
	at org.apache.maven.surefire.booter.ForkedBooter.invokeProviderInSameClassLoader(ForkedBooter.java:203)
	at org.apache.maven.surefire.booter.ForkedBooter.runSuitesInProcess(ForkedBooter.java:155)
	at org.apache.maven.surefire.booter.ForkedBooter.main(ForkedBooter.java:103)
]]></system-err>
  </testcase>
</testsuite>