-------------------------------------------------------------------------------
Test set: TestSuite
-------------------------------------------------------------------------------
Tests run: 368, Failures: 45, Errors: 0, Skipped: 0, Time elapsed: 3,917.446 sec <<< FAILURE! - in TestSuite
TCED16205(com.localassessment.Question_Bank_Apply_Standards)  Time elapsed: 7.077 sec  <<< FAILURE!
java.lang.AssertionError: Assigned standard not found expected [true] but found [false]
	at org.testng.Assert.fail(Assert.java:96)
	at org.testng.Assert.failNotEquals(Assert.java:776)
	at org.testng.Assert.assertTrue(Assert.java:44)
	at com.localassessment.Question_Bank_Apply_Standards.TCED16205(Question_Bank_Apply_Standards.java:196)

TCED16206(com.localassessment.Question_Bank_Apply_Standards)  Time elapsed: 20.254 sec  <<< FAILURE!
java.lang.AssertionError: Timeout during waiting for element: '//a[contains(text(),'Question Bank')]'
	at Library.BaseClassOne.waitFor(BaseClassOne.java:273)
	at Library.BaseClassOne.click(BaseClassOne.java:185)
	at com.localassessment.Question_Bank_Apply_Standards.TCED16206(Question_Bank_Apply_Standards.java:218)

TCED14291(com.analyzeByScore.AdministrationComparisonbyStudent)  Time elapsed: 7.628 sec  <<< FAILURE!
java.lang.AssertionError: expected [Administration Comparison by Student] but found [Test Administration Comparison Report]
	at org.testng.Assert.fail(Assert.java:96)
	at org.testng.Assert.failNotEquals(Assert.java:776)
	at org.testng.Assert.assertEqualsImpl(Assert.java:137)
	at org.testng.Assert.assertEquals(Assert.java:118)
	at org.testng.Assert.assertEquals(Assert.java:453)
	at org.testng.Assert.assertEquals(Assert.java:463)
	at com.analyzeByScore.AdministrationComparisonbyStudent.TCED14291(AdministrationComparisonbyStudent.java:39)

TCED29213(com.curriculum.Edit_Curriculum)  Time elapsed: 28.545 sec  <<< FAILURE!
java.lang.AssertionError: Could not find any element matching '//*[@id='table1']/table/tbody/tr/td[1]/table/tbody/tr[18]/td/a'
	at Library.BaseClassOne.find(BaseClassOne.java:221)
	at Library.BaseClassOne.getText(BaseClassOne.java:391)
	at Library.BaseClassOne.getText(BaseClassOne.java:341)
	at com.curriculum.Edit_Curriculum.TCED29213(Edit_Curriculum.java:1055)

TCED29505(com.curriculum.Copy_Current_Map)  Time elapsed: 8.456 sec  <<< FAILURE!
java.lang.AssertionError: expected [Add Topic...] but found [Topic1]
	at org.testng.Assert.fail(Assert.java:96)
	at org.testng.Assert.failNotEquals(Assert.java:776)
	at org.testng.Assert.assertEqualsImpl(Assert.java:137)
	at org.testng.Assert.assertEquals(Assert.java:118)
	at org.testng.Assert.assertEquals(Assert.java:453)
	at org.testng.Assert.assertEquals(Assert.java:463)
	at com.curriculum.Copy_Current_Map.TCED29505(Copy_Current_Map.java:311)

TCED29703(com.curriculum.Analyze_curriculam)  Time elapsed: 0.494 sec  <<< FAILURE!
java.lang.AssertionError: failed to assert  Health expected [true] but found [false]
	at org.testng.Assert.fail(Assert.java:96)
	at org.testng.Assert.failNotEquals(Assert.java:776)
	at org.testng.Assert.assertTrue(Assert.java:44)
	at com.curriculum.Analyze_curriculam.TCED29703(Analyze_curriculam.java:135)

TCED29711(com.curriculum.Analyze_curriculam)  Time elapsed: 8.294 sec  <<< FAILURE!
java.lang.AssertionError: failed to assert  Health expected [true] but found [false]
	at org.testng.Assert.fail(Assert.java:96)
	at org.testng.Assert.failNotEquals(Assert.java:776)
	at org.testng.Assert.assertTrue(Assert.java:44)
	at com.curriculum.Analyze_curriculam.TCED29711(Analyze_curriculam.java:397)

TCED30201(com.curriculum.Standards_Coverage_Report)  Time elapsed: 13.777 sec  <<< FAILURE!
java.lang.AssertionError: failed to assert text  For Automation [Do not Edit and Delete] expected [true] but found [false]
	at org.testng.Assert.fail(Assert.java:96)
	at org.testng.Assert.failNotEquals(Assert.java:776)
	at org.testng.Assert.assertTrue(Assert.java:44)
	at com.curriculum.Standards_Coverage_Report.TCED30201(Standards_Coverage_Report.java:65)

TCED30202(com.curriculum.Standards_Coverage_Report)  Time elapsed: 0.557 sec  <<< FAILURE!
java.lang.AssertionError: failed to assert textMaps selected: For Automation [Do not Edit and Delete] expected [true] but found [false]
	at org.testng.Assert.fail(Assert.java:96)
	at org.testng.Assert.failNotEquals(Assert.java:776)
	at org.testng.Assert.assertTrue(Assert.java:44)
	at com.curriculum.Analyze_curriculam.TCED29703(Analyze_curriculam.java:115)
	at com.curriculum.Standards_Coverage_Report.TCED30202(Standards_Coverage_Report.java:89)

TCED30204(com.curriculum.Standards_Coverage_Report)  Time elapsed: 0.016 sec  <<< FAILURE!
java.lang.AssertionError: failed to assert text For Automation [Do not Edit and Delete] expected [true] but found [false]
	at org.testng.Assert.fail(Assert.java:96)
	at org.testng.Assert.failNotEquals(Assert.java:776)
	at org.testng.Assert.assertTrue(Assert.java:44)
	at com.curriculum.Analyze_curriculam.TCED29705(Analyze_curriculam.java:187)
	at com.curriculum.Standards_Coverage_Report.TCED30204(Standards_Coverage_Report.java:130)

TCED30206(com.curriculum.Standards_Coverage_Report)  Time elapsed: 0.046 sec  <<< FAILURE!
java.lang.AssertionError: failed to assert text  For Automation [Do not Edit and Delete] expected [true] but found [false]
	at org.testng.Assert.fail(Assert.java:96)
	at org.testng.Assert.failNotEquals(Assert.java:776)
	at org.testng.Assert.assertTrue(Assert.java:44)
	at com.curriculum.Analyze_curriculam.TCED29707(Analyze_curriculam.java:252)
	at com.curriculum.Standards_Coverage_Report.TCED30206(Standards_Coverage_Report.java:171)

TCED30604(com.curriculum.Custom_Reports)  Time elapsed: 45.275 sec  <<< FAILURE!
java.lang.AssertionError: Failed to download document which has extension .PDF expected [true] but found [false]
	at org.testng.Assert.fail(Assert.java:96)
	at org.testng.Assert.failNotEquals(Assert.java:776)
	at org.testng.Assert.assertTrue(Assert.java:44)
	at com.curriculum.Custom_Reports.TCED30604(Custom_Reports.java:153)

TCED30605(com.curriculum.Custom_Reports)  Time elapsed: 40.316 sec  <<< FAILURE!
java.lang.AssertionError: Failed to download document which has extension .DOC expected [true] but found [false]
	at org.testng.Assert.fail(Assert.java:96)
	at org.testng.Assert.failNotEquals(Assert.java:776)
	at org.testng.Assert.assertTrue(Assert.java:44)
	at com.curriculum.Custom_Reports.TCED30605(Custom_Reports.java:176)

TCED30703(com.curriculum.CTE_Competency_List)  Time elapsed: 35.523 sec  <<< FAILURE!
java.lang.AssertionError: Failed to download document which has extension .PDF expected [true] but found [false]
	at org.testng.Assert.fail(Assert.java:96)
	at org.testng.Assert.failNotEquals(Assert.java:776)
	at org.testng.Assert.assertTrue(Assert.java:44)
	at com.curriculum.CTE_Competency_List.TCED30703(CTE_Competency_List.java:114)

TCED34301(com.Home.Attendance)  Time elapsed: 24.54 sec  <<< FAILURE!
java.lang.AssertionError: Could not find any element matching '//*[@id='ctl00_tdContentCell']/table/tbody/tr[3]/td/div[1]/div[2]'
	at Library.BaseClassOne.find(BaseClassOne.java:221)
	at Library.BaseClassOne.getText(BaseClassOne.java:391)
	at Library.BaseClassOne.getText(BaseClassOne.java:341)
	at com.Home.Attendance.TCED34301(Attendance.java:56)

TCED34302(com.Home.Attendance)  Time elapsed: 15.026 sec  <<< FAILURE!
java.lang.AssertionError: Could not find any element matching '//*[@id='ctl00_tdContentCell']/table/tbody/tr[3]/td/div[1]/div[3]/table/tbody/tr[1]/td[1]/table[1]/tbody/tr/td'
	at Library.BaseClassOne.find(BaseClassOne.java:221)
	at Library.BaseClassOne.getText(BaseClassOne.java:391)
	at Library.BaseClassOne.getText(BaseClassOne.java:341)
	at com.Home.Attendance.TCED34302(Attendance.java:73)

TCED34303(com.Home.Attendance)  Time elapsed: 16.479 sec  <<< FAILURE!
java.lang.AssertionError: Unable to locate element: //*[@id='shcAttendanceHistory2017Toggle']/a[1]
For documentation on this error, please visit: http://seleniumhq.org/exceptions/no_such_element.html
Build info: version: '3.11.0', revision: 'e59cfb3', time: '2018-03-11T20:26:55.152Z'
System info: host: 'QA-SCHEDULER', ip: '192.168.10.111', os.name: 'Windows 10', os.arch: 'amd64', os.version: '10.0', java.version: '10.0.2'
Driver info: org.openqa.selenium.firefox.FirefoxDriver
Capabilities {acceptInsecureCerts: true, browserName: firefox, browserVersion: 62.0, javascriptEnabled: true, moz:accessibilityChecks: false, moz:headless: false, moz:processID: 23516, moz:profile: C:\Users\Developer\AppData\..., moz:useNonSpecCompliantPointerOrigin: false, moz:webdriverClick: true, pageLoadStrategy: normal, platform: XP, platformName: XP, platformVersion: 10.0, rotatable: false, timeouts: {implicit: 0, pageLoad: 300000, script: 30000}}
Session ID: faf7401d-9b57-41f9-9029-46e0800c540b
*** Element info: {Using=xpath, value=//*[@id='shcAttendanceHistory2017Toggle']/a[1]}
	at org.testng.Assert.fail(Assert.java:96)
	at com.Home.Attendance.TCED34303(Attendance.java:162)

TCED34304(com.Home.Attendance)  Time elapsed: 15.028 sec  <<< FAILURE!
java.lang.AssertionError: Could not find any element matching '//*[@id='ctl00_MainContent_StudentDisplayAttendance1_shcAttendanceHistory2017_ctl00_rdgStudentScores_ctl00']/thead/tr[1]/th[1]/a'
	at Library.BaseClassOne.find(BaseClassOne.java:221)
	at Library.BaseClassOne.getText(BaseClassOne.java:391)
	at Library.BaseClassOne.getText(BaseClassOne.java:341)
	at com.Home.Attendance.TCED34304(Attendance.java:176)

TCED34305(com.Home.Attendance)  Time elapsed: 33.295 sec  <<< FAILURE!
java.lang.AssertionError: Timeout during waiting for element: '//*[@id='shcAttendanceHistory2016Toggle']/a[1]'
	at Library.BaseClassOne.waitFor(BaseClassOne.java:273)
	at Library.BaseClassOne.click(BaseClassOne.java:185)
	at com.Home.Attendance.TCED34305(Attendance.java:218)

TCED34306(com.Home.Attendance)  Time elapsed: 33.223 sec  <<< FAILURE!
java.lang.AssertionError: Timeout during waiting for element: '//*[@id='shcAttendanceHistory2015Toggle']/a[1]'
	at Library.BaseClassOne.waitFor(BaseClassOne.java:273)
	at Library.BaseClassOne.click(BaseClassOne.java:185)
	at com.Home.Attendance.TCED34306(Attendance.java:268)

TCED34307(com.Home.Attendance)  Time elapsed: 31.186 sec  <<< FAILURE!
java.lang.AssertionError: Timeout during waiting for element: '//*[@id='LinkHideTruancyAlerts']'
	at Library.BaseClassOne.waitFor(BaseClassOne.java:273)
	at Library.BaseClassOne.click(BaseClassOne.java:185)
	at com.Home.Attendance.TCED34307(Attendance.java:314)

TCED34308(com.Home.Attendance)  Time elapsed: 31.617 sec  <<< FAILURE!
java.lang.AssertionError: Timeout during waiting for element: '//*[@id='ctl00_MainContent_btnPrintToPDF']'
	at Library.BaseClassOne.waitFor(BaseClassOne.java:273)
	at Library.BaseClassOne.click(BaseClassOne.java:185)
	at com.Home.Attendance.TCED34308(Attendance.java:340)

TCED15003(com.localassessment.Copy_assessment_vendor)  Time elapsed: 30.032 sec  <<< FAILURE!
java.lang.AssertionError: No frame element found by name or id rwCopyAssessment
Build info: version: '3.11.0', revision: 'e59cfb3', time: '2018-03-11T20:26:55.152Z'
System info: host: 'QA-SCHEDULER', ip: '192.168.10.111', os.name: 'Windows 10', os.arch: 'amd64', os.version: '10.0', java.version: '10.0.2'
Driver info: driver.version: unknown
	at org.testng.Assert.fail(Assert.java:96)
	at com.localassessment.Copy_assessment_vendor.TCED15003(Copy_assessment_vendor.java:68)

TCED15004(com.localassessment.Copy_assessment_vendor)  Time elapsed: 15.027 sec  <<< FAILURE!
java.lang.AssertionError: Could not find any element matching '//*[@id='aspnetForm']/div[4]/div/table/tbody/tr[2]/td/table/tbody/tr[1]/td[1]'
	at Library.BaseClassOne.find(BaseClassOne.java:221)
	at Library.BaseClassOne.getText(BaseClassOne.java:391)
	at Library.BaseClassOne.getText(BaseClassOne.java:341)
	at com.localassessment.Copy_assessment_vendor.TCED15004(Copy_assessment_vendor.java:80)

TCED15005(com.localassessment.Copy_assessment_vendor)  Time elapsed: 30.243 sec  <<< FAILURE!
java.lang.AssertionError: Timeout during waiting for element: '//*[@id='ctl00_ContentPlaceHolder1_btnSaveAssessment']'
	at Library.BaseClassOne.waitFor(BaseClassOne.java:273)
	at Library.BaseClassOne.click(BaseClassOne.java:185)
	at com.localassessment.Copy_assessment_vendor.TCED15005(Copy_assessment_vendor.java:110)

TCED15006(com.localassessment.Copy_assessment_vendor)  Time elapsed: 30.233 sec  <<< FAILURE!
java.lang.AssertionError: Timeout during waiting for element: 'input#ctl00_ContentPlaceHolder1_txtQuestionStartingId'
	at Library.BaseClassOne.waitFor(BaseClassOne.java:273)
	at Library.BaseClassOne.type(BaseClassOne.java:166)
	at com.localassessment.Copy_assessment_vendor.TCED15006(Copy_assessment_vendor.java:183)

TCED14085(com.analyzeByScore.ItemAnalysisbyQuestion)  Time elapsed: 34.434 sec  <<< FAILURE!
java.lang.AssertionError: Timeout during waiting for element: '//a[contains(text(),'6(75%)')]'
	at Library.BaseClassOne.waitFor(BaseClassOne.java:273)
	at Library.BaseClassOne.click(BaseClassOne.java:185)
	at com.analyzeByScore.ItemAnalysisbyQuestion.TCED14085(ItemAnalysisbyQuestion.java:124)

TCED14086(com.analyzeByScore.ItemAnalysisbyQuestion)  Time elapsed: 34.696 sec  <<< FAILURE!
java.lang.AssertionError: Timeout during waiting for element: '//a[contains(text(),'1(12.5%)')]'
	at Library.BaseClassOne.waitFor(BaseClassOne.java:273)
	at Library.BaseClassOne.click(BaseClassOne.java:185)
	at com.analyzeByScore.ItemAnalysisbyQuestion.TCED14086(ItemAnalysisbyQuestion.java:147)

TCED14091(com.analyzeByScore.ItemAnalysisbyQuestion)  Time elapsed: 38.708 sec  <<< FAILURE!
java.lang.AssertionError: Timeout during waiting for element: '//a[contains(text(),'2(50%)')]'
	at Library.BaseClassOne.waitFor(BaseClassOne.java:273)
	at Library.BaseClassOne.click(BaseClassOne.java:185)
	at com.analyzeByScore.ItemAnalysisbyQuestion.TCED14091(ItemAnalysisbyQuestion.java:263)

TCED14092(com.analyzeByScore.ItemAnalysisbyQuestion)  Time elapsed: 39.761 sec  <<< FAILURE!
java.lang.AssertionError: Timeout during waiting for element: '//a[contains(text(),'1(25%)')]'
	at Library.BaseClassOne.waitFor(BaseClassOne.java:273)
	at Library.BaseClassOne.click(BaseClassOne.java:185)
	at com.analyzeByScore.ItemAnalysisbyQuestion.TCED14092(ItemAnalysisbyQuestion.java:294)

TCED14097(com.analyzeByScore.ItemAnalysisbyQuestion)  Time elapsed: 37.639 sec  <<< FAILURE!
java.lang.AssertionError: Timeout during waiting for element: '//a[contains(text(),'6(75%)')]'
	at Library.BaseClassOne.waitFor(BaseClassOne.java:273)
	at Library.BaseClassOne.click(BaseClassOne.java:185)
	at com.analyzeByScore.ItemAnalysisbyQuestion.TCED14097(ItemAnalysisbyQuestion.java:414)

TCED14098(com.analyzeByScore.ItemAnalysisbyQuestion)  Time elapsed: 37.747 sec  <<< FAILURE!
java.lang.AssertionError: Timeout during waiting for element: '//a[contains(text(),'1(12.5%)')]'
	at Library.BaseClassOne.waitFor(BaseClassOne.java:273)
	at Library.BaseClassOne.click(BaseClassOne.java:185)
	at com.analyzeByScore.ItemAnalysisbyQuestion.TCED14098(ItemAnalysisbyQuestion.java:437)

TCED14155(com.analyzeByScore.StudentAssessmentAdministrationResultsbyTeacher)  Time elapsed: 4.187 sec  <<< FAILURE!
java.lang.AssertionError: Failed to download document which has extension .PDF expected [true] but found [false]
	at org.testng.Assert.fail(Assert.java:96)
	at org.testng.Assert.failNotEquals(Assert.java:776)
	at org.testng.Assert.assertTrue(Assert.java:44)
	at com.analyzeByScore.StudentAssessmentAdministrationResultsbyTeacher.TCED14155(StudentAssessmentAdministrationResultsbyTeacher.java:236)

TCED14156(com.analyzeByScore.StudentAssessmentAdministrationResultsbyTeacher)  Time elapsed: 4.228 sec  <<< FAILURE!
java.lang.AssertionError: Failed to download document which has extension .CSV expected [true] but found [false]
	at org.testng.Assert.fail(Assert.java:96)
	at org.testng.Assert.failNotEquals(Assert.java:776)
	at org.testng.Assert.assertTrue(Assert.java:44)
	at com.analyzeByScore.StudentAssessmentAdministrationResultsbyTeacher.TCED14156(StudentAssessmentAdministrationResultsbyTeacher.java:258)

TCED20212(com.MTSS.Manage_meetings)  Time elapsed: 4.382 sec  <<< FAILURE!
java.lang.AssertionError: expected [Next Steps] but found [Meeting Summary Form]
	at org.testng.Assert.fail(Assert.java:96)
	at org.testng.Assert.failNotEquals(Assert.java:776)
	at org.testng.Assert.assertEqualsImpl(Assert.java:137)
	at org.testng.Assert.assertEquals(Assert.java:118)
	at org.testng.Assert.assertEquals(Assert.java:453)
	at org.testng.Assert.assertEquals(Assert.java:463)
	at com.MTSS.Manage_meetings.TCED20212(Manage_meetings.java:379)

TCED20213(com.MTSS.Manage_meetings)  Time elapsed: 15.002 sec  <<< FAILURE!
java.lang.AssertionError: Could not find any element matching '//*[@id='ctl00_ContentPlaceHolder1_trNextSteps']/td/fieldset/legend/span'
	at Library.BaseClassOne.find(BaseClassOne.java:221)
	at Library.BaseClassOne.getText(BaseClassOne.java:391)
	at Library.BaseClassOne.getText(BaseClassOne.java:341)
	at com.MTSS.Manage_meetings.TCED20213(Manage_meetings.java:405)

TCED20214(com.MTSS.Manage_meetings)  Time elapsed: 32.273 sec  <<< FAILURE!
java.lang.AssertionError: Timeout during waiting for element: '//*[@id='ctl00_ContentPlaceHolder1_btnReTier']'
	at Library.BaseClassOne.waitFor(BaseClassOne.java:273)
	at Library.BaseClassOne.click(BaseClassOne.java:185)
	at com.MTSS.Manage_meetings.TCED20214(Manage_meetings.java:429)

TCED20215(com.MTSS.Manage_meetings)  Time elapsed: 32.258 sec  <<< FAILURE!
java.lang.AssertionError: Timeout during waiting for element: '//*[@id='ctl00_ContentPlaceHolder1_btnInterventions']'
	at Library.BaseClassOne.waitFor(BaseClassOne.java:273)
	at Library.BaseClassOne.click(BaseClassOne.java:185)
	at com.MTSS.Manage_meetings.TCED20215(Manage_meetings.java:466)

TCED20219(com.MTSS.Manage_meetings)  Time elapsed: 8.929 sec  <<< FAILURE!
java.lang.AssertionError: : 
Build info: version: '3.11.0', revision: 'e59cfb3', time: '2018-03-11T20:26:55.152Z'
System info: host: 'QA-SCHEDULER', ip: '192.168.10.111', os.name: 'Windows 10', os.arch: 'amd64', os.version: '10.0', java.version: '10.0.2'
Driver info: org.openqa.selenium.firefox.FirefoxDriver
Capabilities {acceptInsecureCerts: true, browserName: firefox, browserVersion: 62.0, javascriptEnabled: true, moz:accessibilityChecks: false, moz:headless: false, moz:processID: 28288, moz:profile: C:\Users\Developer\AppData\..., moz:useNonSpecCompliantPointerOrigin: false, moz:webdriverClick: true, pageLoadStrategy: normal, platform: XP, platformName: XP, platformVersion: 10.0, rotatable: false, timeouts: {implicit: 0, pageLoad: 300000, script: 30000}}
Session ID: 01b9bb6c-bb67-4f94-aea8-ab48b039fa0f
*** Element info: {Using=name, value=RadWindow1}
	at org.testng.Assert.fail(Assert.java:96)
	at com.MTSS.Manage_meetings.TCED20219(Manage_meetings.java:608)

TCED20220(com.MTSS.Manage_meetings)  Time elapsed: 15.014 sec  <<< FAILURE!
java.lang.AssertionError: Could not find any element matching '//*[@id='aspnetForm']/div[4]/div[2]/div[1]/table/tbody/tr[1]/td[1]/b'
	at Library.BaseClassOne.find(BaseClassOne.java:221)
	at Library.BaseClassOne.getText(BaseClassOne.java:391)
	at Library.BaseClassOne.getText(BaseClassOne.java:341)
	at com.MTSS.Manage_meetings.TCED20220(Manage_meetings.java:621)

TCED20221(com.MTSS.Manage_meetings)  Time elapsed: 15.028 sec  <<< FAILURE!
java.lang.AssertionError: Could not find any element matching '//*[@id='ctl00_ContentPlaceHolder1_trNotes']/td/div/fieldset/legend/b'
	at Library.BaseClassOne.find(BaseClassOne.java:221)
	at Library.BaseClassOne.ScrollTo_Location(BaseClassOne.java:614)
	at com.MTSS.Manage_meetings.TCED20221(Manage_meetings.java:673)

TCED20222(com.MTSS.Manage_meetings)  Time elapsed: 32.255 sec  <<< FAILURE!
java.lang.AssertionError: Timeout during waiting for element: '//*[@id='ctl00_ContentPlaceHolder1_btnSaveSubmit']'
	at Library.BaseClassOne.waitFor(BaseClassOne.java:273)
	at Library.BaseClassOne.click(BaseClassOne.java:185)
	at com.MTSS.Manage_meetings.TCED20222(Manage_meetings.java:702)

TCED20223(com.MTSS.Manage_meetings)  Time elapsed: 15.012 sec  <<< FAILURE!
java.lang.AssertionError: Could not find any element matching '//*[@id='aspnetForm']/div[4]/div/table/tbody/tr[2]/td/fieldset/legend/span'
	at Library.BaseClassOne.find(BaseClassOne.java:221)
	at Library.BaseClassOne.getText(BaseClassOne.java:391)
	at Library.BaseClassOne.getText(BaseClassOne.java:341)
	at com.MTSS.Manage_meetings.TCED20223(Manage_meetings.java:761)

TCED20224(com.MTSS.Manage_meetings)  Time elapsed: 30.259 sec  <<< FAILURE!
java.lang.AssertionError: Timeout during waiting for element: '//*[@id='adWindowWrapper_ctl00_MainContent_RadWindow1']/div[1]/div/ul/li[2]/span'
	at Library.BaseClassOne.waitFor(BaseClassOne.java:273)
	at Library.BaseClassOne.click(BaseClassOne.java:185)
	at com.MTSS.Manage_meetings.TCED20224(Manage_meetings.java:787)

TCED19207(com.MTSS.Test_Suite_MTSS_Tier_Students_plan_interventions)  Time elapsed: 38.572 sec  <<< FAILURE!
java.lang.AssertionError: Timeout during waiting for element: '//a[contains(text(),'Tier Students & Plan Interventions')]'
	at Library.BaseClassOne.waitFor(BaseClassOne.java:273)
	at Library.BaseClassOne.click(BaseClassOne.java:185)
	at com.MTSS.Test_Suite_MTSS_Tier_Students_plan_interventions.TCED19207(Test_Suite_MTSS_Tier_Students_plan_interventions.java:38)

