<?xml version="1.0" encoding="UTF-8"?>
<testng-results skipped="0" failed="4" ignored="0" total="24" passed="20">
  <reporter-output>
  </reporter-output>
  <suite name="Suite" duration-ms="263400" started-at="2018-11-28T10:44:30Z" finished-at="2018-11-28T10:48:54Z">
    <groups>
    </groups>
    <test name="Test" duration-ms="263400" started-at="2018-11-28T10:44:30Z" finished-at="2018-11-28T10:48:54Z">
      <class name="com.analyzeByScore.ItemAnalysisbyQuestion">
        <test-method status="PASS" signature="setup1()[pri:0, instance:com.analyzeByScore.ItemAnalysisbyQuestion@5f9d02cb]" name="setup1" is-config="true" duration-ms="6123" started-at="2018-11-28T10:44:30Z" finished-at="2018-11-28T10:44:37Z">
          <reporter-output>
          </reporter-output>
        </test-method> <!-- setup1 -->
        <test-method status="PASS" signature="TCED14081()[pri:1, instance:com.analyzeByScore.ItemAnalysisbyQuestion@5f9d02cb]" name="TCED14081" duration-ms="10550" started-at="2018-11-28T10:44:37Z" finished-at="2018-11-28T10:44:47Z">
          <reporter-output>
          </reporter-output>
        </test-method> <!-- TCED14081 -->
        <test-method status="PASS" signature="TCED14082()[pri:2, instance:com.analyzeByScore.ItemAnalysisbyQuestion@5f9d02cb]" name="TCED14082" duration-ms="176" started-at="2018-11-28T10:44:47Z" finished-at="2018-11-28T10:44:47Z">
          <reporter-output>
          </reporter-output>
        </test-method> <!-- TCED14082 -->
        <test-method status="PASS" signature="TCED14083()[pri:3, instance:com.analyzeByScore.ItemAnalysisbyQuestion@5f9d02cb]" name="TCED14083" duration-ms="781" started-at="2018-11-28T10:44:47Z" finished-at="2018-11-28T10:44:48Z">
          <reporter-output>
          </reporter-output>
        </test-method> <!-- TCED14083 -->
        <test-method status="PASS" signature="TCED14084()[pri:4, instance:com.analyzeByScore.ItemAnalysisbyQuestion@5f9d02cb]" name="TCED14084" duration-ms="844" started-at="2018-11-28T10:44:48Z" finished-at="2018-11-28T10:44:49Z">
          <reporter-output>
          </reporter-output>
        </test-method> <!-- TCED14084 -->
        <test-method status="PASS" signature="TCED14085()[pri:5, instance:com.analyzeByScore.ItemAnalysisbyQuestion@5f9d02cb]" name="TCED14085" duration-ms="5065" started-at="2018-11-28T10:44:49Z" finished-at="2018-11-28T10:44:54Z">
          <reporter-output>
          </reporter-output>
        </test-method> <!-- TCED14085 -->
        <test-method status="PASS" signature="TCED14086()[pri:6, instance:com.analyzeByScore.ItemAnalysisbyQuestion@5f9d02cb]" name="TCED14086" duration-ms="5061" started-at="2018-11-28T10:44:54Z" finished-at="2018-11-28T10:44:59Z">
          <reporter-output>
          </reporter-output>
        </test-method> <!-- TCED14086 -->
        <test-method status="PASS" signature="TCED14087()[pri:7, instance:com.analyzeByScore.ItemAnalysisbyQuestion@5f9d02cb]" name="TCED14087" duration-ms="4707" started-at="2018-11-28T10:44:59Z" finished-at="2018-11-28T10:45:04Z">
          <reporter-output>
          </reporter-output>
        </test-method> <!-- TCED14087 -->
        <test-method status="PASS" signature="TCED14088()[pri:8, instance:com.analyzeByScore.ItemAnalysisbyQuestion@5f9d02cb]" name="TCED14088" duration-ms="5112" started-at="2018-11-28T10:45:04Z" finished-at="2018-11-28T10:45:09Z">
          <reporter-output>
          </reporter-output>
        </test-method> <!-- TCED14088 -->
        <test-method status="PASS" signature="TCED14089()[pri:9, instance:com.analyzeByScore.ItemAnalysisbyQuestion@5f9d02cb]" name="TCED14089" duration-ms="8503" started-at="2018-11-28T10:45:09Z" finished-at="2018-11-28T10:45:17Z">
          <reporter-output>
          </reporter-output>
        </test-method> <!-- TCED14089 -->
        <test-method status="FAIL" signature="TCED14090()[pri:10, instance:com.analyzeByScore.ItemAnalysisbyQuestion@5f9d02cb]" name="TCED14090" duration-ms="20137" started-at="2018-11-28T10:45:17Z" finished-at="2018-11-28T10:45:37Z">
          <exception class="java.lang.AssertionError">
            <message>
              <![CDATA[Timeout during waiting for element: '//a[contains(text(),'5')]']]>
            </message>
            <full-stacktrace>
              <![CDATA[java.lang.AssertionError: Timeout during waiting for element: '//a[contains(text(),'5')]'
at Library.BaseClassOne.waitFor(BaseClassOne.java:278)
at Library.BaseClassOne.click(BaseClassOne.java:190)
at com.analyzeByScore.ItemAnalysisbyQuestion.TCED14090(ItemAnalysisbyQuestion.java:234)
at sun.reflect.NativeMethodAccessorImpl.invoke0(Native Method)
at sun.reflect.NativeMethodAccessorImpl.invoke(NativeMethodAccessorImpl.java:62)
at sun.reflect.DelegatingMethodAccessorImpl.invoke(DelegatingMethodAccessorImpl.java:43)
at java.lang.reflect.Method.invoke(Method.java:498)
at org.testng.internal.MethodInvocationHelper.invokeMethod(MethodInvocationHelper.java:124)
at org.testng.internal.Invoker.invokeMethod(Invoker.java:580)
at org.testng.internal.Invoker.invokeTestMethod(Invoker.java:716)
at org.testng.internal.Invoker.invokeTestMethods(Invoker.java:988)
at org.testng.internal.TestMethodWorker.invokeTestMethods(TestMethodWorker.java:125)
at org.testng.internal.TestMethodWorker.run(TestMethodWorker.java:109)
at org.testng.TestRunner.privateRun(TestRunner.java:648)
at org.testng.TestRunner.run(TestRunner.java:505)
at org.testng.SuiteRunner.runTest(SuiteRunner.java:455)
at org.testng.SuiteRunner.runSequentially(SuiteRunner.java:450)
at org.testng.SuiteRunner.privateRun(SuiteRunner.java:415)
at org.testng.SuiteRunner.run(SuiteRunner.java:364)
at org.testng.SuiteRunnerWorker.runSuite(SuiteRunnerWorker.java:52)
at org.testng.SuiteRunnerWorker.run(SuiteRunnerWorker.java:84)
at org.testng.TestNG.runSuitesSequentially(TestNG.java:1208)
at org.testng.TestNG.runSuitesLocally(TestNG.java:1137)
at org.testng.TestNG.runSuites(TestNG.java:1049)
at org.testng.TestNG.run(TestNG.java:1017)
at org.apache.maven.surefire.testng.TestNGExecutor.run(TestNGExecutor.java:295)
at org.apache.maven.surefire.testng.TestNGXmlTestSuite.execute(TestNGXmlTestSuite.java:84)
at org.apache.maven.surefire.testng.TestNGProvider.invoke(TestNGProvider.java:90)
at org.apache.maven.surefire.booter.ForkedBooter.invokeProviderInSameClassLoader(ForkedBooter.java:203)
at org.apache.maven.surefire.booter.ForkedBooter.runSuitesInProcess(ForkedBooter.java:155)
at org.apache.maven.surefire.booter.ForkedBooter.main(ForkedBooter.java:103)
]]>
            </full-stacktrace>
          </exception> <!-- java.lang.AssertionError -->
          <reporter-output>
          </reporter-output>
        </test-method> <!-- TCED14090 -->
        <test-method status="FAIL" signature="TCED14091()[pri:11, instance:com.analyzeByScore.ItemAnalysisbyQuestion@5f9d02cb]" name="TCED14091" duration-ms="28457" started-at="2018-11-28T10:45:37Z" finished-at="2018-11-28T10:46:06Z">
          <exception class="java.lang.AssertionError">
            <message>
              <![CDATA[Timeout during waiting for element: '//a[contains(text(),'5')]']]>
            </message>
            <full-stacktrace>
              <![CDATA[java.lang.AssertionError: Timeout during waiting for element: '//a[contains(text(),'5')]'
at Library.BaseClassOne.waitFor(BaseClassOne.java:278)
at Library.BaseClassOne.click(BaseClassOne.java:190)
at com.analyzeByScore.ItemAnalysisbyQuestion.TCED14091(ItemAnalysisbyQuestion.java:263)
at sun.reflect.NativeMethodAccessorImpl.invoke0(Native Method)
at sun.reflect.NativeMethodAccessorImpl.invoke(NativeMethodAccessorImpl.java:62)
at sun.reflect.DelegatingMethodAccessorImpl.invoke(DelegatingMethodAccessorImpl.java:43)
at java.lang.reflect.Method.invoke(Method.java:498)
at org.testng.internal.MethodInvocationHelper.invokeMethod(MethodInvocationHelper.java:124)
at org.testng.internal.Invoker.invokeMethod(Invoker.java:580)
at org.testng.internal.Invoker.invokeTestMethod(Invoker.java:716)
at org.testng.internal.Invoker.invokeTestMethods(Invoker.java:988)
at org.testng.internal.TestMethodWorker.invokeTestMethods(TestMethodWorker.java:125)
at org.testng.internal.TestMethodWorker.run(TestMethodWorker.java:109)
at org.testng.TestRunner.privateRun(TestRunner.java:648)
at org.testng.TestRunner.run(TestRunner.java:505)
at org.testng.SuiteRunner.runTest(SuiteRunner.java:455)
at org.testng.SuiteRunner.runSequentially(SuiteRunner.java:450)
at org.testng.SuiteRunner.privateRun(SuiteRunner.java:415)
at org.testng.SuiteRunner.run(SuiteRunner.java:364)
at org.testng.SuiteRunnerWorker.runSuite(SuiteRunnerWorker.java:52)
at org.testng.SuiteRunnerWorker.run(SuiteRunnerWorker.java:84)
at org.testng.TestNG.runSuitesSequentially(TestNG.java:1208)
at org.testng.TestNG.runSuitesLocally(TestNG.java:1137)
at org.testng.TestNG.runSuites(TestNG.java:1049)
at org.testng.TestNG.run(TestNG.java:1017)
at org.apache.maven.surefire.testng.TestNGExecutor.run(TestNGExecutor.java:295)
at org.apache.maven.surefire.testng.TestNGXmlTestSuite.execute(TestNGXmlTestSuite.java:84)
at org.apache.maven.surefire.testng.TestNGProvider.invoke(TestNGProvider.java:90)
at org.apache.maven.surefire.booter.ForkedBooter.invokeProviderInSameClassLoader(ForkedBooter.java:203)
at org.apache.maven.surefire.booter.ForkedBooter.runSuitesInProcess(ForkedBooter.java:155)
at org.apache.maven.surefire.booter.ForkedBooter.main(ForkedBooter.java:103)
]]>
            </full-stacktrace>
          </exception> <!-- java.lang.AssertionError -->
          <reporter-output>
          </reporter-output>
        </test-method> <!-- TCED14091 -->
        <test-method status="PASS" signature="TCED14092()[pri:12, instance:com.analyzeByScore.ItemAnalysisbyQuestion@5f9d02cb]" name="TCED14092" duration-ms="9672" started-at="2018-11-28T10:46:06Z" finished-at="2018-11-28T10:46:16Z">
          <reporter-output>
          </reporter-output>
        </test-method> <!-- TCED14092 -->
        <test-method status="PASS" signature="TCED14093()[pri:13, instance:com.analyzeByScore.ItemAnalysisbyQuestion@5f9d02cb]" name="TCED14093" duration-ms="10799" started-at="2018-11-28T10:46:16Z" finished-at="2018-11-28T10:46:26Z">
          <reporter-output>
          </reporter-output>
        </test-method> <!-- TCED14093 -->
        <test-method status="PASS" signature="TCED14094()[pri:14, instance:com.analyzeByScore.ItemAnalysisbyQuestion@5f9d02cb]" name="TCED14094" duration-ms="8687" started-at="2018-11-28T10:46:26Z" finished-at="2018-11-28T10:46:35Z">
          <reporter-output>
          </reporter-output>
        </test-method> <!-- TCED14094 -->
        <test-method status="PASS" signature="TCED14095()[pri:15, instance:com.analyzeByScore.ItemAnalysisbyQuestion@5f9d02cb]" name="TCED14095" duration-ms="7365" started-at="2018-11-28T10:46:35Z" finished-at="2018-11-28T10:46:42Z">
          <reporter-output>
          </reporter-output>
        </test-method> <!-- TCED14095 -->
        <test-method status="PASS" signature="TCED14096()[pri:16, instance:com.analyzeByScore.ItemAnalysisbyQuestion@5f9d02cb]" name="TCED14096" duration-ms="953" started-at="2018-11-28T10:46:42Z" finished-at="2018-11-28T10:46:43Z">
          <reporter-output>
          </reporter-output>
        </test-method> <!-- TCED14096 -->
        <test-method status="PASS" signature="TCED14097()[pri:17, instance:com.analyzeByScore.ItemAnalysisbyQuestion@5f9d02cb]" name="TCED14097" duration-ms="8584" started-at="2018-11-28T10:46:43Z" finished-at="2018-11-28T10:46:52Z">
          <reporter-output>
          </reporter-output>
        </test-method> <!-- TCED14097 -->
        <test-method status="PASS" signature="TCED14098()[pri:18, instance:com.analyzeByScore.ItemAnalysisbyQuestion@5f9d02cb]" name="TCED14098" duration-ms="8750" started-at="2018-11-28T10:46:52Z" finished-at="2018-11-28T10:47:01Z">
          <reporter-output>
          </reporter-output>
        </test-method> <!-- TCED14098 -->
        <test-method status="PASS" signature="TCED14099()[pri:19, instance:com.analyzeByScore.ItemAnalysisbyQuestion@5f9d02cb]" name="TCED14099" duration-ms="8551" started-at="2018-11-28T10:47:01Z" finished-at="2018-11-28T10:47:09Z">
          <reporter-output>
          </reporter-output>
        </test-method> <!-- TCED14099 -->
        <test-method status="PASS" signature="TCED14100()[pri:20, instance:com.analyzeByScore.ItemAnalysisbyQuestion@5f9d02cb]" name="TCED14100" duration-ms="8038" started-at="2018-11-28T10:47:09Z" finished-at="2018-11-28T10:47:17Z">
          <reporter-output>
          </reporter-output>
        </test-method> <!-- TCED14100 -->
        <test-method status="PASS" signature="TCED14101()[pri:21, instance:com.analyzeByScore.ItemAnalysisbyQuestion@5f9d02cb]" name="TCED14101" duration-ms="13801" started-at="2018-11-28T10:47:17Z" finished-at="2018-11-28T10:47:31Z">
          <reporter-output>
          </reporter-output>
        </test-method> <!-- TCED14101 -->
        <test-method status="PASS" signature="TCED14102()[pri:22, instance:com.analyzeByScore.ItemAnalysisbyQuestion@5f9d02cb]" name="TCED14102" duration-ms="17453" started-at="2018-11-28T10:47:31Z" finished-at="2018-11-28T10:47:49Z">
          <reporter-output>
          </reporter-output>
        </test-method> <!-- TCED14102 -->
        <test-method status="FAIL" signature="TCED14103()[pri:23, instance:com.analyzeByScore.ItemAnalysisbyQuestion@5f9d02cb]" name="TCED14103" duration-ms="20919" started-at="2018-11-28T10:47:49Z" finished-at="2018-11-28T10:48:10Z">
          <exception class="java.lang.AssertionError">
            <message>
              <![CDATA[Timeout during waiting for element: '//a[contains(.,'Analyze Scores')]']]>
            </message>
            <full-stacktrace>
              <![CDATA[java.lang.AssertionError: Timeout during waiting for element: '//a[contains(.,'Analyze Scores')]'
at Library.BaseClassOne.waitFor(BaseClassOne.java:278)
at Library.BaseClassOne.click(BaseClassOne.java:190)
at com.analyzeByScore.ItemAnalysisbyQuestion.ReportParam(ItemAnalysisbyQuestion.java:601)
at com.analyzeByScore.ItemAnalysisbyQuestion.TCED14103(ItemAnalysisbyQuestion.java:550)
at sun.reflect.NativeMethodAccessorImpl.invoke0(Native Method)
at sun.reflect.NativeMethodAccessorImpl.invoke(NativeMethodAccessorImpl.java:62)
at sun.reflect.DelegatingMethodAccessorImpl.invoke(DelegatingMethodAccessorImpl.java:43)
at java.lang.reflect.Method.invoke(Method.java:498)
at org.testng.internal.MethodInvocationHelper.invokeMethod(MethodInvocationHelper.java:124)
at org.testng.internal.Invoker.invokeMethod(Invoker.java:580)
at org.testng.internal.Invoker.invokeTestMethod(Invoker.java:716)
at org.testng.internal.Invoker.invokeTestMethods(Invoker.java:988)
at org.testng.internal.TestMethodWorker.invokeTestMethods(TestMethodWorker.java:125)
at org.testng.internal.TestMethodWorker.run(TestMethodWorker.java:109)
at org.testng.TestRunner.privateRun(TestRunner.java:648)
at org.testng.TestRunner.run(TestRunner.java:505)
at org.testng.SuiteRunner.runTest(SuiteRunner.java:455)
at org.testng.SuiteRunner.runSequentially(SuiteRunner.java:450)
at org.testng.SuiteRunner.privateRun(SuiteRunner.java:415)
at org.testng.SuiteRunner.run(SuiteRunner.java:364)
at org.testng.SuiteRunnerWorker.runSuite(SuiteRunnerWorker.java:52)
at org.testng.SuiteRunnerWorker.run(SuiteRunnerWorker.java:84)
at org.testng.TestNG.runSuitesSequentially(TestNG.java:1208)
at org.testng.TestNG.runSuitesLocally(TestNG.java:1137)
at org.testng.TestNG.runSuites(TestNG.java:1049)
at org.testng.TestNG.run(TestNG.java:1017)
at org.apache.maven.surefire.testng.TestNGExecutor.run(TestNGExecutor.java:295)
at org.apache.maven.surefire.testng.TestNGXmlTestSuite.execute(TestNGXmlTestSuite.java:84)
at org.apache.maven.surefire.testng.TestNGProvider.invoke(TestNGProvider.java:90)
at org.apache.maven.surefire.booter.ForkedBooter.invokeProviderInSameClassLoader(ForkedBooter.java:203)
at org.apache.maven.surefire.booter.ForkedBooter.runSuitesInProcess(ForkedBooter.java:155)
at org.apache.maven.surefire.booter.ForkedBooter.main(ForkedBooter.java:103)
]]>
            </full-stacktrace>
          </exception> <!-- java.lang.AssertionError -->
          <reporter-output>
          </reporter-output>
        </test-method> <!-- TCED14103 -->
        <test-method status="FAIL" signature="TCED14104()[pri:24, instance:com.analyzeByScore.ItemAnalysisbyQuestion@5f9d02cb]" name="TCED14104" duration-ms="44275" started-at="2018-11-28T10:48:10Z" finished-at="2018-11-28T10:48:54Z">
          <exception class="java.lang.AssertionError">
            <message>
              <![CDATA[Failed to download document which has extension .PDF expected [true] but found [false]]]>
            </message>
            <full-stacktrace>
              <![CDATA[java.lang.AssertionError: Failed to download document which has extension .PDF expected [true] but found [false]
at org.testng.Assert.fail(Assert.java:96)
at org.testng.Assert.failNotEquals(Assert.java:776)
at org.testng.Assert.assertTrue(Assert.java:44)
at com.generalMethods.AssessmentPrint.AssessmentPrintReports(AssessmentPrint.java:43)
at com.analyzeByScore.ItemAnalysisbyQuestion.TCED14104(ItemAnalysisbyQuestion.java:575)
at sun.reflect.NativeMethodAccessorImpl.invoke0(Native Method)
at sun.reflect.NativeMethodAccessorImpl.invoke(NativeMethodAccessorImpl.java:62)
at sun.reflect.DelegatingMethodAccessorImpl.invoke(DelegatingMethodAccessorImpl.java:43)
at java.lang.reflect.Method.invoke(Method.java:498)
at org.testng.internal.MethodInvocationHelper.invokeMethod(MethodInvocationHelper.java:124)
at org.testng.internal.Invoker.invokeMethod(Invoker.java:580)
at org.testng.internal.Invoker.invokeTestMethod(Invoker.java:716)
at org.testng.internal.Invoker.invokeTestMethods(Invoker.java:988)
at org.testng.internal.TestMethodWorker.invokeTestMethods(TestMethodWorker.java:125)
at org.testng.internal.TestMethodWorker.run(TestMethodWorker.java:109)
at org.testng.TestRunner.privateRun(TestRunner.java:648)
at org.testng.TestRunner.run(TestRunner.java:505)
at org.testng.SuiteRunner.runTest(SuiteRunner.java:455)
at org.testng.SuiteRunner.runSequentially(SuiteRunner.java:450)
at org.testng.SuiteRunner.privateRun(SuiteRunner.java:415)
at org.testng.SuiteRunner.run(SuiteRunner.java:364)
at org.testng.SuiteRunnerWorker.runSuite(SuiteRunnerWorker.java:52)
at org.testng.SuiteRunnerWorker.run(SuiteRunnerWorker.java:84)
at org.testng.TestNG.runSuitesSequentially(TestNG.java:1208)
at org.testng.TestNG.runSuitesLocally(TestNG.java:1137)
at org.testng.TestNG.runSuites(TestNG.java:1049)
at org.testng.TestNG.run(TestNG.java:1017)
at org.apache.maven.surefire.testng.TestNGExecutor.run(TestNGExecutor.java:295)
at org.apache.maven.surefire.testng.TestNGXmlTestSuite.execute(TestNGXmlTestSuite.java:84)
at org.apache.maven.surefire.testng.TestNGProvider.invoke(TestNGProvider.java:90)
at org.apache.maven.surefire.booter.ForkedBooter.invokeProviderInSameClassLoader(ForkedBooter.java:203)
at org.apache.maven.surefire.booter.ForkedBooter.runSuitesInProcess(ForkedBooter.java:155)
at org.apache.maven.surefire.booter.ForkedBooter.main(ForkedBooter.java:103)
]]>
            </full-stacktrace>
          </exception> <!-- java.lang.AssertionError -->
          <reporter-output>
          </reporter-output>
        </test-method> <!-- TCED14104 -->
        <test-method status="PASS" signature="tearDown()[pri:0, instance:com.analyzeByScore.ItemAnalysisbyQuestion@5f9d02cb]" name="tearDown" is-config="true" duration-ms="0" started-at="2018-11-28T10:48:54Z" finished-at="2018-11-28T10:48:54Z">
          <reporter-output>
          </reporter-output>
        </test-method> <!-- tearDown -->
      </class> <!-- com.analyzeByScore.ItemAnalysisbyQuestion -->
    </test> <!-- Test -->
  </suite> <!-- Suite -->
</testng-results>
