<?xml version="1.0" encoding="UTF-8"?>
<testng-results skipped="0" failed="3" ignored="0" total="15" passed="12">
  <reporter-output>
  </reporter-output>
  <suite name="Default suite" duration-ms="89500" started-at="2018-11-13T10:56:51Z" finished-at="2018-11-13T10:58:20Z">
    <groups>
    </groups>
    <test name="Default test" duration-ms="89500" started-at="2018-11-13T10:56:51Z" finished-at="2018-11-13T10:58:20Z">
      <class name="com.Home.Student_Building_Grade_Lists">
        <test-method status="PASS" signature="setup1()[pri:0, instance:com.Home.Student_Building_Grade_Lists@5891e32e]" name="setup1" is-config="true" duration-ms="8237" started-at="2018-11-13T10:56:51Z" finished-at="2018-11-13T10:56:59Z">
          <reporter-output>
          </reporter-output>
        </test-method> <!-- setup1 -->
        <test-method status="PASS" signature="TCED33201()[pri:1, instance:com.Home.Student_Building_Grade_Lists@5891e32e]" name="TCED33201" duration-ms="9150" started-at="2018-11-13T10:56:59Z" finished-at="2018-11-13T10:57:08Z">
          <reporter-output>
          </reporter-output>
        </test-method> <!-- TCED33201 -->
        <test-method status="PASS" signature="TCED33202()[pri:2, instance:com.Home.Student_Building_Grade_Lists@5891e32e]" name="TCED33202" duration-ms="528" started-at="2018-11-13T10:57:08Z" finished-at="2018-11-13T10:57:09Z">
          <reporter-output>
          </reporter-output>
        </test-method> <!-- TCED33202 -->
        <test-method status="PASS" signature="TCED33203()[pri:3, instance:com.Home.Student_Building_Grade_Lists@5891e32e]" name="TCED33203" duration-ms="6343" started-at="2018-11-13T10:57:09Z" finished-at="2018-11-13T10:57:15Z">
          <reporter-output>
          </reporter-output>
        </test-method> <!-- TCED33203 -->
        <test-method status="PASS" signature="TCED33204()[pri:4, instance:com.Home.Student_Building_Grade_Lists@5891e32e]" name="TCED33204" duration-ms="281" started-at="2018-11-13T10:57:15Z" finished-at="2018-11-13T10:57:15Z">
          <reporter-output>
          </reporter-output>
        </test-method> <!-- TCED33204 -->
        <test-method status="PASS" signature="TCED33205()[pri:5, instance:com.Home.Student_Building_Grade_Lists@5891e32e]" name="TCED33205" duration-ms="11271" started-at="2018-11-13T10:57:15Z" finished-at="2018-11-13T10:57:26Z">
          <reporter-output>
          </reporter-output>
        </test-method> <!-- TCED33205 -->
        <test-method status="PASS" signature="TCED33206()[pri:6, instance:com.Home.Student_Building_Grade_Lists@5891e32e]" name="TCED33206" duration-ms="11307" started-at="2018-11-13T10:57:26Z" finished-at="2018-11-13T10:57:38Z">
          <reporter-output>
          </reporter-output>
        </test-method> <!-- TCED33206 -->
        <test-method status="PASS" signature="TCED33207()[pri:7, instance:com.Home.Student_Building_Grade_Lists@5891e32e]" name="TCED33207" duration-ms="2432" started-at="2018-11-13T10:57:38Z" finished-at="2018-11-13T10:57:40Z">
          <reporter-output>
          </reporter-output>
        </test-method> <!-- TCED33207 -->
        <test-method status="PASS" signature="TCED33208()[pri:8, instance:com.Home.Student_Building_Grade_Lists@5891e32e]" name="TCED33208" duration-ms="2306" started-at="2018-11-13T10:57:40Z" finished-at="2018-11-13T10:57:42Z">
          <reporter-output>
          </reporter-output>
        </test-method> <!-- TCED33208 -->
        <test-method status="FAIL" signature="TCED33209()[pri:9, instance:com.Home.Student_Building_Grade_Lists@5891e32e]" name="TCED33209" duration-ms="364" started-at="2018-11-13T10:57:42Z" finished-at="2018-11-13T10:57:43Z">
          <exception class="java.lang.AssertionError">
            <message>
              <![CDATA[Element <select id="ctl00_MainContent_ddlStudentGroup" name="ctl00$MainContent$ddlStudentGroup"> is not clickable at point (221.9166717529297,522.2833251953125) because another element <div class="TelerikModalOverlay"> obscures it
Build info: version: '3.11.0', revision: 'e59cfb3', time: '2018-03-11T20:26:55.152Z'
System info: host: 'VOFOX-SEBASTIAN', ip: '192.168.10.130', os.name: 'Windows 10', os.arch: 'amd64', os.version: '10.0', java.version: '1.8.0_111'
Driver info: org.openqa.selenium.firefox.FirefoxDriver
Capabilities {acceptInsecureCerts: true, browserName: firefox, browserVersion: 61.0.1, javascriptEnabled: true, moz:accessibilityChecks: false, moz:headless: false, moz:processID: 20388, moz:profile: C:\Users\sebastian.VOFOX\Ap..., moz:useNonSpecCompliantPointerOrigin: false, moz:webdriverClick: true, pageLoadStrategy: normal, platform: XP, platformName: XP, platformVersion: 10.0, rotatable: false, timeouts: {implicit: 0, pageLoad: 300000, script: 30000}}
Session ID: 3a7a4277-3c41-424f-8efe-06ebfe74646b]]>
            </message>
            <full-stacktrace>
              <![CDATA[java.lang.AssertionError: Element <select id="ctl00_MainContent_ddlStudentGroup" name="ctl00$MainContent$ddlStudentGroup"> is not clickable at point (221.9166717529297,522.2833251953125) because another element <div class="TelerikModalOverlay"> obscures it
Build info: version: '3.11.0', revision: 'e59cfb3', time: '2018-03-11T20:26:55.152Z'
System info: host: 'VOFOX-SEBASTIAN', ip: '192.168.10.130', os.name: 'Windows 10', os.arch: 'amd64', os.version: '10.0', java.version: '1.8.0_111'
Driver info: org.openqa.selenium.firefox.FirefoxDriver
Capabilities {acceptInsecureCerts: true, browserName: firefox, browserVersion: 61.0.1, javascriptEnabled: true, moz:accessibilityChecks: false, moz:headless: false, moz:processID: 20388, moz:profile: C:\Users\sebastian.VOFOX\Ap..., moz:useNonSpecCompliantPointerOrigin: false, moz:webdriverClick: true, pageLoadStrategy: normal, platform: XP, platformName: XP, platformVersion: 10.0, rotatable: false, timeouts: {implicit: 0, pageLoad: 300000, script: 30000}}
Session ID: 3a7a4277-3c41-424f-8efe-06ebfe74646b
at org.testng.Assert.fail(Assert.java:96)
at com.Home.Student_Building_Grade_Lists.TCED33209(Student_Building_Grade_Lists.java:321)
at sun.reflect.NativeMethodAccessorImpl.invoke0(Native Method)
at sun.reflect.NativeMethodAccessorImpl.invoke(NativeMethodAccessorImpl.java:62)
at sun.reflect.DelegatingMethodAccessorImpl.invoke(DelegatingMethodAccessorImpl.java:43)
at java.lang.reflect.Method.invoke(Method.java:498)
at org.testng.internal.MethodInvocationHelper.invokeMethod(MethodInvocationHelper.java:124)
at org.testng.internal.Invoker.invokeMethod(Invoker.java:583)
at org.testng.internal.Invoker.invokeTestMethod(Invoker.java:719)
at org.testng.internal.Invoker.invokeTestMethods(Invoker.java:989)
at org.testng.internal.TestMethodWorker.invokeTestMethods(TestMethodWorker.java:125)
at org.testng.internal.TestMethodWorker.run(TestMethodWorker.java:109)
at org.testng.TestRunner.privateRun(TestRunner.java:648)
at org.testng.TestRunner.run(TestRunner.java:505)
at org.testng.SuiteRunner.runTest(SuiteRunner.java:455)
at org.testng.SuiteRunner.runSequentially(SuiteRunner.java:450)
at org.testng.SuiteRunner.privateRun(SuiteRunner.java:415)
at org.testng.SuiteRunner.run(SuiteRunner.java:364)
at org.testng.SuiteRunnerWorker.runSuite(SuiteRunnerWorker.java:52)
at org.testng.SuiteRunnerWorker.run(SuiteRunnerWorker.java:84)
at org.testng.TestNG.runSuitesSequentially(TestNG.java:1208)
at org.testng.TestNG.runSuitesLocally(TestNG.java:1137)
at org.testng.TestNG.runSuites(TestNG.java:1049)
at org.testng.TestNG.run(TestNG.java:1017)
at org.testng.remote.AbstractRemoteTestNG.run(AbstractRemoteTestNG.java:114)
at org.testng.remote.RemoteTestNG.initAndRun(RemoteTestNG.java:251)
at org.testng.remote.RemoteTestNG.main(RemoteTestNG.java:77)
]]>
            </full-stacktrace>
          </exception> <!-- java.lang.AssertionError -->
          <reporter-output>
          </reporter-output>
        </test-method> <!-- TCED33209 -->
        <test-method status="PASS" signature="TCED33210()[pri:10, instance:com.Home.Student_Building_Grade_Lists@5891e32e]" name="TCED33210" duration-ms="217" started-at="2018-11-13T10:57:43Z" finished-at="2018-11-13T10:57:43Z">
          <reporter-output>
          </reporter-output>
        </test-method> <!-- TCED33210 -->
        <test-method status="FAIL" signature="TCED33211()[pri:11, instance:com.Home.Student_Building_Grade_Lists@5891e32e]" name="TCED33211" duration-ms="9250" started-at="2018-11-13T10:57:43Z" finished-at="2018-11-13T10:57:52Z">
          <exception class="java.lang.AssertionError">
            <message>
              <![CDATA[Failed to download document which has extension .CSV expected [true] but found [false]]]>
            </message>
            <full-stacktrace>
              <![CDATA[java.lang.AssertionError: Failed to download document which has extension .CSV expected [true] but found [false]
at org.testng.Assert.fail(Assert.java:96)
at org.testng.Assert.failNotEquals(Assert.java:776)
at org.testng.Assert.assertTrue(Assert.java:44)
at com.Home.Student_Building_Grade_Lists.TCED33211(Student_Building_Grade_Lists.java:385)
at sun.reflect.NativeMethodAccessorImpl.invoke0(Native Method)
at sun.reflect.NativeMethodAccessorImpl.invoke(NativeMethodAccessorImpl.java:62)
at sun.reflect.DelegatingMethodAccessorImpl.invoke(DelegatingMethodAccessorImpl.java:43)
at java.lang.reflect.Method.invoke(Method.java:498)
at org.testng.internal.MethodInvocationHelper.invokeMethod(MethodInvocationHelper.java:124)
at org.testng.internal.Invoker.invokeMethod(Invoker.java:583)
at org.testng.internal.Invoker.invokeTestMethod(Invoker.java:719)
at org.testng.internal.Invoker.invokeTestMethods(Invoker.java:989)
at org.testng.internal.TestMethodWorker.invokeTestMethods(TestMethodWorker.java:125)
at org.testng.internal.TestMethodWorker.run(TestMethodWorker.java:109)
at org.testng.TestRunner.privateRun(TestRunner.java:648)
at org.testng.TestRunner.run(TestRunner.java:505)
at org.testng.SuiteRunner.runTest(SuiteRunner.java:455)
at org.testng.SuiteRunner.runSequentially(SuiteRunner.java:450)
at org.testng.SuiteRunner.privateRun(SuiteRunner.java:415)
at org.testng.SuiteRunner.run(SuiteRunner.java:364)
at org.testng.SuiteRunnerWorker.runSuite(SuiteRunnerWorker.java:52)
at org.testng.SuiteRunnerWorker.run(SuiteRunnerWorker.java:84)
at org.testng.TestNG.runSuitesSequentially(TestNG.java:1208)
at org.testng.TestNG.runSuitesLocally(TestNG.java:1137)
at org.testng.TestNG.runSuites(TestNG.java:1049)
at org.testng.TestNG.run(TestNG.java:1017)
at org.testng.remote.AbstractRemoteTestNG.run(AbstractRemoteTestNG.java:114)
at org.testng.remote.RemoteTestNG.initAndRun(RemoteTestNG.java:251)
at org.testng.remote.RemoteTestNG.main(RemoteTestNG.java:77)
]]>
            </full-stacktrace>
          </exception> <!-- java.lang.AssertionError -->
          <reporter-output>
          </reporter-output>
        </test-method> <!-- TCED33211 -->
        <test-method status="FAIL" signature="TCED33212()[pri:12, instance:com.Home.Student_Building_Grade_Lists@5891e32e]" name="TCED33212" duration-ms="9281" started-at="2018-11-13T10:57:52Z" finished-at="2018-11-13T10:58:02Z">
          <exception class="java.lang.AssertionError">
            <message>
              <![CDATA[Failed to download document which has extension .PDF expected [true] but found [false]]]>
            </message>
            <full-stacktrace>
              <![CDATA[java.lang.AssertionError: Failed to download document which has extension .PDF expected [true] but found [false]
at org.testng.Assert.fail(Assert.java:96)
at org.testng.Assert.failNotEquals(Assert.java:776)
at org.testng.Assert.assertTrue(Assert.java:44)
at com.Home.Student_Building_Grade_Lists.TCED33212(Student_Building_Grade_Lists.java:406)
at sun.reflect.NativeMethodAccessorImpl.invoke0(Native Method)
at sun.reflect.NativeMethodAccessorImpl.invoke(NativeMethodAccessorImpl.java:62)
at sun.reflect.DelegatingMethodAccessorImpl.invoke(DelegatingMethodAccessorImpl.java:43)
at java.lang.reflect.Method.invoke(Method.java:498)
at org.testng.internal.MethodInvocationHelper.invokeMethod(MethodInvocationHelper.java:124)
at org.testng.internal.Invoker.invokeMethod(Invoker.java:583)
at org.testng.internal.Invoker.invokeTestMethod(Invoker.java:719)
at org.testng.internal.Invoker.invokeTestMethods(Invoker.java:989)
at org.testng.internal.TestMethodWorker.invokeTestMethods(TestMethodWorker.java:125)
at org.testng.internal.TestMethodWorker.run(TestMethodWorker.java:109)
at org.testng.TestRunner.privateRun(TestRunner.java:648)
at org.testng.TestRunner.run(TestRunner.java:505)
at org.testng.SuiteRunner.runTest(SuiteRunner.java:455)
at org.testng.SuiteRunner.runSequentially(SuiteRunner.java:450)
at org.testng.SuiteRunner.privateRun(SuiteRunner.java:415)
at org.testng.SuiteRunner.run(SuiteRunner.java:364)
at org.testng.SuiteRunnerWorker.runSuite(SuiteRunnerWorker.java:52)
at org.testng.SuiteRunnerWorker.run(SuiteRunnerWorker.java:84)
at org.testng.TestNG.runSuitesSequentially(TestNG.java:1208)
at org.testng.TestNG.runSuitesLocally(TestNG.java:1137)
at org.testng.TestNG.runSuites(TestNG.java:1049)
at org.testng.TestNG.run(TestNG.java:1017)
at org.testng.remote.AbstractRemoteTestNG.run(AbstractRemoteTestNG.java:114)
at org.testng.remote.RemoteTestNG.initAndRun(RemoteTestNG.java:251)
at org.testng.remote.RemoteTestNG.main(RemoteTestNG.java:77)
]]>
            </full-stacktrace>
          </exception> <!-- java.lang.AssertionError -->
          <reporter-output>
          </reporter-output>
        </test-method> <!-- TCED33212 -->
        <test-method status="PASS" signature="TCED33213()[pri:13, instance:com.Home.Student_Building_Grade_Lists@5891e32e]" name="TCED33213" duration-ms="1115" started-at="2018-11-13T10:58:02Z" finished-at="2018-11-13T10:58:03Z">
          <reporter-output>
          </reporter-output>
        </test-method> <!-- TCED33213 -->
        <test-method status="PASS" signature="TCED33214()[pri:14, instance:com.Home.Student_Building_Grade_Lists@5891e32e]" name="TCED33214" duration-ms="2531" started-at="2018-11-13T10:58:03Z" finished-at="2018-11-13T10:58:05Z">
          <reporter-output>
          </reporter-output>
        </test-method> <!-- TCED33214 -->
        <test-method status="PASS" signature="TCED33215()[pri:15, instance:com.Home.Student_Building_Grade_Lists@5891e32e]" name="TCED33215" duration-ms="14823" started-at="2018-11-13T10:58:05Z" finished-at="2018-11-13T10:58:20Z">
          <reporter-output>
          </reporter-output>
        </test-method> <!-- TCED33215 -->
        <test-method status="PASS" signature="tearDown()[pri:0, instance:com.Home.Student_Building_Grade_Lists@5891e32e]" name="tearDown" is-config="true" duration-ms="1" started-at="2018-11-13T10:58:20Z" finished-at="2018-11-13T10:58:20Z">
          <reporter-output>
          </reporter-output>
        </test-method> <!-- tearDown -->
      </class> <!-- com.Home.Student_Building_Grade_Lists -->
    </test> <!-- Default test -->
  </suite> <!-- Default suite -->
</testng-results>
