<?xml version="1.0" encoding="UTF-8"?>
<!-- Generated by org.testng.reporters.JUnitReportReporter -->
<testsuite skipped="4" hostname="Vofox-Sebastian" name="VendorMode.Vendor_Mode_Create_New_Assessment" tests="5" failures="0" timestamp="17 Jul 2018 10:58:28 GMT" time="0.279" errors="1">
  <testcase name="setup1" time="0.279" classname="VendorMode.Vendor_Mode_Create_New_Assessment">
    <error type="java.lang.IllegalStateException" message="The path to the driver executable must be set by the webdriver.gecko.driver system property; for more information, see https://github.com/mozilla/geckodriver. The latest version can be downloaded from https://github.com/mozilla/geckodriver/releases">
      <![CDATA[java.lang.IllegalStateException: The path to the driver executable must be set by the webdriver.gecko.driver system property; for more information, see https://github.com/mozilla/geckodriver. The latest version can be downloaded from https://github.com/mozilla/geckodriver/releases
	at com.google.common.base.Preconditions.checkState(Preconditions.java:847)
	at org.openqa.selenium.remote.service.DriverService.findExecutable(DriverService.java:124)
	at org.openqa.selenium.firefox.GeckoDriverService.access$100(GeckoDriverService.java:41)
	at org.openqa.selenium.firefox.GeckoDriverService$Builder.findDefaultExecutable(GeckoDriverService.java:141)
	at org.openqa.selenium.remote.service.DriverService$Builder.build(DriverService.java:339)
	at org.openqa.selenium.firefox.FirefoxDriver.toExecutor(FirefoxDriver.java:158)
	at org.openqa.selenium.firefox.FirefoxDriver.<init>(FirefoxDriver.java:120)
	at Library.BaseClassOne.setup1(BaseClassOne.java:88)
	at sun.reflect.NativeMethodAccessorImpl.invoke0(Native Method)
	at sun.reflect.NativeMethodAccessorImpl.invoke(NativeMethodAccessorImpl.java:62)
	at sun.reflect.DelegatingMethodAccessorImpl.invoke(DelegatingMethodAccessorImpl.java:43)
	at java.lang.reflect.Method.invoke(Method.java:498)
	at org.testng.internal.MethodInvocationHelper.invokeMethod(MethodInvocationHelper.java:108)
	at org.testng.internal.Invoker.invokeConfigurationMethod(Invoker.java:523)
	at org.testng.internal.Invoker.invokeConfigurations(Invoker.java:224)
	at org.testng.internal.Invoker.invokeConfigurations(Invoker.java:146)
	at org.testng.TestRunner.beforeRun(TestRunner.java:658)
	at org.testng.TestRunner.run(TestRunner.java:626)
	at org.testng.SuiteRunner.runTest(SuiteRunner.java:425)
	at org.testng.SuiteRunner.runSequentially(SuiteRunner.java:420)
	at org.testng.SuiteRunner.privateRun(SuiteRunner.java:385)
	at org.testng.SuiteRunner.run(SuiteRunner.java:334)
	at org.testng.SuiteRunnerWorker.runSuite(SuiteRunnerWorker.java:52)
	at org.testng.SuiteRunnerWorker.run(SuiteRunnerWorker.java:86)
	at org.testng.TestNG.runSuitesSequentially(TestNG.java:1318)
	at org.testng.TestNG.runSuitesLocally(TestNG.java:1243)
	at org.testng.TestNG.runSuites(TestNG.java:1161)
	at org.testng.TestNG.run(TestNG.java:1129)
	at org.testng.remote.AbstractRemoteTestNG.run(AbstractRemoteTestNG.java:114)
	at org.testng.remote.RemoteTestNG.initAndRun(RemoteTestNG.java:251)
	at org.testng.remote.RemoteTestNG.main(RemoteTestNG.java:77)
]]>
    </error>
  </testcase> <!-- setup1 -->
  <testcase name="One_Mandatory_Fields_in_vendor_test" time="0.000" classname="VendorMode.Vendor_Mode_Create_New_Assessment">
    <skipped/>
  </testcase> <!-- One_Mandatory_Fields_in_vendor_test -->
  <testcase name="Two_Mandatory_Fields_Vendor_Test_Type_Number_of_Questions_And_Starting_Question_ID" time="0.000" classname="VendorMode.Vendor_Mode_Create_New_Assessment">
    <skipped/>
  </testcase> <!-- Two_Mandatory_Fields_Vendor_Test_Type_Number_of_Questions_And_Starting_Question_ID -->
  <testcase name="Three_Vendor_test_type_drop_down_has_data" time="0.000" classname="VendorMode.Vendor_Mode_Create_New_Assessment">
    <skipped/>
  </testcase> <!-- Three_Vendor_test_type_drop_down_has_data -->
  <testcase name="Four_Character_input_limit_in_vendor_mode" time="0.000" classname="VendorMode.Vendor_Mode_Create_New_Assessment">
    <skipped/>
  </testcase> <!-- Four_Character_input_limit_in_vendor_mode -->
</testsuite> <!-- VendorMode.Vendor_Mode_Create_New_Assessment -->
