<?xml version="1.0" encoding="UTF-8"?>
<!-- Generated by org.testng.reporters.JUnitXMLReporter -->
<testsuite ignored="0" hostname="QA-Scheduler" failures="2" tests="15" name="Test" time="186.118" errors="0" timestamp="31 Oct 2018 13:18:57 GMT">
  <testcase classname="com.analyzeByScore.StudentAssessmentAdministrationResultsbyTeacher" name="TCED14151" time="10.982"/>
  <testcase classname="com.analyzeByScore.StudentAssessmentAdministrationResultsbyTeacher" name="TCED14152" time="0.181"/>
  <testcase classname="com.analyzeByScore.StudentAssessmentAdministrationResultsbyTeacher" name="TCED14153" time="1.254"/>
  <testcase classname="com.analyzeByScore.StudentAssessmentAdministrationResultsbyTeacher" name="TCED14154" time="16.407"/>
  <testcase classname="com.analyzeByScore.StudentAssessmentAdministrationResultsbyTeacher" name="TCED14155" time="4.187">
    <failure type="java.lang.AssertionError" message="Failed to download document which has extension .PDF expected [true] but found [false]">
      <![CDATA[java.lang.AssertionError: Failed to download document which has extension .PDF expected [true] but found [false]
at com.analyzeByScore.StudentAssessmentAdministrationResultsbyTeacher.TCED14155(StudentAssessmentAdministrationResultsbyTeacher.java:236)
... Removed 31 stack frames]]>
    </failure>
  </testcase> <!-- TCED14155 -->
  <testcase classname="com.analyzeByScore.StudentAssessmentAdministrationResultsbyTeacher" name="TCED14156" time="4.228">
    <failure type="java.lang.AssertionError" message="Failed to download document which has extension .CSV expected [true] but found [false]">
      <![CDATA[java.lang.AssertionError: Failed to download document which has extension .CSV expected [true] but found [false]
at com.analyzeByScore.StudentAssessmentAdministrationResultsbyTeacher.TCED14156(StudentAssessmentAdministrationResultsbyTeacher.java:258)
... Removed 31 stack frames]]>
    </failure>
  </testcase> <!-- TCED14156 -->
  <testcase classname="com.analyzeByScore.StudentAssessmentAdministrationResultsbyTeacher" name="TCED14157" time="1.667"/>
  <testcase classname="com.analyzeByScore.StudentAssessmentAdministrationResultsbyTeacher" name="TCED14158" time="10.171"/>
  <testcase classname="com.analyzeByScore.StudentAssessmentAdministrationResultsbyTeacher" name="TCED14159" time="9.287"/>
  <testcase classname="com.analyzeByScore.StudentAssessmentAdministrationResultsbyTeacher" name="TCED14160" time="1.302"/>
  <testcase classname="com.analyzeByScore.StudentAssessmentAdministrationResultsbyTeacher" name="TCED14161" time="10.235"/>
  <testcase classname="com.analyzeByScore.StudentAssessmentAdministrationResultsbyTeacher" name="TCED14162" time="1.489"/>
  <testcase classname="com.analyzeByScore.StudentAssessmentAdministrationResultsbyTeacher" name="TCED14163" time="10.525"/>
  <testcase classname="com.analyzeByScore.StudentAssessmentAdministrationResultsbyTeacher" name="TCED14164" time="27.977"/>
  <testcase classname="com.analyzeByScore.StudentAssessmentAdministrationResultsbyTeacher" name="TCED14165" time="71.011"/>
</testsuite> <!-- Test -->
