<?xml version="1.0" encoding="UTF-8"?>
<!-- Generated by org.testng.reporters.JUnitReportReporter -->
<testsuite skipped="0" hostname="Vofox-Sebastian" name="com.curriculum.Print_Lessons" tests="28" failures="2" timestamp="13 Nov 2018 10:29:16 GMT" time="192.072" errors="0">
  <testcase name="TCED25101" time="9.605" classname="com.curriculum.Print_Lessons"/>
  <testcase name="TCED25102" time="2.517" classname="com.curriculum.Print_Lessons"/>
  <testcase name="TCED25103" time="2.324" classname="com.curriculum.Print_Lessons"/>
  <testcase name="TCED25104" time="13.415" classname="com.curriculum.Print_Lessons"/>
  <testcase name="TCED25105" time="13.466" classname="com.curriculum.Print_Lessons"/>
  <testcase name="TCED25106" time="3.129" classname="com.curriculum.Print_Lessons"/>
  <testcase name="TCED25107" time="2.735" classname="com.curriculum.Print_Lessons"/>
  <testcase name="TCED25108" time="2.112" classname="com.curriculum.Print_Lessons"/>
  <testcase name="TCED25109" time="2.459" classname="com.curriculum.Print_Lessons"/>
  <testcase name="TCED25110" time="13.349" classname="com.curriculum.Print_Lessons"/>
  <testcase name="TCED25111" time="13.481" classname="com.curriculum.Print_Lessons"/>
  <testcase name="TCED25112" time="2.987" classname="com.curriculum.Print_Lessons"/>
  <testcase name="TCED25113" time="2.204" classname="com.curriculum.Print_Lessons"/>
  <testcase name="TCED25114" time="2.576" classname="com.curriculum.Print_Lessons"/>
  <testcase name="TCED25115" time="13.549" classname="com.curriculum.Print_Lessons"/>
  <testcase name="TCED25116" time="13.558" classname="com.curriculum.Print_Lessons"/>
  <testcase name="TCED25117" time="3.020" classname="com.curriculum.Print_Lessons"/>
  <testcase name="TCED25118" time="2.202" classname="com.curriculum.Print_Lessons"/>
  <testcase name="TCED25119" time="2.359" classname="com.curriculum.Print_Lessons"/>
  <testcase name="TCED25120" time="13.425" classname="com.curriculum.Print_Lessons"/>
  <testcase name="TCED25121" time="13.948" classname="com.curriculum.Print_Lessons"/>
  <testcase name="TCED25122" time="2.987" classname="com.curriculum.Print_Lessons"/>
  <testcase name="TCED25123" time="1.920" classname="com.curriculum.Print_Lessons"/>
  <testcase name="TCED25124" time="2.156" classname="com.curriculum.Print_Lessons"/>
  <testcase name="TCED25125" time="15.218" classname="com.curriculum.Print_Lessons">
    <failure type="java.lang.AssertionError" message="Failed to download document which has extension .PDF expected [true] but found [false]">
      <![CDATA[java.lang.AssertionError: Failed to download document which has extension .PDF expected [true] but found [false]
at org.testng.Assert.fail(Assert.java:96)
at org.testng.Assert.failNotEquals(Assert.java:776)
at org.testng.Assert.assertTrue(Assert.java:44)
at com.curriculum.Print_Lessons.TCED25125(Print_Lessons.java:757)
at sun.reflect.NativeMethodAccessorImpl.invoke0(Native Method)
at sun.reflect.NativeMethodAccessorImpl.invoke(NativeMethodAccessorImpl.java:62)
at sun.reflect.DelegatingMethodAccessorImpl.invoke(DelegatingMethodAccessorImpl.java:43)
at java.lang.reflect.Method.invoke(Method.java:498)
at org.testng.internal.MethodInvocationHelper.invokeMethod(MethodInvocationHelper.java:124)
at org.testng.internal.Invoker.invokeMethod(Invoker.java:583)
at org.testng.internal.Invoker.invokeTestMethod(Invoker.java:719)
at org.testng.internal.Invoker.invokeTestMethods(Invoker.java:989)
at org.testng.internal.TestMethodWorker.invokeTestMethods(TestMethodWorker.java:125)
at org.testng.internal.TestMethodWorker.run(TestMethodWorker.java:109)
at org.testng.TestRunner.privateRun(TestRunner.java:648)
at org.testng.TestRunner.run(TestRunner.java:505)
at org.testng.SuiteRunner.runTest(SuiteRunner.java:455)
at org.testng.SuiteRunner.runSequentially(SuiteRunner.java:450)
at org.testng.SuiteRunner.privateRun(SuiteRunner.java:415)
at org.testng.SuiteRunner.run(SuiteRunner.java:364)
at org.testng.SuiteRunnerWorker.runSuite(SuiteRunnerWorker.java:52)
at org.testng.SuiteRunnerWorker.run(SuiteRunnerWorker.java:84)
at org.testng.TestNG.runSuitesSequentially(TestNG.java:1208)
at org.testng.TestNG.runSuitesLocally(TestNG.java:1137)
at org.testng.TestNG.runSuites(TestNG.java:1049)
at org.testng.TestNG.run(TestNG.java:1017)
at org.testng.remote.AbstractRemoteTestNG.run(AbstractRemoteTestNG.java:114)
at org.testng.remote.RemoteTestNG.initAndRun(RemoteTestNG.java:251)
at org.testng.remote.RemoteTestNG.main(RemoteTestNG.java:77)
]]>
    </failure>
  </testcase> <!-- TCED25125 -->
  <testcase name="TCED25126" time="14.513" classname="com.curriculum.Print_Lessons">
    <failure type="java.lang.AssertionError" message="Failed to download document which has extension .DOC expected [true] but found [false]">
      <![CDATA[java.lang.AssertionError: Failed to download document which has extension .DOC expected [true] but found [false]
at org.testng.Assert.fail(Assert.java:96)
at org.testng.Assert.failNotEquals(Assert.java:776)
at org.testng.Assert.assertTrue(Assert.java:44)
at com.curriculum.Print_Lessons.TCED25126(Print_Lessons.java:794)
at sun.reflect.NativeMethodAccessorImpl.invoke0(Native Method)
at sun.reflect.NativeMethodAccessorImpl.invoke(NativeMethodAccessorImpl.java:62)
at sun.reflect.DelegatingMethodAccessorImpl.invoke(DelegatingMethodAccessorImpl.java:43)
at java.lang.reflect.Method.invoke(Method.java:498)
at org.testng.internal.MethodInvocationHelper.invokeMethod(MethodInvocationHelper.java:124)
at org.testng.internal.Invoker.invokeMethod(Invoker.java:583)
at org.testng.internal.Invoker.invokeTestMethod(Invoker.java:719)
at org.testng.internal.Invoker.invokeTestMethods(Invoker.java:989)
at org.testng.internal.TestMethodWorker.invokeTestMethods(TestMethodWorker.java:125)
at org.testng.internal.TestMethodWorker.run(TestMethodWorker.java:109)
at org.testng.TestRunner.privateRun(TestRunner.java:648)
at org.testng.TestRunner.run(TestRunner.java:505)
at org.testng.SuiteRunner.runTest(SuiteRunner.java:455)
at org.testng.SuiteRunner.runSequentially(SuiteRunner.java:450)
at org.testng.SuiteRunner.privateRun(SuiteRunner.java:415)
at org.testng.SuiteRunner.run(SuiteRunner.java:364)
at org.testng.SuiteRunnerWorker.runSuite(SuiteRunnerWorker.java:52)
at org.testng.SuiteRunnerWorker.run(SuiteRunnerWorker.java:84)
at org.testng.TestNG.runSuitesSequentially(TestNG.java:1208)
at org.testng.TestNG.runSuitesLocally(TestNG.java:1137)
at org.testng.TestNG.runSuites(TestNG.java:1049)
at org.testng.TestNG.run(TestNG.java:1017)
at org.testng.remote.AbstractRemoteTestNG.run(AbstractRemoteTestNG.java:114)
at org.testng.remote.RemoteTestNG.initAndRun(RemoteTestNG.java:251)
at org.testng.remote.RemoteTestNG.main(RemoteTestNG.java:77)
]]>
    </failure>
  </testcase> <!-- TCED25126 -->
  <testcase name="TCED25127" time="3.853" classname="com.curriculum.Print_Lessons"/>
  <testcase name="TCED27128" time="3.005" classname="com.curriculum.Print_Lessons"/>
</testsuite> <!-- com.curriculum.Print_Lessons -->
