<?xml version="1.0" encoding="UTF-8"?>
<!-- Generated by org.testng.reporters.JUnitReportReporter -->
<testsuite hostname="QA-Scheduler" failures="1" tests="13" name="com.curriculum.Edit_Curriculum" time="159.795" errors="0" timestamp="06 Nov 2018 06:27:44 GMT" skipped="0">
  <testcase classname="com.curriculum.Edit_Curriculum" name="TCED29201" time="7.349"/>
  <testcase classname="com.curriculum.Edit_Curriculum" name="TCED29202" time="0.920"/>
  <testcase classname="com.curriculum.Edit_Curriculum" name="TCED29203" time="12.633"/>
  <testcase classname="com.curriculum.Edit_Curriculum" name="TCED29204" time="13.393"/>
  <testcase classname="com.curriculum.Edit_Curriculum" name="TCED29205" time="15.068"/>
  <testcase classname="com.curriculum.Edit_Curriculum" name="TCED29206" time="23.059"/>
  <testcase classname="com.curriculum.Edit_Curriculum" name="TCED29207" time="23.741"/>
  <testcase classname="com.curriculum.Edit_Curriculum" name="TCED29208" time="9.691"/>
  <testcase classname="com.curriculum.Edit_Curriculum" name="TCED29209" time="9.257"/>
  <testcase classname="com.curriculum.Edit_Curriculum" name="TCED29210" time="9.099"/>
  <testcase classname="com.curriculum.Edit_Curriculum" name="TCED29211" time="1.050"/>
  <testcase classname="com.curriculum.Edit_Curriculum" name="TCED29212" time="5.087"/>
  <testcase classname="com.curriculum.Edit_Curriculum" name="TCED29213" time="29.448">
    <failure message="Could not find any element matching &#039;//*[@id=&#039;table1&#039;]/table/tbody/tr/td[1]/table/tbody/tr[18]/td/a&#039;" type="java.lang.AssertionError">
      <![CDATA[java.lang.AssertionError: Could not find any element matching '//*[@id='table1']/table/tbody/tr/td[1]/table/tbody/tr[18]/td/a'
at Library.BaseClassOne.find(BaseClassOne.java:225)
at Library.BaseClassOne.getText(BaseClassOne.java:395)
at Library.BaseClassOne.getText(BaseClassOne.java:345)
at com.curriculum.Edit_Curriculum.TCED29213(Edit_Curriculum.java:1055)
at java.base/jdk.internal.reflect.NativeMethodAccessorImpl.invoke0(Native Method)
at java.base/jdk.internal.reflect.NativeMethodAccessorImpl.invoke(NativeMethodAccessorImpl.java:62)
at java.base/jdk.internal.reflect.DelegatingMethodAccessorImpl.invoke(DelegatingMethodAccessorImpl.java:43)
at java.base/java.lang.reflect.Method.invoke(Method.java:564)
at org.testng.internal.MethodInvocationHelper.invokeMethod(MethodInvocationHelper.java:124)
at org.testng.internal.Invoker.invokeMethod(Invoker.java:580)
at org.testng.internal.Invoker.invokeTestMethod(Invoker.java:716)
at org.testng.internal.Invoker.invokeTestMethods(Invoker.java:988)
at org.testng.internal.TestMethodWorker.invokeTestMethods(TestMethodWorker.java:125)
at org.testng.internal.TestMethodWorker.run(TestMethodWorker.java:109)
at org.testng.TestRunner.privateRun(TestRunner.java:648)
at org.testng.TestRunner.run(TestRunner.java:505)
at org.testng.SuiteRunner.runTest(SuiteRunner.java:455)
at org.testng.SuiteRunner.runSequentially(SuiteRunner.java:450)
at org.testng.SuiteRunner.privateRun(SuiteRunner.java:415)
at org.testng.SuiteRunner.run(SuiteRunner.java:364)
at org.testng.SuiteRunnerWorker.runSuite(SuiteRunnerWorker.java:52)
at org.testng.SuiteRunnerWorker.run(SuiteRunnerWorker.java:84)
at org.testng.TestNG.runSuitesSequentially(TestNG.java:1208)
at org.testng.TestNG.runSuitesLocally(TestNG.java:1137)
at org.testng.TestNG.runSuites(TestNG.java:1049)
at org.testng.TestNG.run(TestNG.java:1017)
at org.testng.remote.AbstractRemoteTestNG.run(AbstractRemoteTestNG.java:114)
at org.testng.remote.RemoteTestNG.initAndRun(RemoteTestNG.java:251)
at org.testng.remote.RemoteTestNG.main(RemoteTestNG.java:77)
]]>
    </failure>
  </testcase> <!-- TCED29213 -->
</testsuite> <!-- com.curriculum.Edit_Curriculum -->
