<?xml version="1.0" encoding="UTF-8"?>
<!-- Generated by org.testng.reporters.JUnitReportReporter -->
<testsuite skipped="0" hostname="Vofox-Sebastian" name="com.curriculum.Analyze_curriculam" tests="18" failures="2" timestamp="09 Jun 2020 12:35:25 GMT" time="410.452" errors="0">
  <testcase name="TCED29701" time="20.685" classname="com.curriculum.Analyze_curriculam"/>
  <testcase name="TCED29702" time="5.440" classname="com.curriculum.Analyze_curriculam"/>
  <testcase name="TCED29703" time="0.691" classname="com.curriculum.Analyze_curriculam"/>
  <testcase name="TCED29704" time="6.207" classname="com.curriculum.Analyze_curriculam"/>
  <testcase name="TCED29705" time="0.182" classname="com.curriculum.Analyze_curriculam"/>
  <testcase name="TCED29706" time="3.871" classname="com.curriculum.Analyze_curriculam"/>
  <testcase name="TCED29707" time="0.240" classname="com.curriculum.Analyze_curriculam"/>
  <testcase name="TCED29708" time="14.804" classname="com.curriculum.Analyze_curriculam"/>
  <testcase name="TCED29709" time="11.298" classname="com.curriculum.Analyze_curriculam"/>
  <testcase name="TCED29710" time="5.423" classname="com.curriculum.Analyze_curriculam"/>
  <testcase name="TCED29711" time="28.317" classname="com.curriculum.Analyze_curriculam"/>
  <testcase name="TCED29712" time="13.387" classname="com.curriculum.Analyze_curriculam"/>
  <testcase name="TCED29713" time="6.002" classname="com.curriculum.Analyze_curriculam"/>
  <testcase name="TCED29714" time="1.983" classname="com.curriculum.Analyze_curriculam"/>
  <testcase name="TCED29715" time="0.273" classname="com.curriculum.Analyze_curriculam"/>
  <testcase name="TCED29716" time="6.078" classname="com.curriculum.Analyze_curriculam"/>
  <testcase name="TCED29717" time="255.328" classname="com.curriculum.Analyze_curriculam">
    <failure type="java.lang.AssertionError" message="Failed to download document which has extension .PDF expected [true] but found [false]">
      <![CDATA[java.lang.AssertionError: Failed to download document which has extension .PDF expected [true] but found [false]
at org.testng.Assert.fail(Assert.java:96)
at org.testng.Assert.failNotEquals(Assert.java:776)
at org.testng.Assert.assertTrue(Assert.java:44)
at com.curriculum.Analyze_curriculam.TCED29717(Analyze_curriculam.java:660)
at sun.reflect.NativeMethodAccessorImpl.invoke0(Native Method)
at sun.reflect.NativeMethodAccessorImpl.invoke(NativeMethodAccessorImpl.java:62)
at sun.reflect.DelegatingMethodAccessorImpl.invoke(DelegatingMethodAccessorImpl.java:43)
at java.lang.reflect.Method.invoke(Method.java:498)
at org.testng.internal.MethodInvocationHelper.invokeMethod(MethodInvocationHelper.java:124)
at org.testng.internal.Invoker.invokeMethod(Invoker.java:583)
at org.testng.internal.Invoker.invokeTestMethod(Invoker.java:719)
at org.testng.internal.Invoker.invokeTestMethods(Invoker.java:989)
at org.testng.internal.TestMethodWorker.invokeTestMethods(TestMethodWorker.java:125)
at org.testng.internal.TestMethodWorker.run(TestMethodWorker.java:109)
at org.testng.TestRunner.privateRun(TestRunner.java:648)
at org.testng.TestRunner.run(TestRunner.java:505)
at org.testng.SuiteRunner.runTest(SuiteRunner.java:455)
at org.testng.SuiteRunner.runSequentially(SuiteRunner.java:450)
at org.testng.SuiteRunner.privateRun(SuiteRunner.java:415)
at org.testng.SuiteRunner.run(SuiteRunner.java:364)
at org.testng.SuiteRunnerWorker.runSuite(SuiteRunnerWorker.java:52)
at org.testng.SuiteRunnerWorker.run(SuiteRunnerWorker.java:84)
at org.testng.TestNG.runSuitesSequentially(TestNG.java:1208)
at org.testng.TestNG.runSuitesLocally(TestNG.java:1137)
at org.testng.TestNG.runSuites(TestNG.java:1049)
at org.testng.TestNG.run(TestNG.java:1017)
at org.testng.remote.AbstractRemoteTestNG.run(AbstractRemoteTestNG.java:114)
at org.testng.remote.RemoteTestNG.initAndRun(RemoteTestNG.java:251)
at org.testng.remote.RemoteTestNG.main(RemoteTestNG.java:77)
]]>
    </failure>
  </testcase> <!-- TCED29717 -->
  <testcase name="TCED29718" time="30.243" classname="com.curriculum.Analyze_curriculam">
    <failure type="java.lang.AssertionError" message="Timeout during waiting for element: &#039;//*[@id=&#039;ctl00_MainContent_CurriculumReportByStandards1_btnClearPrintList&#039;]&#039;">
      <![CDATA[java.lang.AssertionError: Timeout during waiting for element: '//*[@id='ctl00_MainContent_CurriculumReportByStandards1_btnClearPrintList']'
at Library.BaseClassOne.waitFor(BaseClassOne.java:276)
at Library.BaseClassOne.click(BaseClassOne.java:188)
at com.curriculum.Analyze_curriculam.TCED29718(Analyze_curriculam.java:692)
at sun.reflect.NativeMethodAccessorImpl.invoke0(Native Method)
at sun.reflect.NativeMethodAccessorImpl.invoke(NativeMethodAccessorImpl.java:62)
at sun.reflect.DelegatingMethodAccessorImpl.invoke(DelegatingMethodAccessorImpl.java:43)
at java.lang.reflect.Method.invoke(Method.java:498)
at org.testng.internal.MethodInvocationHelper.invokeMethod(MethodInvocationHelper.java:124)
at org.testng.internal.Invoker.invokeMethod(Invoker.java:583)
at org.testng.internal.Invoker.invokeTestMethod(Invoker.java:719)
at org.testng.internal.Invoker.invokeTestMethods(Invoker.java:989)
at org.testng.internal.TestMethodWorker.invokeTestMethods(TestMethodWorker.java:125)
at org.testng.internal.TestMethodWorker.run(TestMethodWorker.java:109)
at org.testng.TestRunner.privateRun(TestRunner.java:648)
at org.testng.TestRunner.run(TestRunner.java:505)
at org.testng.SuiteRunner.runTest(SuiteRunner.java:455)
at org.testng.SuiteRunner.runSequentially(SuiteRunner.java:450)
at org.testng.SuiteRunner.privateRun(SuiteRunner.java:415)
at org.testng.SuiteRunner.run(SuiteRunner.java:364)
at org.testng.SuiteRunnerWorker.runSuite(SuiteRunnerWorker.java:52)
at org.testng.SuiteRunnerWorker.run(SuiteRunnerWorker.java:84)
at org.testng.TestNG.runSuitesSequentially(TestNG.java:1208)
at org.testng.TestNG.runSuitesLocally(TestNG.java:1137)
at org.testng.TestNG.runSuites(TestNG.java:1049)
at org.testng.TestNG.run(TestNG.java:1017)
at org.testng.remote.AbstractRemoteTestNG.run(AbstractRemoteTestNG.java:114)
at org.testng.remote.RemoteTestNG.initAndRun(RemoteTestNG.java:251)
at org.testng.remote.RemoteTestNG.main(RemoteTestNG.java:77)
]]>
    </failure>
  </testcase> <!-- TCED29718 -->
</testsuite> <!-- com.curriculum.Analyze_curriculam -->
