<?xml version="1.0" encoding="UTF-8"?>
<!-- Generated by org.testng.reporters.JUnitReportReporter -->
<testsuite skipped="0" hostname="Vofox-Sebastian" name="com.curriculum.Create_New_Map" tests="27" failures="1" timestamp="23 Oct 2018 10:17:51 GMT" time="110.401" errors="0">
  <testcase name="TCED29101" time="12.878" classname="com.curriculum.Create_New_Map"/>
  <testcase name="TCED29102" time="0.059" classname="com.curriculum.Create_New_Map"/>
  <testcase name="TCED29103" time="2.058" classname="com.curriculum.Create_New_Map"/>
  <testcase name="TCED29104" time="0.644" classname="com.curriculum.Create_New_Map"/>
  <testcase name="TCED29105" time="2.964" classname="com.curriculum.Create_New_Map"/>
  <testcase name="TCED29106" time="4.158" classname="com.curriculum.Create_New_Map"/>
  <testcase name="TCED29120" time="2.407" classname="com.curriculum.Create_New_Map"/>
  <testcase name="TCED29121" time="0.761" classname="com.curriculum.Create_New_Map"/>
  <testcase name="TCED29122" time="1.773" classname="com.curriculum.Create_New_Map"/>
  <testcase name="TCED29123" time="0.420" classname="com.curriculum.Create_New_Map"/>
  <testcase name="TCED29124" time="0.315" classname="com.curriculum.Create_New_Map"/>
  <testcase name="TCED29125" time="4.464" classname="com.curriculum.Create_New_Map"/>
  <testcase name="TCED29126" time="1.964" classname="com.curriculum.Create_New_Map"/>
  <testcase name="TCED29127" time="1.622" classname="com.curriculum.Create_New_Map"/>
  <testcase name="TCED29128" time="0.218" classname="com.curriculum.Create_New_Map"/>
  <testcase name="TCED29129" time="1.735" classname="com.curriculum.Create_New_Map"/>
  <testcase name="TCED29130" time="3.374" classname="com.curriculum.Create_New_Map"/>
  <testcase name="TCED29137" time="16.746" classname="com.curriculum.Create_New_Map"/>
  <testcase name="TCED29138" time="3.860" classname="com.curriculum.Create_New_Map"/>
  <testcase name="TCED29139" time="3.455" classname="com.curriculum.Create_New_Map"/>
  <testcase name="TCED29140" time="0.361" classname="com.curriculum.Create_New_Map"/>
  <testcase name="TCED29141" time="4.069" classname="com.curriculum.Create_New_Map"/>
  <testcase name="TCED29142" time="2.143" classname="com.curriculum.Create_New_Map"/>
  <testcase name="TCED29143" time="16.594" classname="com.curriculum.Create_New_Map"/>
  <testcase name="TCED29144" time="0.085" classname="com.curriculum.Create_New_Map"/>
  <testcase name="TCED29145" time="1.807" classname="com.curriculum.Create_New_Map"/>
  <testcase name="TCED29146" time="19.467" classname="com.curriculum.Create_New_Map">
    <failure type="java.lang.AssertionError" message="Cannot locate element with text: Test Rubric
For documentation on this error, please visit: http://seleniumhq.org/exceptions/no_such_element.html
Build info: version: &#039;3.11.0&#039;, revision: &#039;e59cfb3&#039;, time: &#039;2018-03-11T20:26:55.152Z&#039;
System info: host: &#039;VOFOX-SEBASTIAN&#039;, ip: &#039;192.168.10.130&#039;, os.name: &#039;Windows 10&#039;, os.arch: &#039;amd64&#039;, os.version: &#039;10.0&#039;, java.version: &#039;1.8.0_111&#039;
Driver info: driver.version: unknown">
      <![CDATA[java.lang.AssertionError: Cannot locate element with text: Test Rubric
For documentation on this error, please visit: http://seleniumhq.org/exceptions/no_such_element.html
Build info: version: '3.11.0', revision: 'e59cfb3', time: '2018-03-11T20:26:55.152Z'
System info: host: 'VOFOX-SEBASTIAN', ip: '192.168.10.130', os.name: 'Windows 10', os.arch: 'amd64', os.version: '10.0', java.version: '1.8.0_111'
Driver info: driver.version: unknown
at org.testng.Assert.fail(Assert.java:96)
at com.curriculum.Create_New_Map.TCED29146(Create_New_Map.java:1443)
at sun.reflect.NativeMethodAccessorImpl.invoke0(Native Method)
at sun.reflect.NativeMethodAccessorImpl.invoke(NativeMethodAccessorImpl.java:62)
at sun.reflect.DelegatingMethodAccessorImpl.invoke(DelegatingMethodAccessorImpl.java:43)
at java.lang.reflect.Method.invoke(Method.java:498)
at org.testng.internal.MethodInvocationHelper.invokeMethod(MethodInvocationHelper.java:124)
at org.testng.internal.Invoker.invokeMethod(Invoker.java:583)
at org.testng.internal.Invoker.invokeTestMethod(Invoker.java:719)
at org.testng.internal.Invoker.invokeTestMethods(Invoker.java:989)
at org.testng.internal.TestMethodWorker.invokeTestMethods(TestMethodWorker.java:125)
at org.testng.internal.TestMethodWorker.run(TestMethodWorker.java:109)
at org.testng.TestRunner.privateRun(TestRunner.java:648)
at org.testng.TestRunner.run(TestRunner.java:505)
at org.testng.SuiteRunner.runTest(SuiteRunner.java:455)
at org.testng.SuiteRunner.runSequentially(SuiteRunner.java:450)
at org.testng.SuiteRunner.privateRun(SuiteRunner.java:415)
at org.testng.SuiteRunner.run(SuiteRunner.java:364)
at org.testng.SuiteRunnerWorker.runSuite(SuiteRunnerWorker.java:52)
at org.testng.SuiteRunnerWorker.run(SuiteRunnerWorker.java:84)
at org.testng.TestNG.runSuitesSequentially(TestNG.java:1208)
at org.testng.TestNG.runSuitesLocally(TestNG.java:1137)
at org.testng.TestNG.runSuites(TestNG.java:1049)
at org.testng.TestNG.run(TestNG.java:1017)
at org.testng.remote.AbstractRemoteTestNG.run(AbstractRemoteTestNG.java:114)
at org.testng.remote.RemoteTestNG.initAndRun(RemoteTestNG.java:251)
at org.testng.remote.RemoteTestNG.main(RemoteTestNG.java:77)
]]>
    </failure>
  </testcase> <!-- TCED29146 -->
</testsuite> <!-- com.curriculum.Create_New_Map -->
