<?xml version="1.0" encoding="UTF-8"?>
<!-- Generated by org.testng.reporters.JUnitReportReporter -->
<testsuite skipped="0" hostname="AKHIL-TS" name="com.Student_Data_Depot.Student_Data_Depot_Configure_Testing_Periods" tests="8" failures="1" timestamp="6 Dec 2018 07:13:16 GMT" time="58.226" errors="0">
  <testcase name="TCED62206" time="2.039" classname="com.Student_Data_Depot.Student_Data_Depot_Configure_Testing_Periods"/>
  <testcase name="TCED62201" time="18.167" classname="com.Student_Data_Depot.Student_Data_Depot_Configure_Testing_Periods"/>
  <testcase name="TCED62205" time="5.795" classname="com.Student_Data_Depot.Student_Data_Depot_Configure_Testing_Periods"/>
  <testcase name="TCED62203" time="1.034" classname="com.Student_Data_Depot.Student_Data_Depot_Configure_Testing_Periods"/>
  <testcase name="TCED62208" time="20.392" classname="com.Student_Data_Depot.Student_Data_Depot_Configure_Testing_Periods">
    <failure type="java.lang.AssertionError" message="Timeout during waiting for element: &#039;//a[contains(text(),&#039;Add new Performance Level&#039;)]&#039;">
      <![CDATA[java.lang.AssertionError: Timeout during waiting for element: '//a[contains(text(),'Add new Performance Level')]'
	at Library.BaseClassOne.waitFor(BaseClassOne.java:278)
	at Library.BaseClassOne.click(BaseClassOne.java:190)
	at com.Student_Data_Depot.Student_Data_Depot_Configure_Testing_Periods.TCED62208(Student_Data_Depot_Configure_Testing_Periods.java:275)
	at sun.reflect.NativeMethodAccessorImpl.invoke0(Native Method)
	at sun.reflect.NativeMethodAccessorImpl.invoke(NativeMethodAccessorImpl.java:62)
	at sun.reflect.DelegatingMethodAccessorImpl.invoke(DelegatingMethodAccessorImpl.java:43)
	at java.lang.reflect.Method.invoke(Method.java:498)
	at org.testng.internal.MethodInvocationHelper.invokeMethod(MethodInvocationHelper.java:100)
	at org.testng.internal.Invoker.invokeMethod(Invoker.java:646)
	at org.testng.internal.Invoker.invokeTestMethod(Invoker.java:811)
	at org.testng.internal.Invoker.invokeTestMethods(Invoker.java:1137)
	at org.testng.internal.TestMethodWorker.invokeTestMethods(TestMethodWorker.java:129)
	at org.testng.internal.TestMethodWorker.run(TestMethodWorker.java:112)
	at org.testng.TestRunner.privateRun(TestRunner.java:753)
	at org.testng.TestRunner.run(TestRunner.java:607)
	at org.testng.SuiteRunner.runTest(SuiteRunner.java:368)
	at org.testng.SuiteRunner.runSequentially(SuiteRunner.java:363)
	at org.testng.SuiteRunner.privateRun(SuiteRunner.java:321)
	at org.testng.SuiteRunner.run(SuiteRunner.java:270)
	at org.testng.SuiteRunnerWorker.runSuite(SuiteRunnerWorker.java:52)
	at org.testng.SuiteRunnerWorker.run(SuiteRunnerWorker.java:86)
	at org.testng.TestNG.runSuitesSequentially(TestNG.java:1284)
	at org.testng.TestNG.runSuitesLocally(TestNG.java:1209)
	at org.testng.TestNG.runSuites(TestNG.java:1124)
	at org.testng.TestNG.run(TestNG.java:1096)
	at org.testng.remote.AbstractRemoteTestNG.run(AbstractRemoteTestNG.java:132)
	at org.testng.remote.RemoteTestNG.initAndRun(RemoteTestNG.java:236)
	at org.testng.remote.RemoteTestNG.main(RemoteTestNG.java:81)
]]>
    </failure>
  </testcase> <!-- TCED62208 -->
  <testcase name="TCED62207" time="10.312" classname="com.Student_Data_Depot.Student_Data_Depot_Configure_Testing_Periods"/>
  <testcase name="TCED62204" time="0.486" classname="com.Student_Data_Depot.Student_Data_Depot_Configure_Testing_Periods"/>
  <testcase name="TCED62202" time="0.001" classname="com.Student_Data_Depot.Student_Data_Depot_Configure_Testing_Periods"/>
</testsuite> <!-- com.Student_Data_Depot.Student_Data_Depot_Configure_Testing_Periods -->
