<?xml version="1.0" encoding="UTF-8"?>
<!-- Generated by org.testng.reporters.JUnitReportReporter -->
<testsuite skipped="10" hostname="Vofox-Sebastian" name="com.localassessment.Score_Class_Results_Online" tests="11" failures="0" timestamp="20 Nov 2018 08:16:40 GMT" time="0.232" errors="1">
  <testcase name="TCED13021" time="0.000" classname="com.localassessment.Score_Class_Results_Online">
    <skipped/>
  </testcase> <!-- TCED13021 -->
  <testcase name="setup1" time="0.232" classname="com.localassessment.Score_Class_Results_Online">
    <error type="java.lang.IllegalStateException" message="The driver executable does not exist: E:\Edinsight\geckodriver.exe">
      <![CDATA[java.lang.IllegalStateException: The driver executable does not exist: E:\Edinsight\geckodriver.exe
at com.google.common.base.Preconditions.checkState(Preconditions.java:585)
at org.openqa.selenium.remote.service.DriverService.checkExecutable(DriverService.java:136)
at org.openqa.selenium.remote.service.DriverService.findExecutable(DriverService.java:131)
at org.openqa.selenium.firefox.GeckoDriverService.access$100(GeckoDriverService.java:41)
at org.openqa.selenium.firefox.GeckoDriverService$Builder.findDefaultExecutable(GeckoDriverService.java:141)
at org.openqa.selenium.remote.service.DriverService$Builder.build(DriverService.java:339)
at org.openqa.selenium.firefox.FirefoxDriver.toExecutor(FirefoxDriver.java:158)
at org.openqa.selenium.firefox.FirefoxDriver.<init>(FirefoxDriver.java:120)
at Library.BaseClassOne.setup1(BaseClassOne.java:121)
at sun.reflect.NativeMethodAccessorImpl.invoke0(Native Method)
at sun.reflect.NativeMethodAccessorImpl.invoke(NativeMethodAccessorImpl.java:62)
at sun.reflect.DelegatingMethodAccessorImpl.invoke(DelegatingMethodAccessorImpl.java:43)
at java.lang.reflect.Method.invoke(Method.java:498)
at org.testng.internal.MethodInvocationHelper.invokeMethod(MethodInvocationHelper.java:124)
at org.testng.internal.MethodInvocationHelper.invokeMethodConsideringTimeout(MethodInvocationHelper.java:59)
at org.testng.internal.Invoker.invokeConfigurationMethod(Invoker.java:458)
at org.testng.internal.Invoker.invokeConfigurations(Invoker.java:222)
at org.testng.internal.Invoker.invokeConfigurations(Invoker.java:142)
at org.testng.TestRunner.beforeRun(TestRunner.java:529)
at org.testng.TestRunner.run(TestRunner.java:497)
at org.testng.SuiteRunner.runTest(SuiteRunner.java:455)
at org.testng.SuiteRunner.runSequentially(SuiteRunner.java:450)
at org.testng.SuiteRunner.privateRun(SuiteRunner.java:415)
at org.testng.SuiteRunner.run(SuiteRunner.java:364)
at org.testng.SuiteRunnerWorker.runSuite(SuiteRunnerWorker.java:52)
at org.testng.SuiteRunnerWorker.run(SuiteRunnerWorker.java:84)
at org.testng.TestNG.runSuitesSequentially(TestNG.java:1208)
at org.testng.TestNG.runSuitesLocally(TestNG.java:1137)
at org.testng.TestNG.runSuites(TestNG.java:1049)
at org.testng.TestNG.run(TestNG.java:1017)
at org.testng.remote.AbstractRemoteTestNG.run(AbstractRemoteTestNG.java:114)
at org.testng.remote.RemoteTestNG.initAndRun(RemoteTestNG.java:251)
at org.testng.remote.RemoteTestNG.main(RemoteTestNG.java:77)
]]>
    </error>
  </testcase> <!-- setup1 -->
  <testcase name="TCED13022" time="0.000" classname="com.localassessment.Score_Class_Results_Online">
    <skipped/>
  </testcase> <!-- TCED13022 -->
  <testcase name="TCED13023" time="0.000" classname="com.localassessment.Score_Class_Results_Online">
    <skipped/>
  </testcase> <!-- TCED13023 -->
  <testcase name="TCED13024" time="0.000" classname="com.localassessment.Score_Class_Results_Online">
    <skipped/>
  </testcase> <!-- TCED13024 -->
  <testcase name="TCED13025" time="0.000" classname="com.localassessment.Score_Class_Results_Online">
    <skipped/>
  </testcase> <!-- TCED13025 -->
  <testcase name="TCED13026" time="0.000" classname="com.localassessment.Score_Class_Results_Online">
    <skipped/>
  </testcase> <!-- TCED13026 -->
  <testcase name="TCED13027" time="0.000" classname="com.localassessment.Score_Class_Results_Online">
    <skipped/>
  </testcase> <!-- TCED13027 -->
  <testcase name="TCED13028" time="0.000" classname="com.localassessment.Score_Class_Results_Online">
    <skipped/>
  </testcase> <!-- TCED13028 -->
  <testcase name="TCED13029" time="0.000" classname="com.localassessment.Score_Class_Results_Online">
    <skipped/>
  </testcase> <!-- TCED13029 -->
  <testcase name="TCED13030" time="0.000" classname="com.localassessment.Score_Class_Results_Online">
    <skipped/>
  </testcase> <!-- TCED13030 -->
</testsuite> <!-- com.localassessment.Score_Class_Results_Online -->
