<?xml version="1.0" encoding="UTF-8"?>
<!-- Generated by org.testng.reporters.JUnitReportReporter -->
<testsuite skipped="0" hostname="Vofox-Sebastian" name="com.Student_Data_Depot.Data_Depot_Enter_Single_Student_Scores" tests="6" failures="2" timestamp="06 Mar 2019 16:00:37 GMT" time="59.289" errors="0">
  <testcase name="TCED62601" time="8.511" classname="com.Student_Data_Depot.Data_Depot_Enter_Single_Student_Scores"/>
  <testcase name="TCED62602" time="0.197" classname="com.Student_Data_Depot.Data_Depot_Enter_Single_Student_Scores"/>
  <testcase name="TCED62603" time="17.279" classname="com.Student_Data_Depot.Data_Depot_Enter_Single_Student_Scores">
    <failure type="java.lang.AssertionError" message="Could not find any element matching &#039;//th[contains(text(),&#039;nbr&#039;)]&#039;">
      <![CDATA[java.lang.AssertionError: Could not find any element matching '//th[contains(text(),'nbr')]'
at Library.BaseClassOne.find(BaseClassOne.java:220)
at Library.BaseClassOne.getText(BaseClassOne.java:390)
at Library.BaseClassOne.getText(BaseClassOne.java:340)
at com.Student_Data_Depot.Data_Depot_Enter_Single_Student_Scores.TCED62603(Data_Depot_Enter_Single_Student_Scores.java:135)
at sun.reflect.NativeMethodAccessorImpl.invoke0(Native Method)
at sun.reflect.NativeMethodAccessorImpl.invoke(Unknown Source)
at sun.reflect.DelegatingMethodAccessorImpl.invoke(Unknown Source)
at java.lang.reflect.Method.invoke(Unknown Source)
at org.testng.internal.MethodInvocationHelper.invokeMethod(MethodInvocationHelper.java:124)
at org.testng.internal.Invoker.invokeMethod(Invoker.java:583)
at org.testng.internal.Invoker.invokeTestMethod(Invoker.java:719)
at org.testng.internal.Invoker.invokeTestMethods(Invoker.java:989)
at org.testng.internal.TestMethodWorker.invokeTestMethods(TestMethodWorker.java:125)
at org.testng.internal.TestMethodWorker.run(TestMethodWorker.java:109)
at org.testng.TestRunner.privateRun(TestRunner.java:648)
at org.testng.TestRunner.run(TestRunner.java:505)
at org.testng.SuiteRunner.runTest(SuiteRunner.java:455)
at org.testng.SuiteRunner.runSequentially(SuiteRunner.java:450)
at org.testng.SuiteRunner.privateRun(SuiteRunner.java:415)
at org.testng.SuiteRunner.run(SuiteRunner.java:364)
at org.testng.SuiteRunnerWorker.runSuite(SuiteRunnerWorker.java:52)
at org.testng.SuiteRunnerWorker.run(SuiteRunnerWorker.java:84)
at org.testng.TestNG.runSuitesSequentially(TestNG.java:1208)
at org.testng.TestNG.runSuitesLocally(TestNG.java:1137)
at org.testng.TestNG.runSuites(TestNG.java:1049)
at org.testng.TestNG.run(TestNG.java:1017)
at org.testng.remote.AbstractRemoteTestNG.run(AbstractRemoteTestNG.java:114)
at org.testng.remote.RemoteTestNG.initAndRun(RemoteTestNG.java:251)
at org.testng.remote.RemoteTestNG.main(RemoteTestNG.java:77)
]]>
    </failure>
  </testcase> <!-- TCED62603 -->
  <testcase name="TCED62604" time="17.086" classname="com.Student_Data_Depot.Data_Depot_Enter_Single_Student_Scores">
    <failure type="java.lang.AssertionError" message="Could not find any element matching &#039;//th[contains(text(),&#039;nbr&#039;)]&#039;">
      <![CDATA[java.lang.AssertionError: Could not find any element matching '//th[contains(text(),'nbr')]'
at Library.BaseClassOne.find(BaseClassOne.java:220)
at Library.BaseClassOne.getText(BaseClassOne.java:390)
at Library.BaseClassOne.getText(BaseClassOne.java:340)
at com.Student_Data_Depot.Data_Depot_Enter_Single_Student_Scores.TCED62604(Data_Depot_Enter_Single_Student_Scores.java:181)
at sun.reflect.NativeMethodAccessorImpl.invoke0(Native Method)
at sun.reflect.NativeMethodAccessorImpl.invoke(Unknown Source)
at sun.reflect.DelegatingMethodAccessorImpl.invoke(Unknown Source)
at java.lang.reflect.Method.invoke(Unknown Source)
at org.testng.internal.MethodInvocationHelper.invokeMethod(MethodInvocationHelper.java:124)
at org.testng.internal.Invoker.invokeMethod(Invoker.java:583)
at org.testng.internal.Invoker.invokeTestMethod(Invoker.java:719)
at org.testng.internal.Invoker.invokeTestMethods(Invoker.java:989)
at org.testng.internal.TestMethodWorker.invokeTestMethods(TestMethodWorker.java:125)
at org.testng.internal.TestMethodWorker.run(TestMethodWorker.java:109)
at org.testng.TestRunner.privateRun(TestRunner.java:648)
at org.testng.TestRunner.run(TestRunner.java:505)
at org.testng.SuiteRunner.runTest(SuiteRunner.java:455)
at org.testng.SuiteRunner.runSequentially(SuiteRunner.java:450)
at org.testng.SuiteRunner.privateRun(SuiteRunner.java:415)
at org.testng.SuiteRunner.run(SuiteRunner.java:364)
at org.testng.SuiteRunnerWorker.runSuite(SuiteRunnerWorker.java:52)
at org.testng.SuiteRunnerWorker.run(SuiteRunnerWorker.java:84)
at org.testng.TestNG.runSuitesSequentially(TestNG.java:1208)
at org.testng.TestNG.runSuitesLocally(TestNG.java:1137)
at org.testng.TestNG.runSuites(TestNG.java:1049)
at org.testng.TestNG.run(TestNG.java:1017)
at org.testng.remote.AbstractRemoteTestNG.run(AbstractRemoteTestNG.java:114)
at org.testng.remote.RemoteTestNG.initAndRun(RemoteTestNG.java:251)
at org.testng.remote.RemoteTestNG.main(RemoteTestNG.java:77)
]]>
    </failure>
  </testcase> <!-- TCED62604 -->
  <testcase name="TCED62605" time="4.500" classname="com.Student_Data_Depot.Data_Depot_Enter_Single_Student_Scores"/>
  <testcase name="TCED62606" time="11.716" classname="com.Student_Data_Depot.Data_Depot_Enter_Single_Student_Scores"/>
</testsuite> <!-- com.Student_Data_Depot.Data_Depot_Enter_Single_Student_Scores -->
