<?xml version="1.0" encoding="UTF-8"?>
<!-- Generated by org.testng.reporters.JUnitReportReporter -->
<testsuite skipped="0" hostname="Vofox-Sebastian" name="com.localassessment.Question_Bank_Apply_Standards" tests="8" failures="1" timestamp="16 Oct 2018 10:19:23 GMT" time="135.356" errors="0">
  <testcase name="TCED16201" time="17.159" classname="com.localassessment.Question_Bank_Apply_Standards"/>
  <testcase name="TCED16202" time="39.307" classname="com.localassessment.Question_Bank_Apply_Standards"/>
  <testcase name="TCED16203" time="0.770" classname="com.localassessment.Question_Bank_Apply_Standards"/>
  <testcase name="TCED16204" time="2.892" classname="com.localassessment.Question_Bank_Apply_Standards"/>
  <testcase name="TCED16205" time="10.845" classname="com.localassessment.Question_Bank_Apply_Standards"/>
  <testcase name="TCED16206" time="11.133" classname="com.localassessment.Question_Bank_Apply_Standards"/>
  <testcase name="TCED16207" time="16.315" classname="com.localassessment.Question_Bank_Apply_Standards"/>
  <testcase name="TCED16208" time="36.935" classname="com.localassessment.Question_Bank_Apply_Standards">
    <failure type="java.lang.AssertionError" message="No frame element found by name or id MassEditStandards
Build info: version: &#039;3.11.0&#039;, revision: &#039;e59cfb3&#039;, time: &#039;2018-03-11T20:26:55.152Z&#039;
System info: host: &#039;VOFOX-SEBASTIAN&#039;, ip: &#039;192.168.10.130&#039;, os.name: &#039;Windows 10&#039;, os.arch: &#039;amd64&#039;, os.version: &#039;10.0&#039;, java.version: &#039;1.8.0_111&#039;
Driver info: driver.version: unknown">
      <![CDATA[java.lang.AssertionError: No frame element found by name or id MassEditStandards
Build info: version: '3.11.0', revision: 'e59cfb3', time: '2018-03-11T20:26:55.152Z'
System info: host: 'VOFOX-SEBASTIAN', ip: '192.168.10.130', os.name: 'Windows 10', os.arch: 'amd64', os.version: '10.0', java.version: '1.8.0_111'
Driver info: driver.version: unknown
at org.testng.Assert.fail(Assert.java:96)
at com.localassessment.Question_Bank_Apply_Standards.TCED16208(Question_Bank_Apply_Standards.java:388)
at sun.reflect.NativeMethodAccessorImpl.invoke0(Native Method)
at sun.reflect.NativeMethodAccessorImpl.invoke(NativeMethodAccessorImpl.java:62)
at sun.reflect.DelegatingMethodAccessorImpl.invoke(DelegatingMethodAccessorImpl.java:43)
at java.lang.reflect.Method.invoke(Method.java:498)
at org.testng.internal.MethodInvocationHelper.invokeMethod(MethodInvocationHelper.java:124)
at org.testng.internal.Invoker.invokeMethod(Invoker.java:583)
at org.testng.internal.Invoker.invokeTestMethod(Invoker.java:719)
at org.testng.internal.Invoker.invokeTestMethods(Invoker.java:989)
at org.testng.internal.TestMethodWorker.invokeTestMethods(TestMethodWorker.java:125)
at org.testng.internal.TestMethodWorker.run(TestMethodWorker.java:109)
at org.testng.TestRunner.privateRun(TestRunner.java:648)
at org.testng.TestRunner.run(TestRunner.java:505)
at org.testng.SuiteRunner.runTest(SuiteRunner.java:455)
at org.testng.SuiteRunner.runSequentially(SuiteRunner.java:450)
at org.testng.SuiteRunner.privateRun(SuiteRunner.java:415)
at org.testng.SuiteRunner.run(SuiteRunner.java:364)
at org.testng.SuiteRunnerWorker.runSuite(SuiteRunnerWorker.java:52)
at org.testng.SuiteRunnerWorker.run(SuiteRunnerWorker.java:84)
at org.testng.TestNG.runSuitesSequentially(TestNG.java:1208)
at org.testng.TestNG.runSuitesLocally(TestNG.java:1137)
at org.testng.TestNG.runSuites(TestNG.java:1049)
at org.testng.TestNG.run(TestNG.java:1017)
at org.testng.remote.AbstractRemoteTestNG.run(AbstractRemoteTestNG.java:114)
at org.testng.remote.RemoteTestNG.initAndRun(RemoteTestNG.java:251)
at org.testng.remote.RemoteTestNG.main(RemoteTestNG.java:77)
]]>
    </failure>
  </testcase> <!-- TCED16208 -->
</testsuite> <!-- com.localassessment.Question_Bank_Apply_Standards -->
