<?xml version="1.0" encoding="UTF-8"?>
<!-- Generated by org.testng.reporters.JUnitXMLReporter -->
<<<<<<< HEAD
<testsuite ignored="0" hostname="QA-Scheduler" failures="0" tests="11" name="Test" time="55.83" errors="0" timestamp="31 Oct 2018 12:43:51 GMT">
  <testcase classname="com.curriculum.Submitted_Lesson_Plans" name="TCED27101" time="7.861"/>
  <testcase classname="com.curriculum.Submitted_Lesson_Plans" name="TCED27102" time="0.952"/>
  <testcase classname="com.curriculum.Submitted_Lesson_Plans" name="TCED27103" time="1.015"/>
  <testcase classname="com.curriculum.Submitted_Lesson_Plans" name="TCED27104" time="12.154"/>
  <testcase classname="com.curriculum.Submitted_Lesson_Plans" name="TCED27105" time="12.43"/>
  <testcase classname="com.curriculum.Submitted_Lesson_Plans" name="TCED27106" time="3.249"/>
  <testcase classname="com.curriculum.Submitted_Lesson_Plans" name="TCED27107" time="3.207"/>
  <testcase classname="com.curriculum.Submitted_Lesson_Plans" name="TCED27108" time="3.087"/>
  <testcase classname="com.curriculum.Submitted_Lesson_Plans" name="TCED27109" time="1.46"/>
  <testcase classname="com.curriculum.Submitted_Lesson_Plans" name="TCED27111" time="3.798"/>
  <testcase classname="com.curriculum.Submitted_Lesson_Plans" name="TCED27112" time="1.217"/>
=======
<testsuite hostname="Vofox-Sebastian" ignored="0" name="Test" tests="11" failures="2" timestamp="31 Oct 2018 12:35:46 GMT" time="117.702" errors="0">
  <testcase name="TCED27101" time="14.249" classname="com.curriculum.Submitted_Lesson_Plans"/>
  <testcase name="TCED27102" time="1.822" classname="com.curriculum.Submitted_Lesson_Plans"/>
  <testcase name="TCED27103" time="1.941" classname="com.curriculum.Submitted_Lesson_Plans"/>
  <testcase name="TCED27104" time="12.782" classname="com.curriculum.Submitted_Lesson_Plans"/>
  <testcase name="TCED27105" time="12.7" classname="com.curriculum.Submitted_Lesson_Plans"/>
  <testcase name="TCED27106" time="21.732" classname="com.curriculum.Submitted_Lesson_Plans">
    <failure type="java.lang.AssertionError" message="Unable to locate element: //span[@class=&amp;apos;bigblackheading&amp;apos;]
For documentation on this error, please visit: http://seleniumhq.org/exceptions/no_such_element.html
Build info: version: &amp;apos;3.11.0&amp;apos;, revision: &amp;apos;e59cfb3&amp;apos;, time: &amp;apos;2018-03-11T20:26:55.152Z&amp;apos;
System info: host: &amp;apos;VOFOX-SEBASTIAN&amp;apos;, ip: &amp;apos;192.168.10.130&amp;apos;, os.name: &amp;apos;Windows 10&amp;apos;, os.arch: &amp;apos;amd64&amp;apos;, os.version: &amp;apos;10.0&amp;apos;, java.version: &amp;apos;1.8.0_111&amp;apos;
Driver info: org.openqa.selenium.firefox.FirefoxDriver
Capabilities {acceptInsecureCerts: true, browserName: firefox, browserVersion: 61.0.1, javascriptEnabled: true, moz:accessibilityChecks: false, moz:headless: false, moz:processID: 16512, moz:profile: C:\Users\sebastian.VOFOX\Ap..., moz:useNonSpecCompliantPointerOrigin: false, moz:webdriverClick: true, pageLoadStrategy: normal, platform: XP, platformName: XP, platformVersion: 10.0, rotatable: false, timeouts: {implicit: 0, pageLoad: 300000, script: 30000}}
Session ID: f78b9ffd-28ab-4c1b-a363-a63b6360da83
*** Element info: {Using=xpath, value=//span[@class=&amp;apos;bigblackheading&amp;apos;]}">
      <![CDATA[java.lang.AssertionError: Unable to locate element: //span[@class='bigblackheading']
For documentation on this error, please visit: http://seleniumhq.org/exceptions/no_such_element.html
Build info: version: '3.11.0', revision: 'e59cfb3', time: '2018-03-11T20:26:55.152Z'
System info: host: 'VOFOX-SEBASTIAN', ip: '192.168.10.130', os.name: 'Windows 10', os.arch: 'amd64', os.version: '10.0', java.version: '1.8.0_111'
Driver info: org.openqa.selenium.firefox.FirefoxDriver
Capabilities {acceptInsecureCerts: true, browserName: firefox, browserVersion: 61.0.1, javascriptEnabled: true, moz:accessibilityChecks: false, moz:headless: false, moz:processID: 16512, moz:profile: C:\Users\sebastian.VOFOX\Ap..., moz:useNonSpecCompliantPointerOrigin: false, moz:webdriverClick: true, pageLoadStrategy: normal, platform: XP, platformName: XP, platformVersion: 10.0, rotatable: false, timeouts: {implicit: 0, pageLoad: 300000, script: 30000}}
Session ID: f78b9ffd-28ab-4c1b-a363-a63b6360da83
*** Element info: {Using=xpath, value=//span[@class='bigblackheading']}
at com.curriculum.Submitted_Lesson_Plans.TCED27106(Submitted_Lesson_Plans.java:203)
... Removed 29 stack frames]]>
    </failure>
  </testcase> <!-- TCED27106 -->
  <testcase name="TCED27107" time="22.334" classname="com.curriculum.Submitted_Lesson_Plans">
    <failure type="java.lang.AssertionError" message="Unable to locate element: //*[@id=&amp;apos;ctl00_tdContentCell&amp;apos;]/table/tbody/tr[3]/td/h3
For documentation on this error, please visit: http://seleniumhq.org/exceptions/no_such_element.html
Build info: version: &amp;apos;3.11.0&amp;apos;, revision: &amp;apos;e59cfb3&amp;apos;, time: &amp;apos;2018-03-11T20:26:55.152Z&amp;apos;
System info: host: &amp;apos;VOFOX-SEBASTIAN&amp;apos;, ip: &amp;apos;192.168.10.130&amp;apos;, os.name: &amp;apos;Windows 10&amp;apos;, os.arch: &amp;apos;amd64&amp;apos;, os.version: &amp;apos;10.0&amp;apos;, java.version: &amp;apos;1.8.0_111&amp;apos;
Driver info: org.openqa.selenium.firefox.FirefoxDriver
Capabilities {acceptInsecureCerts: true, browserName: firefox, browserVersion: 61.0.1, javascriptEnabled: true, moz:accessibilityChecks: false, moz:headless: false, moz:processID: 16512, moz:profile: C:\Users\sebastian.VOFOX\Ap..., moz:useNonSpecCompliantPointerOrigin: false, moz:webdriverClick: true, pageLoadStrategy: normal, platform: XP, platformName: XP, platformVersion: 10.0, rotatable: false, timeouts: {implicit: 0, pageLoad: 300000, script: 30000}}
Session ID: f78b9ffd-28ab-4c1b-a363-a63b6360da83
*** Element info: {Using=xpath, value=//*[@id=&amp;apos;ctl00_tdContentCell&amp;apos;]/table/tbody/tr[3]/td/h3}">
      <![CDATA[java.lang.AssertionError: Unable to locate element: //*[@id='ctl00_tdContentCell']/table/tbody/tr[3]/td/h3
For documentation on this error, please visit: http://seleniumhq.org/exceptions/no_such_element.html
Build info: version: '3.11.0', revision: 'e59cfb3', time: '2018-03-11T20:26:55.152Z'
System info: host: 'VOFOX-SEBASTIAN', ip: '192.168.10.130', os.name: 'Windows 10', os.arch: 'amd64', os.version: '10.0', java.version: '1.8.0_111'
Driver info: org.openqa.selenium.firefox.FirefoxDriver
Capabilities {acceptInsecureCerts: true, browserName: firefox, browserVersion: 61.0.1, javascriptEnabled: true, moz:accessibilityChecks: false, moz:headless: false, moz:processID: 16512, moz:profile: C:\Users\sebastian.VOFOX\Ap..., moz:useNonSpecCompliantPointerOrigin: false, moz:webdriverClick: true, pageLoadStrategy: normal, platform: XP, platformName: XP, platformVersion: 10.0, rotatable: false, timeouts: {implicit: 0, pageLoad: 300000, script: 30000}}
Session ID: f78b9ffd-28ab-4c1b-a363-a63b6360da83
*** Element info: {Using=xpath, value=//*[@id='ctl00_tdContentCell']/table/tbody/tr[3]/td/h3}
at com.curriculum.Submitted_Lesson_Plans.TCED27107(Submitted_Lesson_Plans.java:233)
... Removed 29 stack frames]]>
    </failure>
  </testcase> <!-- TCED27107 -->
  <testcase name="TCED27108" time="13.064" classname="com.curriculum.Submitted_Lesson_Plans"/>
  <testcase name="TCED27109" time="2.119" classname="com.curriculum.Submitted_Lesson_Plans"/>
  <testcase name="TCED27111" time="5.25" classname="com.curriculum.Submitted_Lesson_Plans"/>
  <testcase name="TCED27112" time="2.095" classname="com.curriculum.Submitted_Lesson_Plans"/>
>>>>>>> 843e4f0764a67c2d23102d183f8c51790065e09a
</testsuite> <!-- Test -->
