<html>
<head>
<title>TestNG:  Test</title>
<link href="../testng.css" rel="stylesheet" type="text/css" />
<link href="../my-testng.css" rel="stylesheet" type="text/css" />

<style type="text/css">
.log { display: none;} 
.stack-trace { display: none;} 
</style>
<script type="text/javascript">
<!--
function flip(e) {
  current = e.style.display;
  if (current == 'block') {
    e.style.display = 'none';
    return 0;
  }
  else {
    e.style.display = 'block';
    return 1;
  }
}

function toggleBox(szDivId, elem, msg1, msg2)
{
  var res = -1;  if (document.getElementById) {
    res = flip(document.getElementById(szDivId));
  }
  else if (document.all) {
    // this is the way old msie versions work
    res = flip(document.all[szDivId]);
  }
  if(elem) {
    if(res == 0) elem.innerHTML = msg1; else elem.innerHTML = msg2;
  }

}

function toggleAllBoxes() {
  if (document.getElementsByTagName) {
    d = document.getElementsByTagName('div');
    for (i = 0; i < d.length; i++) {
      if (d[i].className == 'log') {
        flip(d[i]);
      }
    }
  }
}

// -->
</script>

</head>
<body>
<h2 align='center'>Test</h2><table border='1' align="center">
<tr>
<td>Tests passed/Failed/Skipped:</td><td>9/2/0</td>
</tr><tr>
<td>Started on:</td><td>Wed Oct 31 18:03:48 IST 2018</td>
</tr>
<tr><td>Total time:</td><td>117 seconds (117702 ms)</td>
</tr><tr>
<td>Included groups:</td><td></td>
</tr><tr>
<td>Excluded groups:</td><td></td>
</tr>
</table><p/>
<small><i>(Hover the method name to see the test class name)</i></small><p/>
<table width='100%' border='1' class='invocation-failed'>
<tr><td colspan='4' align='center'><b>FAILED TESTS</b></td></tr>
<tr><td><b>Test method</b></td>
<td width="30%"><b>Exception</b></td>
<td width="10%"><b>Time (seconds)</b></td>
<td><b>Instance</b></td>
</tr>
<tr>
<td title='com.curriculum.Submitted_Lesson_Plans.TCED27106()'><b>TCED27106</b><br>Test class: com.curriculum.Submitted_Lesson_Plans</td>
<td><div><pre>java.lang.AssertionError: Unable to locate element: //span[@class=&apos;bigblackheading&apos;]
For documentation on this error, please visit: http://seleniumhq.org/exceptions/no_such_element.html
Build info: version: &apos;3.11.0&apos;, revision: &apos;e59cfb3&apos;, time: &apos;2018-03-11T20:26:55.152Z&apos;
System info: host: &apos;VOFOX-SEBASTIAN&apos;, ip: &apos;192.168.10.130&apos;, os.name: &apos;Windows 10&apos;, os.arch: &apos;amd64&apos;, os.version: &apos;10.0&apos;, java.version: &apos;1.8.0_111&apos;
Driver info: org.openqa.selenium.firefox.FirefoxDriver
Capabilities {acceptInsecureCerts: true, browserName: firefox, browserVersion: 61.0.1, javascriptEnabled: true, moz:accessibilityChecks: false, moz:headless: false, moz:processID: 16512, moz:profile: C:\Users\sebastian.VOFOX\Ap..., moz:useNonSpecCompliantPointerOrigin: false, moz:webdriverClick: true, pageLoadStrategy: normal, platform: XP, platformName: XP, platformVersion: 10.0, rotatable: false, timeouts: {implicit: 0, pageLoad: 300000, script: 30000}}
Session ID: f78b9ffd-28ab-4c1b-a363-a63b6360da83
*** Element info: {Using=xpath, value=//span[@class=&apos;bigblackheading&apos;]}
	at com.curriculum.Submitted_Lesson_Plans.TCED27106(Submitted_Lesson_Plans.java:203)
... Removed 29 stack frames</pre></div><a href='#' onClick='toggleBox("stack-trace600958416", this, "Click to show all stack frames", "Click to hide stack frames")'>Click to show all stack frames</a>
<div class='stack-trace' id='stack-trace600958416'><pre>java.lang.AssertionError: Unable to locate element: //span[@class=&apos;bigblackheading&apos;]
For documentation on this error, please visit: http://seleniumhq.org/exceptions/no_such_element.html
Build info: version: &apos;3.11.0&apos;, revision: &apos;e59cfb3&apos;, time: &apos;2018-03-11T20:26:55.152Z&apos;
System info: host: &apos;VOFOX-SEBASTIAN&apos;, ip: &apos;192.168.10.130&apos;, os.name: &apos;Windows 10&apos;, os.arch: &apos;amd64&apos;, os.version: &apos;10.0&apos;, java.version: &apos;1.8.0_111&apos;
Driver info: org.openqa.selenium.firefox.FirefoxDriver
Capabilities {acceptInsecureCerts: true, browserName: firefox, browserVersion: 61.0.1, javascriptEnabled: true, moz:accessibilityChecks: false, moz:headless: false, moz:processID: 16512, moz:profile: C:\Users\sebastian.VOFOX\Ap..., moz:useNonSpecCompliantPointerOrigin: false, moz:webdriverClick: true, pageLoadStrategy: normal, platform: XP, platformName: XP, platformVersion: 10.0, rotatable: false, timeouts: {implicit: 0, pageLoad: 300000, script: 30000}}
Session ID: f78b9ffd-28ab-4c1b-a363-a63b6360da83
*** Element info: {Using=xpath, value=//span[@class=&apos;bigblackheading&apos;]}
	at org.testng.Assert.fail(Assert.java:96)
	at com.curriculum.Submitted_Lesson_Plans.TCED27106(Submitted_Lesson_Plans.java:203)
	at sun.reflect.NativeMethodAccessorImpl.invoke0(Native Method)
	at sun.reflect.NativeMethodAccessorImpl.invoke(NativeMethodAccessorImpl.java:62)
	at sun.reflect.DelegatingMethodAccessorImpl.invoke(DelegatingMethodAccessorImpl.java:43)
	at java.lang.reflect.Method.invoke(Method.java:498)
	at org.testng.internal.MethodInvocationHelper.invokeMethod(MethodInvocationHelper.java:124)
	at org.testng.internal.Invoker.invokeMethod(Invoker.java:580)
	at org.testng.internal.Invoker.invokeTestMethod(Invoker.java:716)
	at org.testng.internal.Invoker.invokeTestMethods(Invoker.java:988)
	at org.testng.internal.TestMethodWorker.invokeTestMethods(TestMethodWorker.java:125)
	at org.testng.internal.TestMethodWorker.run(TestMethodWorker.java:109)
	at org.testng.TestRunner.privateRun(TestRunner.java:648)
	at org.testng.TestRunner.run(TestRunner.java:505)
	at org.testng.SuiteRunner.runTest(SuiteRunner.java:455)
	at org.testng.SuiteRunner.runSequentially(SuiteRunner.java:450)
	at org.testng.SuiteRunner.privateRun(SuiteRunner.java:415)
	at org.testng.SuiteRunner.run(SuiteRunner.java:364)
	at org.testng.SuiteRunnerWorker.runSuite(SuiteRunnerWorker.java:52)
	at org.testng.SuiteRunnerWorker.run(SuiteRunnerWorker.java:84)
	at org.testng.TestNG.runSuitesSequentially(TestNG.java:1208)
	at org.testng.TestNG.runSuitesLocally(TestNG.java:1137)
	at org.testng.TestNG.runSuites(TestNG.java:1049)
	at org.testng.TestNG.run(TestNG.java:1017)
	at org.apache.maven.surefire.testng.TestNGExecutor.run(TestNGExecutor.java:295)
	at org.apache.maven.surefire.testng.TestNGXmlTestSuite.execute(TestNGXmlTestSuite.java:84)
	at org.apache.maven.surefire.testng.TestNGProvider.invoke(TestNGProvider.java:90)
	at org.apache.maven.surefire.booter.ForkedBooter.invokeProviderInSameClassLoader(ForkedBooter.java:203)
	at org.apache.maven.surefire.booter.ForkedBooter.runSuitesInProcess(ForkedBooter.java:155)
	at org.apache.maven.surefire.booter.ForkedBooter.main(ForkedBooter.java:103)
</pre></div></td>
<td>21</td>
<td>com.curriculum.Submitted_Lesson_Plans@46daef40</td></tr>
<tr>
<td title='com.curriculum.Submitted_Lesson_Plans.TCED27107()'><b>TCED27107</b><br>Test class: com.curriculum.Submitted_Lesson_Plans</td>
<td><div><pre>java.lang.AssertionError: Unable to locate element: //*[@id=&apos;ctl00_tdContentCell&apos;]/table/tbody/tr[3]/td/h3
For documentation on this error, please visit: http://seleniumhq.org/exceptions/no_such_element.html
Build info: version: &apos;3.11.0&apos;, revision: &apos;e59cfb3&apos;, time: &apos;2018-03-11T20:26:55.152Z&apos;
System info: host: &apos;VOFOX-SEBASTIAN&apos;, ip: &apos;192.168.10.130&apos;, os.name: &apos;Windows 10&apos;, os.arch: &apos;amd64&apos;, os.version: &apos;10.0&apos;, java.version: &apos;1.8.0_111&apos;
Driver info: org.openqa.selenium.firefox.FirefoxDriver
Capabilities {acceptInsecureCerts: true, browserName: firefox, browserVersion: 61.0.1, javascriptEnabled: true, moz:accessibilityChecks: false, moz:headless: false, moz:processID: 16512, moz:profile: C:\Users\sebastian.VOFOX\Ap..., moz:useNonSpecCompliantPointerOrigin: false, moz:webdriverClick: true, pageLoadStrategy: normal, platform: XP, platformName: XP, platformVersion: 10.0, rotatable: false, timeouts: {implicit: 0, pageLoad: 300000, script: 30000}}
Session ID: f78b9ffd-28ab-4c1b-a363-a63b6360da83
*** Element info: {Using=xpath, value=//*[@id=&apos;ctl00_tdContentCell&apos;]/table/tbody/tr[3]/td/h3}
	at com.curriculum.Submitted_Lesson_Plans.TCED27107(Submitted_Lesson_Plans.java:233)
... Removed 29 stack frames</pre></div><a href='#' onClick='toggleBox("stack-trace882646447", this, "Click to show all stack frames", "Click to hide stack frames")'>Click to show all stack frames</a>
<div class='stack-trace' id='stack-trace882646447'><pre>java.lang.AssertionError: Unable to locate element: //*[@id=&apos;ctl00_tdContentCell&apos;]/table/tbody/tr[3]/td/h3
For documentation on this error, please visit: http://seleniumhq.org/exceptions/no_such_element.html
Build info: version: &apos;3.11.0&apos;, revision: &apos;e59cfb3&apos;, time: &apos;2018-03-11T20:26:55.152Z&apos;
System info: host: &apos;VOFOX-SEBASTIAN&apos;, ip: &apos;192.168.10.130&apos;, os.name: &apos;Windows 10&apos;, os.arch: &apos;amd64&apos;, os.version: &apos;10.0&apos;, java.version: &apos;1.8.0_111&apos;
Driver info: org.openqa.selenium.firefox.FirefoxDriver
Capabilities {acceptInsecureCerts: true, browserName: firefox, browserVersion: 61.0.1, javascriptEnabled: true, moz:accessibilityChecks: false, moz:headless: false, moz:processID: 16512, moz:profile: C:\Users\sebastian.VOFOX\Ap..., moz:useNonSpecCompliantPointerOrigin: false, moz:webdriverClick: true, pageLoadStrategy: normal, platform: XP, platformName: XP, platformVersion: 10.0, rotatable: false, timeouts: {implicit: 0, pageLoad: 300000, script: 30000}}
Session ID: f78b9ffd-28ab-4c1b-a363-a63b6360da83
*** Element info: {Using=xpath, value=//*[@id=&apos;ctl00_tdContentCell&apos;]/table/tbody/tr[3]/td/h3}
	at org.testng.Assert.fail(Assert.java:96)
	at com.curriculum.Submitted_Lesson_Plans.TCED27107(Submitted_Lesson_Plans.java:233)
	at sun.reflect.NativeMethodAccessorImpl.invoke0(Native Method)
	at sun.reflect.NativeMethodAccessorImpl.invoke(NativeMethodAccessorImpl.java:62)
	at sun.reflect.DelegatingMethodAccessorImpl.invoke(DelegatingMethodAccessorImpl.java:43)
	at java.lang.reflect.Method.invoke(Method.java:498)
	at org.testng.internal.MethodInvocationHelper.invokeMethod(MethodInvocationHelper.java:124)
	at org.testng.internal.Invoker.invokeMethod(Invoker.java:580)
	at org.testng.internal.Invoker.invokeTestMethod(Invoker.java:716)
	at org.testng.internal.Invoker.invokeTestMethods(Invoker.java:988)
	at org.testng.internal.TestMethodWorker.invokeTestMethods(TestMethodWorker.java:125)
	at org.testng.internal.TestMethodWorker.run(TestMethodWorker.java:109)
	at org.testng.TestRunner.privateRun(TestRunner.java:648)
	at org.testng.TestRunner.run(TestRunner.java:505)
	at org.testng.SuiteRunner.runTest(SuiteRunner.java:455)
	at org.testng.SuiteRunner.runSequentially(SuiteRunner.java:450)
	at org.testng.SuiteRunner.privateRun(SuiteRunner.java:415)
	at org.testng.SuiteRunner.run(SuiteRunner.java:364)
	at org.testng.SuiteRunnerWorker.runSuite(SuiteRunnerWorker.java:52)
	at org.testng.SuiteRunnerWorker.run(SuiteRunnerWorker.java:84)
	at org.testng.TestNG.runSuitesSequentially(TestNG.java:1208)
	at org.testng.TestNG.runSuitesLocally(TestNG.java:1137)
	at org.testng.TestNG.runSuites(TestNG.java:1049)
	at org.testng.TestNG.run(TestNG.java:1017)
	at org.apache.maven.surefire.testng.TestNGExecutor.run(TestNGExecutor.java:295)
	at org.apache.maven.surefire.testng.TestNGXmlTestSuite.execute(TestNGXmlTestSuite.java:84)
	at org.apache.maven.surefire.testng.TestNGProvider.invoke(TestNGProvider.java:90)
	at org.apache.maven.surefire.booter.ForkedBooter.invokeProviderInSameClassLoader(ForkedBooter.java:203)
	at org.apache.maven.surefire.booter.ForkedBooter.runSuitesInProcess(ForkedBooter.java:155)
	at org.apache.maven.surefire.booter.ForkedBooter.main(ForkedBooter.java:103)
</pre></div></td>
<td>22</td>
<td>com.curriculum.Submitted_Lesson_Plans@46daef40</td></tr>
</table><p>
<table width='100%' border='1' class='invocation-passed'>
<tr><td colspan='4' align='center'><b>PASSED TESTS</b></td></tr>
<tr><td><b>Test method</b></td>
<td width="30%"><b>Exception</b></td>
<td width="10%"><b>Time (seconds)</b></td>
<td><b>Instance</b></td>
</tr>
<tr>
<td title='com.curriculum.Submitted_Lesson_Plans.TCED27101()'><b>TCED27101</b><br>Test class: com.curriculum.Submitted_Lesson_Plans</td>
<td></td>
<td>14</td>
<td>com.curriculum.Submitted_Lesson_Plans@46daef40</td></tr>
<tr>
<td title='com.curriculum.Submitted_Lesson_Plans.TCED27102()'><b>TCED27102</b><br>Test class: com.curriculum.Submitted_Lesson_Plans</td>
<td></td>
<td>1</td>
<td>com.curriculum.Submitted_Lesson_Plans@46daef40</td></tr>
<tr>
<td title='com.curriculum.Submitted_Lesson_Plans.TCED27103()'><b>TCED27103</b><br>Test class: com.curriculum.Submitted_Lesson_Plans</td>
<td></td>
<td>1</td>
<td>com.curriculum.Submitted_Lesson_Plans@46daef40</td></tr>
<tr>
<td title='com.curriculum.Submitted_Lesson_Plans.TCED27104()'><b>TCED27104</b><br>Test class: com.curriculum.Submitted_Lesson_Plans</td>
<td></td>
<td>12</td>
<td>com.curriculum.Submitted_Lesson_Plans@46daef40</td></tr>
<tr>
<td title='com.curriculum.Submitted_Lesson_Plans.TCED27105()'><b>TCED27105</b><br>Test class: com.curriculum.Submitted_Lesson_Plans</td>
<td></td>
<td>12</td>
<td>com.curriculum.Submitted_Lesson_Plans@46daef40</td></tr>
<tr>
<td title='com.curriculum.Submitted_Lesson_Plans.TCED27108()'><b>TCED27108</b><br>Test class: com.curriculum.Submitted_Lesson_Plans</td>
<td></td>
<td>13</td>
<td>com.curriculum.Submitted_Lesson_Plans@46daef40</td></tr>
<tr>
<td title='com.curriculum.Submitted_Lesson_Plans.TCED27109()'><b>TCED27109</b><br>Test class: com.curriculum.Submitted_Lesson_Plans</td>
<td></td>
<td>2</td>
<td>com.curriculum.Submitted_Lesson_Plans@46daef40</td></tr>
<tr>
<td title='com.curriculum.Submitted_Lesson_Plans.TCED27111()'><b>TCED27111</b><br>Test class: com.curriculum.Submitted_Lesson_Plans</td>
<td></td>
<td>5</td>
<td>com.curriculum.Submitted_Lesson_Plans@46daef40</td></tr>
<tr>
<td title='com.curriculum.Submitted_Lesson_Plans.TCED27112()'><b>TCED27112</b><br>Test class: com.curriculum.Submitted_Lesson_Plans</td>
<td></td>
<td>2</td>
<td>com.curriculum.Submitted_Lesson_Plans@46daef40</td></tr>
</table><p>
</body>
</html>