<?xml version="1.0" encoding="UTF-8"?>
<!-- Generated by org.testng.reporters.JUnitReportReporter -->
<testsuite skipped="0" hostname="QA-Scheduler" name="com.curriculum.Print_Lessons" tests="28" failures="2" timestamp="05 Nov 2018 13:04:28 GMT" time="150.905" errors="0">
  <testcase name="TCED25101" time="8.970" classname="com.curriculum.Print_Lessons"/>
  <testcase name="TCED25102" time="1.317" classname="com.curriculum.Print_Lessons"/>
  <testcase name="TCED25103" time="1.225" classname="com.curriculum.Print_Lessons"/>
  <testcase name="TCED25104" time="12.562" classname="com.curriculum.Print_Lessons"/>
  <testcase name="TCED25105" time="12.773" classname="com.curriculum.Print_Lessons"/>
  <testcase name="TCED25106" time="2.038" classname="com.curriculum.Print_Lessons"/>
  <testcase name="TCED25107" time="1.905" classname="com.curriculum.Print_Lessons"/>
  <testcase name="TCED25108" time="1.198" classname="com.curriculum.Print_Lessons"/>
  <testcase name="TCED25109" time="1.225" classname="com.curriculum.Print_Lessons"/>
  <testcase name="TCED25110" time="12.319" classname="com.curriculum.Print_Lessons"/>
  <testcase name="TCED25111" time="12.741" classname="com.curriculum.Print_Lessons"/>
  <testcase name="TCED25112" time="2.357" classname="com.curriculum.Print_Lessons"/>
  <testcase name="TCED25113" time="1.167" classname="com.curriculum.Print_Lessons"/>
  <testcase name="TCED25114" time="1.297" classname="com.curriculum.Print_Lessons"/>
  <testcase name="TCED25115" time="12.424" classname="com.curriculum.Print_Lessons"/>
  <testcase name="TCED25116" time="12.711" classname="com.curriculum.Print_Lessons"/>
  <testcase name="TCED25117" time="2.206" classname="com.curriculum.Print_Lessons"/>
  <testcase name="TCED25118" time="1.195" classname="com.curriculum.Print_Lessons"/>
  <testcase name="TCED25119" time="1.316" classname="com.curriculum.Print_Lessons"/>
  <testcase name="TCED25120" time="12.430" classname="com.curriculum.Print_Lessons"/>
  <testcase name="TCED25121" time="12.555" classname="com.curriculum.Print_Lessons"/>
  <testcase name="TCED25122" time="2.005" classname="com.curriculum.Print_Lessons"/>
  <testcase name="TCED25123" time="1.238" classname="com.curriculum.Print_Lessons"/>
  <testcase name="TCED25124" time="1.166" classname="com.curriculum.Print_Lessons"/>
  <testcase name="TCED25125" time="7.743" classname="com.curriculum.Print_Lessons">
    <failure type="java.lang.AssertionError" message="Failed to download document which has extension .PDF expected [true] but found [false]">
      <![CDATA[java.lang.AssertionError: Failed to download document which has extension .PDF expected [true] but found [false]
at org.testng.Assert.fail(Assert.java:96)
at org.testng.Assert.failNotEquals(Assert.java:776)
at org.testng.Assert.assertTrue(Assert.java:44)
at com.curriculum.Print_Lessons.TCED25125(Print_Lessons.java:757)
at sun.reflect.NativeMethodAccessorImpl.invoke0(Native Method)
at sun.reflect.NativeMethodAccessorImpl.invoke(NativeMethodAccessorImpl.java:62)
at sun.reflect.DelegatingMethodAccessorImpl.invoke(DelegatingMethodAccessorImpl.java:43)
at java.lang.reflect.Method.invoke(Method.java:498)
at org.testng.internal.MethodInvocationHelper.invokeMethod(MethodInvocationHelper.java:124)
at org.testng.internal.Invoker.invokeMethod(Invoker.java:580)
at org.testng.internal.Invoker.invokeTestMethod(Invoker.java:716)
at org.testng.internal.Invoker.invokeTestMethods(Invoker.java:988)
at org.testng.internal.TestMethodWorker.invokeTestMethods(TestMethodWorker.java:125)
at org.testng.internal.TestMethodWorker.run(TestMethodWorker.java:109)
at org.testng.TestRunner.privateRun(TestRunner.java:648)
at org.testng.TestRunner.run(TestRunner.java:505)
at org.testng.SuiteRunner.runTest(SuiteRunner.java:455)
at org.testng.SuiteRunner.runSequentially(SuiteRunner.java:450)
at org.testng.SuiteRunner.privateRun(SuiteRunner.java:415)
at org.testng.SuiteRunner.run(SuiteRunner.java:364)
at org.testng.SuiteRunnerWorker.runSuite(SuiteRunnerWorker.java:52)
at org.testng.SuiteRunnerWorker.run(SuiteRunnerWorker.java:84)
at org.testng.TestNG.runSuitesSequentially(TestNG.java:1208)
at org.testng.TestNG.runSuitesLocally(TestNG.java:1137)
at org.testng.TestNG.runSuites(TestNG.java:1049)
at org.testng.TestNG.run(TestNG.java:1017)
at org.apache.maven.surefire.testng.TestNGExecutor.run(TestNGExecutor.java:295)
at org.apache.maven.surefire.testng.TestNGXmlTestSuite.execute(TestNGXmlTestSuite.java:84)
at org.apache.maven.surefire.testng.TestNGProvider.invoke(TestNGProvider.java:90)
at org.apache.maven.surefire.booter.ForkedBooter.invokeProviderInSameClassLoader(ForkedBooter.java:203)
at org.apache.maven.surefire.booter.ForkedBooter.runSuitesInProcess(ForkedBooter.java:155)
at org.apache.maven.surefire.booter.ForkedBooter.main(ForkedBooter.java:103)
]]>
    </failure>
  </testcase> <!-- TCED25125 -->
  <testcase name="TCED25126" time="7.613" classname="com.curriculum.Print_Lessons">
    <failure type="java.lang.AssertionError" message="Failed to download document which has extension .DOC expected [true] but found [false]">
      <![CDATA[java.lang.AssertionError: Failed to download document which has extension .DOC expected [true] but found [false]
at org.testng.Assert.fail(Assert.java:96)
at org.testng.Assert.failNotEquals(Assert.java:776)
at org.testng.Assert.assertTrue(Assert.java:44)
at com.curriculum.Print_Lessons.TCED25126(Print_Lessons.java:794)
at sun.reflect.NativeMethodAccessorImpl.invoke0(Native Method)
at sun.reflect.NativeMethodAccessorImpl.invoke(NativeMethodAccessorImpl.java:62)
at sun.reflect.DelegatingMethodAccessorImpl.invoke(DelegatingMethodAccessorImpl.java:43)
at java.lang.reflect.Method.invoke(Method.java:498)
at org.testng.internal.MethodInvocationHelper.invokeMethod(MethodInvocationHelper.java:124)
at org.testng.internal.Invoker.invokeMethod(Invoker.java:580)
at org.testng.internal.Invoker.invokeTestMethod(Invoker.java:716)
at org.testng.internal.Invoker.invokeTestMethods(Invoker.java:988)
at org.testng.internal.TestMethodWorker.invokeTestMethods(TestMethodWorker.java:125)
at org.testng.internal.TestMethodWorker.run(TestMethodWorker.java:109)
at org.testng.TestRunner.privateRun(TestRunner.java:648)
at org.testng.TestRunner.run(TestRunner.java:505)
at org.testng.SuiteRunner.runTest(SuiteRunner.java:455)
at org.testng.SuiteRunner.runSequentially(SuiteRunner.java:450)
at org.testng.SuiteRunner.privateRun(SuiteRunner.java:415)
at org.testng.SuiteRunner.run(SuiteRunner.java:364)
at org.testng.SuiteRunnerWorker.runSuite(SuiteRunnerWorker.java:52)
at org.testng.SuiteRunnerWorker.run(SuiteRunnerWorker.java:84)
at org.testng.TestNG.runSuitesSequentially(TestNG.java:1208)
at org.testng.TestNG.runSuitesLocally(TestNG.java:1137)
at org.testng.TestNG.runSuites(TestNG.java:1049)
at org.testng.TestNG.run(TestNG.java:1017)
at org.apache.maven.surefire.testng.TestNGExecutor.run(TestNGExecutor.java:295)
at org.apache.maven.surefire.testng.TestNGXmlTestSuite.execute(TestNGXmlTestSuite.java:84)
at org.apache.maven.surefire.testng.TestNGProvider.invoke(TestNGProvider.java:90)
at org.apache.maven.surefire.booter.ForkedBooter.invokeProviderInSameClassLoader(ForkedBooter.java:203)
at org.apache.maven.surefire.booter.ForkedBooter.runSuitesInProcess(ForkedBooter.java:155)
at org.apache.maven.surefire.booter.ForkedBooter.main(ForkedBooter.java:103)
]]>
    </failure>
  </testcase> <!-- TCED25126 -->
  <testcase name="TCED25127" time="2.082" classname="com.curriculum.Print_Lessons"/>
  <testcase name="TCED27128" time="1.127" classname="com.curriculum.Print_Lessons"/>
</testsuite> <!-- com.curriculum.Print_Lessons -->
