<?xml version="1.0" encoding="UTF-8"?>
<!-- Generated by org.testng.reporters.JUnitXMLReporter -->
<testsuite hostname="Vofox-Sebastian" ignored="0" name="Test" tests="3" failures="1" timestamp="31 Oct 2018 12:59:49 GMT" time="45.403" errors="0">
  <testcase name="TCED22706" time="21.179" classname="com.MTSS.TierHistoryReport"/>
  <testcase name="TCED22707" time="9.321" classname="com.MTSS.TierHistoryReport"/>
  <testcase name="TCED22711" time="4.55" classname="com.MTSS.TierHistoryReport">
    <failure type="java.lang.AssertionError" message="Failed to download document which has extension .PDF expected [true] but found [false]">
      <![CDATA[java.lang.AssertionError: Failed to download document which has extension .PDF expected [true] but found [false]
at com.MTSS.TierHistoryReport.TCED22711(TierHistoryReport.java:89)
... Removed 31 stack frames]]>
    </failure>
  </testcase> <!-- TCED22711 -->
</testsuite> <!-- Test -->
