<?xml version="1.0" encoding="UTF-8"?>
<!-- Generated by org.testng.reporters.JUnitXMLReporter -->
<testsuite hostname="Vofox-Sebastian" ignored="0" name="Test" tests="8" failures="0" timestamp="31 Oct 2018 12:56:24 GMT" time="13.961" errors="0">
  <testcase name="@BeforeTest setup1" time="13.961" classname="Library.BaseClassOne">
    <failure type="org.openqa.selenium.WebDriverException" message="Failed to decode response from marionette
Build info: version: &amp;apos;3.11.0&amp;apos;, revision: &amp;apos;e59cfb3&amp;apos;, time: &amp;apos;2018-03-11T20:26:55.152Z&amp;apos;
System info: host: &amp;apos;VOFOX-SEBASTIAN&amp;apos;, ip: &amp;apos;192.168.10.130&amp;apos;, os.name: &amp;apos;Windows 10&amp;apos;, os.arch: &amp;apos;amd64&amp;apos;, os.version: &amp;apos;10.0&amp;apos;, java.version: &amp;apos;1.8.0_111&amp;apos;
Driver info: driver.version: FirefoxDriver
remote stacktrace: ">
      <![CDATA[org.openqa.selenium.WebDriverException: Failed to decode response from marionette
Build info: version: '3.11.0', revision: 'e59cfb3', time: '2018-03-11T20:26:55.152Z'
System info: host: 'VOFOX-SEBASTIAN', ip: '192.168.10.130', os.name: 'Windows 10', os.arch: 'amd64', os.version: '10.0', java.version: '1.8.0_111'
Driver info: driver.version: FirefoxDriver
remote stacktrace: 
at org.openqa.selenium.remote.W3CHandshakeResponse.lambda$new$0(W3CHandshakeResponse.java:57)
at org.openqa.selenium.remote.W3CHandshakeResponse.lambda$getResponseFunction$2(W3CHandshakeResponse.java:104)
at org.openqa.selenium.remote.ProtocolHandshake.lambda$createSession$0(ProtocolHandshake.java:123)
at java.util.stream.ReferencePipeline$3$1.accept(ReferencePipeline.java:193)
at java.util.Spliterators$ArraySpliterator.tryAdvance(Spliterators.java:958)
at java.util.stream.ReferencePipeline.forEachWithCancel(ReferencePipeline.java:126)
at java.util.stream.AbstractPipeline.copyIntoWithCancel(AbstractPipeline.java:498)
at java.util.stream.AbstractPipeline.copyInto(AbstractPipeline.java:485)
at java.util.stream.AbstractPipeline.wrapAndCopyInto(AbstractPipeline.java:471)
at java.util.stream.FindOps$FindOp.evaluateSequential(FindOps.java:152)
at java.util.stream.AbstractPipeline.evaluate(AbstractPipeline.java:234)
at java.util.stream.ReferencePipeline.findFirst(ReferencePipeline.java:464)
at org.openqa.selenium.remote.ProtocolHandshake.createSession(ProtocolHandshake.java:126)
at org.openqa.selenium.remote.ProtocolHandshake.createSession(ProtocolHandshake.java:73)
at org.openqa.selenium.remote.HttpCommandExecutor.execute(HttpCommandExecutor.java:136)
at org.openqa.selenium.remote.service.DriverCommandExecutor.execute(DriverCommandExecutor.java:83)
at org.openqa.selenium.remote.RemoteWebDriver.execute(RemoteWebDriver.java:545)
at org.openqa.selenium.remote.RemoteWebDriver.startSession(RemoteWebDriver.java:209)
at org.openqa.selenium.remote.RemoteWebDriver.<init>(RemoteWebDriver.java:132)
at org.openqa.selenium.firefox.FirefoxDriver.<init>(FirefoxDriver.java:120)
at Library.BaseClassOne.setup1(BaseClassOne.java:116)
... Removed 30 stack frames]]>
    </failure>
  </testcase> <!-- @BeforeTest setup1 -->
  <testcase name="@AfterTest tearDown" time="0.0" classname="Library.BaseClassOne">
    <skipped/>
  </testcase> <!-- @AfterTest tearDown -->
  <testcase name="TCED14121" time="0.0" classname="com.analyzeByScore.Local_Assessment_Item_Analysisby_Student">
    <skipped/>
  </testcase> <!-- TCED14121 -->
  <testcase name="TCED14122" time="0.0" classname="com.analyzeByScore.Local_Assessment_Item_Analysisby_Student">
    <skipped/>
  </testcase> <!-- TCED14122 -->
  <testcase name="TCED14123" time="0.0" classname="com.analyzeByScore.Local_Assessment_Item_Analysisby_Student">
    <skipped/>
  </testcase> <!-- TCED14123 -->
  <testcase name="TCED14124" time="0.0" classname="com.analyzeByScore.Local_Assessment_Item_Analysisby_Student">
    <skipped/>
  </testcase> <!-- TCED14124 -->
  <testcase name="TCED14125" time="0.0" classname="com.analyzeByScore.Local_Assessment_Item_Analysisby_Student">
    <skipped/>
  </testcase> <!-- TCED14125 -->
  <testcase name="TCED14126" time="0.0" classname="com.analyzeByScore.Local_Assessment_Item_Analysisby_Student">
    <skipped/>
  </testcase> <!-- TCED14126 -->
  <testcase name="TCED14127" time="0.0" classname="com.analyzeByScore.Local_Assessment_Item_Analysisby_Student">
    <skipped/>
  </testcase> <!-- TCED14127 -->
  <testcase name="TCED14128" time="0.0" classname="com.analyzeByScore.Local_Assessment_Item_Analysisby_Student">
    <skipped/>
  </testcase> <!-- TCED14128 -->
</testsuite> <!-- Test -->
