<?xml version="1.0" encoding="UTF-8"?>
<!-- Generated by org.testng.reporters.JUnitXMLReporter -->
<testsuite ignored="0" hostname="QA-Scheduler" failures="8" tests="8" name="Test" time="206.26" errors="0" timestamp="31 Oct 2018 13:02:53 GMT">
  <testcase classname="com.Home.Attendance" name="TCED34301" time="24.54">
    <failure type="java.lang.AssertionError" message="Could not find any element matching &amp;apos;//*[@id=&amp;apos;ctl00_tdContentCell&amp;apos;]/table/tbody/tr[3]/td/div[1]/div[2]&amp;apos;">
      <![CDATA[java.lang.AssertionError: Could not find any element matching '//*[@id='ctl00_tdContentCell']/table/tbody/tr[3]/td/div[1]/div[2]'
at Library.BaseClassOne.find(BaseClassOne.java:221)
at Library.BaseClassOne.getText(BaseClassOne.java:391)
at Library.BaseClassOne.getText(BaseClassOne.java:341)
at com.Home.Attendance.TCED34301(Attendance.java:56)
... Removed 28 stack frames]]>
    </failure>
  </testcase> <!-- TCED34301 -->
  <testcase classname="com.Home.Attendance" name="TCED34302" time="15.026">
    <failure type="java.lang.AssertionError" message="Could not find any element matching &amp;apos;//*[@id=&amp;apos;ctl00_tdContentCell&amp;apos;]/table/tbody/tr[3]/td/div[1]/div[3]/table/tbody/tr[1]/td[1]/table[1]/tbody/tr/td&amp;apos;">
      <![CDATA[java.lang.AssertionError: Could not find any element matching '//*[@id='ctl00_tdContentCell']/table/tbody/tr[3]/td/div[1]/div[3]/table/tbody/tr[1]/td[1]/table[1]/tbody/tr/td'
at Library.BaseClassOne.find(BaseClassOne.java:221)
at Library.BaseClassOne.getText(BaseClassOne.java:391)
at Library.BaseClassOne.getText(BaseClassOne.java:341)
at com.Home.Attendance.TCED34302(Attendance.java:73)
... Removed 28 stack frames]]>
    </failure>
  </testcase> <!-- TCED34302 -->
  <testcase classname="com.Home.Attendance" name="TCED34303" time="16.479">
    <failure type="java.lang.AssertionError" message="Unable to locate element: //*[@id=&amp;apos;shcAttendanceHistory2017Toggle&amp;apos;]/a[1]
For documentation on this error, please visit: http://seleniumhq.org/exceptions/no_such_element.html
Build info: version: &amp;apos;3.11.0&amp;apos;, revision: &amp;apos;e59cfb3&amp;apos;, time: &amp;apos;2018-03-11T20:26:55.152Z&amp;apos;
System info: host: &amp;apos;QA-SCHEDULER&amp;apos;, ip: &amp;apos;192.168.10.111&amp;apos;, os.name: &amp;apos;Windows 10&amp;apos;, os.arch: &amp;apos;amd64&amp;apos;, os.version: &amp;apos;10.0&amp;apos;, java.version: &amp;apos;10.0.2&amp;apos;
Driver info: org.openqa.selenium.firefox.FirefoxDriver
Capabilities {acceptInsecureCerts: true, browserName: firefox, browserVersion: 62.0, javascriptEnabled: true, moz:accessibilityChecks: false, moz:headless: false, moz:processID: 23516, moz:profile: C:\Users\Developer\AppData\..., moz:useNonSpecCompliantPointerOrigin: false, moz:webdriverClick: true, pageLoadStrategy: normal, platform: XP, platformName: XP, platformVersion: 10.0, rotatable: false, timeouts: {implicit: 0, pageLoad: 300000, script: 30000}}
Session ID: faf7401d-9b57-41f9-9029-46e0800c540b
*** Element info: {Using=xpath, value=//*[@id=&amp;apos;shcAttendanceHistory2017Toggle&amp;apos;]/a[1]}">
      <![CDATA[java.lang.AssertionError: Unable to locate element: //*[@id='shcAttendanceHistory2017Toggle']/a[1]
For documentation on this error, please visit: http://seleniumhq.org/exceptions/no_such_element.html
Build info: version: '3.11.0', revision: 'e59cfb3', time: '2018-03-11T20:26:55.152Z'
System info: host: 'QA-SCHEDULER', ip: '192.168.10.111', os.name: 'Windows 10', os.arch: 'amd64', os.version: '10.0', java.version: '10.0.2'
Driver info: org.openqa.selenium.firefox.FirefoxDriver
Capabilities {acceptInsecureCerts: true, browserName: firefox, browserVersion: 62.0, javascriptEnabled: true, moz:accessibilityChecks: false, moz:headless: false, moz:processID: 23516, moz:profile: C:\Users\Developer\AppData\..., moz:useNonSpecCompliantPointerOrigin: false, moz:webdriverClick: true, pageLoadStrategy: normal, platform: XP, platformName: XP, platformVersion: 10.0, rotatable: false, timeouts: {implicit: 0, pageLoad: 300000, script: 30000}}
Session ID: faf7401d-9b57-41f9-9029-46e0800c540b
*** Element info: {Using=xpath, value=//*[@id='shcAttendanceHistory2017Toggle']/a[1]}
at com.Home.Attendance.TCED34303(Attendance.java:162)
... Removed 29 stack frames]]>
    </failure>
  </testcase> <!-- TCED34303 -->
  <testcase classname="com.Home.Attendance" name="TCED34304" time="15.028">
    <failure type="java.lang.AssertionError" message="Could not find any element matching &amp;apos;//*[@id=&amp;apos;ctl00_MainContent_StudentDisplayAttendance1_shcAttendanceHistory2017_ctl00_rdgStudentScores_ctl00&amp;apos;]/thead/tr[1]/th[1]/a&amp;apos;">
      <![CDATA[java.lang.AssertionError: Could not find any element matching '//*[@id='ctl00_MainContent_StudentDisplayAttendance1_shcAttendanceHistory2017_ctl00_rdgStudentScores_ctl00']/thead/tr[1]/th[1]/a'
at Library.BaseClassOne.find(BaseClassOne.java:221)
at Library.BaseClassOne.getText(BaseClassOne.java:391)
at Library.BaseClassOne.getText(BaseClassOne.java:341)
at com.Home.Attendance.TCED34304(Attendance.java:176)
... Removed 28 stack frames]]>
    </failure>
  </testcase> <!-- TCED34304 -->
  <testcase classname="com.Home.Attendance" name="TCED34305" time="33.295">
    <failure type="java.lang.AssertionError" message="Timeout during waiting for element: &amp;apos;//*[@id=&amp;apos;shcAttendanceHistory2016Toggle&amp;apos;]/a[1]&amp;apos;">
      <![CDATA[java.lang.AssertionError: Timeout during waiting for element: '//*[@id='shcAttendanceHistory2016Toggle']/a[1]'
at Library.BaseClassOne.waitFor(BaseClassOne.java:273)
at Library.BaseClassOne.click(BaseClassOne.java:185)
at com.Home.Attendance.TCED34305(Attendance.java:218)
... Removed 28 stack frames]]>
    </failure>
  </testcase> <!-- TCED34305 -->
  <testcase classname="com.Home.Attendance" name="TCED34306" time="33.223">
    <failure type="java.lang.AssertionError" message="Timeout during waiting for element: &amp;apos;//*[@id=&amp;apos;shcAttendanceHistory2015Toggle&amp;apos;]/a[1]&amp;apos;">
      <![CDATA[java.lang.AssertionError: Timeout during waiting for element: '//*[@id='shcAttendanceHistory2015Toggle']/a[1]'
at Library.BaseClassOne.waitFor(BaseClassOne.java:273)
at Library.BaseClassOne.click(BaseClassOne.java:185)
at com.Home.Attendance.TCED34306(Attendance.java:268)
... Removed 28 stack frames]]>
    </failure>
  </testcase> <!-- TCED34306 -->
  <testcase classname="com.Home.Attendance" name="TCED34307" time="31.186">
    <failure type="java.lang.AssertionError" message="Timeout during waiting for element: &amp;apos;//*[@id=&amp;apos;LinkHideTruancyAlerts&amp;apos;]&amp;apos;">
      <![CDATA[java.lang.AssertionError: Timeout during waiting for element: '//*[@id='LinkHideTruancyAlerts']'
at Library.BaseClassOne.waitFor(BaseClassOne.java:273)
at Library.BaseClassOne.click(BaseClassOne.java:185)
at com.Home.Attendance.TCED34307(Attendance.java:314)
... Removed 28 stack frames]]>
    </failure>
  </testcase> <!-- TCED34307 -->
  <testcase classname="com.Home.Attendance" name="TCED34308" time="31.617">
    <failure type="java.lang.AssertionError" message="Timeout during waiting for element: &amp;apos;//*[@id=&amp;apos;ctl00_MainContent_btnPrintToPDF&amp;apos;]&amp;apos;">
      <![CDATA[java.lang.AssertionError: Timeout during waiting for element: '//*[@id='ctl00_MainContent_btnPrintToPDF']'
at Library.BaseClassOne.waitFor(BaseClassOne.java:273)
at Library.BaseClassOne.click(BaseClassOne.java:185)
at com.Home.Attendance.TCED34308(Attendance.java:340)
... Removed 28 stack frames]]>
    </failure>
  </testcase> <!-- TCED34308 -->
</testsuite> <!-- Test -->
